
> @matchday/shared-types@0.1.0 dev /Users/lukini/MatchDay/packages/shared-types
> tsc --watch

[2J[3J[H[[90m11:51:18 AM[0m] Starting compilation in watch mode...

[96msrc/index.ts[0m:[93m2[0m:[93m15[0m - [91merror[0m[90m TS2307: [0mCannot find module './auth' or its corresponding type declarations.

[7m2[0m export * from './auth';
[7m [0m [91m              ~~~~~~~~[0m

[96msrc/index.ts[0m:[93m3[0m:[93m15[0m - [91merror[0m[90m TS2307: [0mCannot find module './league' or its corresponding type declarations.

[7m3[0m export * from './league';
[7m [0m [91m              ~~~~~~~~~~[0m

[96msrc/index.ts[0m:[93m4[0m:[93m15[0m - [91merror[0m[90m TS2307: [0mCannot find module './match' or its corresponding type declarations.

[7m4[0m export * from './match';
[7m [0m [91m              ~~~~~~~~~[0m

[96msrc/index.ts[0m:[93m5[0m:[93m15[0m - [91merror[0m[90m TS2307: [0mCannot find module './player' or its corresponding type declarations.

[7m5[0m export * from './player';
[7m [0m [91m              ~~~~~~~~~~[0m

[96msrc/index.ts[0m:[93m6[0m:[93m15[0m - [91merror[0m[90m TS2307: [0mCannot find module './common' or its corresponding type declarations.

[7m6[0m export * from './common';
[7m [0m [91m              ~~~~~~~~~~[0m

[[90m11:51:19 AM[0m] Found 5 errors. Watching for file changes.

