
> @matchday/shared-utils@0.1.0 dev /Users/lukini/MatchDay/packages/shared-utils
> tsc --watch

[2J[3J[H[[90m11:51:18 AM[0m] Starting compilation in watch mode...

[96msrc/index.ts[0m:[93m2[0m:[93m15[0m - [91merror[0m[90m TS2307: [0mCannot find module './date' or its corresponding type declarations.

[7m2[0m export * from './date';
[7m [0m [91m              ~~~~~~~~[0m

[96msrc/index.ts[0m:[93m3[0m:[93m15[0m - [91merror[0m[90m TS2307: [0mCannot find module './formatting' or its corresponding type declarations.

[7m3[0m export * from './formatting';
[7m [0m [91m              ~~~~~~~~~~~~~~[0m

[96msrc/index.ts[0m:[93m4[0m:[93m15[0m - [91merror[0m[90m TS2307: [0mCannot find module './validation' or its corresponding type declarations.

[7m4[0m export * from './validation';
[7m [0m [91m              ~~~~~~~~~~~~~~[0m

[96msrc/index.ts[0m:[93m5[0m:[93m15[0m - [91merror[0m[90m TS2307: [0mCannot find module './constants' or its corresponding type declarations.

[7m5[0m export * from './constants';
[7m [0m [91m              ~~~~~~~~~~~~~[0m

[[90m11:51:19 AM[0m] Found 4 errors. Watching for file changes.

