
> @matchday/web-admin@0.1.0 type-check /Users/lukini/MatchDay/apps/web-admin
> tsc --noEmit

src/app/api/admin/seasons/[seasonId]/requests/[requestId]/route.ts(14,9): error TS2769: No overload matches this call.
  Overload 1 of 2, '(supabaseUrl: string, supabaseKey: string, options: SupabaseClientOptions<"public"> & { cookieOptions?: CookieOptionsWithName | undefined; cookies: CookieMethodsServerDeprecated; cookieEncoding?: "raw" | ... 1 more ... | undefined; }): SupabaseClient<...>', gave the following error.
    Type '() => Promise<ReadonlyRequestCookies>' is not assignable to type 'CookieMethodsServerDeprecated'.
  Overload 2 of 2, '(supabaseUrl: string, supabaseKey: string, options: SupabaseClientOptions<"public"> & { cookieOptions?: CookieOptionsWithName | undefined; cookies: CookieMethodsServer; cookieEncoding?: "raw" | ... 1 more ... | undefined; }): SupabaseClient<...>', gave the following error.
    Type '() => Promise<ReadonlyRequestCookies>' is not assignable to type 'CookieMethodsServer'.
src/app/api/admin/seasons/[seasonId]/requests/route.ts(14,9): error TS2769: No overload matches this call.
  Overload 1 of 2, '(supabaseUrl: string, supabaseKey: string, options: SupabaseClientOptions<"public"> & { cookieOptions?: CookieOptionsWithName | undefined; cookies: CookieMethodsServerDeprecated; cookieEncoding?: "raw" | ... 1 more ... | undefined; }): SupabaseClient<...>', gave the following error.
    Type '() => Promise<ReadonlyRequestCookies>' is not assignable to type 'CookieMethodsServerDeprecated'.
  Overload 2 of 2, '(supabaseUrl: string, supabaseKey: string, options: SupabaseClientOptions<"public"> & { cookieOptions?: CookieOptionsWithName | undefined; cookies: CookieMethodsServer; cookieEncoding?: "raw" | ... 1 more ... | undefined; }): SupabaseClient<...>', gave the following error.
    Type '() => Promise<ReadonlyRequestCookies>' is not assignable to type 'CookieMethodsServer'.
src/app/api/league-requests/route.ts(50,21): error TS2345: Argument of type 'string' is not assignable to parameter of type '("status" extends keyof (Omit<Database, "__InternalSupabase">[("public" extends Exclude<keyof Database, "__InternalSupabase"> ? "public" : string & Exclude<...>) extends "public" ? "public" & ("public" extends Exclude<...> ? "public" : string & Exclude<...>) : "public"] extends GenericSchema ? Omit<...>[("public" ex...'.
src/app/api/league-requests/route.ts(67,7): error TS2698: Spread types may only be created from object types.
src/app/api/leagues/[leagueId]/matches/route.ts(80,34): error TS2345: Argument of type 'string' is not assignable to parameter of type 'ResolveFilterRelationshipValue<Omit<Database, "__InternalSupabase">[("public" extends Exclude<keyof Database, "__InternalSupabase"> ? "public" : string & Exclude<keyof Database, "__InternalSupabase">) extends "public" ? "public" & ("public" extends Exclude<...> ? "public" : string & Exclude<...>) : "public"] extends...'.
src/app/api/leagues/[leagueId]/matches/route.ts(84,39): error TS2345: Argument of type 'string' is not assignable to parameter of type '("season_id" extends keyof (Omit<Database, "__InternalSupabase">[("public" extends Exclude<keyof Database, "__InternalSupabase"> ? "public" : string & Exclude<...>) extends "public" ? "public" & ("public" extends Exclude<...> ? "public" : string & Exclude<...>) : "public"] extends GenericSchema ? Omit<...>[("public"...'.
src/app/api/leagues/[leagueId]/route.ts(49,30): error TS2345: Argument of type 'string' is not assignable to parameter of type '("id" extends keyof (Omit<Database, "__InternalSupabase">[("public" extends Exclude<keyof Database, "__InternalSupabase"> ? "public" : string & Exclude<...>) extends "public" ? "public" & ("public" extends Exclude<...> ? "public" : string & Exclude<...>) : "public"] extends GenericSchema ? Omit<...>[("public" extend...'.
src/app/api/leagues/[leagueId]/route.ts(74,31): error TS2339: Property 'id' does not exist on type 'SelectQueryError<"Invalid Relationships cannot infer result type"> | SelectQueryError<"Processing node failed."> | SelectQueryError<"Could not retrieve a valid record or error value">'.
  Property 'id' does not exist on type 'SelectQueryError<"Invalid Relationships cannot infer result type">'.
src/app/api/leagues/[leagueId]/route.ts(75,25): error TS2345: Argument of type 'boolean' is not assignable to parameter of type '("is_current" extends keyof (Omit<Database, "__InternalSupabase">[("public" extends Exclude<keyof Database, "__InternalSupabase"> ? "public" : string & Exclude<...>) extends "public" ? "public" & ("public" extends Exclude<...> ? "public" : string & Exclude<...>) : "public"] extends GenericSchema ? Omit<...>[("public...'.
src/app/api/leagues/[leagueId]/route.ts(78,9): error TS7034: Variable 'teams' implicitly has type 'any[]' in some locations where its type cannot be determined.
src/app/api/leagues/[leagueId]/route.ts(101,40): error TS2339: Property 'id' does not exist on type 'SelectQueryError<"Processing node failed."> | SelectQueryError<"Could not retrieve a valid record or error value"> | { id: any; }'.
  Property 'id' does not exist on type 'SelectQueryError<"Processing node failed.">'.
src/app/api/leagues/[leagueId]/route.ts(102,24): error TS2322: Type 'string' is not assignable to type '("status" extends keyof (Omit<Database, "__InternalSupabase">[("public" extends Exclude<keyof Database, "__InternalSupabase"> ? "public" : string & Exclude<...>) extends "public" ? "public" & ("public" extends Exclude<...> ? "public" : string & Exclude<...>) : "public"] extends GenericSchema ? Omit<...>[("public" ex...'.
src/app/api/leagues/[leagueId]/route.ts(102,38): error TS2322: Type 'string' is not assignable to type '("status" extends keyof (Omit<Database, "__InternalSupabase">[("public" extends Exclude<keyof Database, "__InternalSupabase"> ? "public" : string & Exclude<...>) extends "public" ? "public" & ("public" extends Exclude<...> ? "public" : string & Exclude<...>) : "public"] extends GenericSchema ? Omit<...>[("public" ex...'.
src/app/api/leagues/[leagueId]/route.ts(105,42): error TS2339: Property 'team' does not exist on type 'SelectQueryError<"Processing node failed."> | SelectQueryError<"Could not retrieve a valid record or error value"> | { team: { id: any; ... 4 more ...; team_members: { ...; }[]; }[]; } | { [K in keyof (FindDuplicatesWithinDeduplicated<...> extends infer Duplicates ? Duplicates extends never ? false : Duplicates exte...'.
  Property 'team' does not exist on type 'SelectQueryError<"Processing node failed.">'.
src/app/api/leagues/[leagueId]/route.ts(113,25): error TS7005: Variable 'teams' implicitly has an 'any[]' type.
src/app/api/leagues/[leagueId]/route.ts(114,55): error TS7006: Parameter 'member' implicitly has an 'any' type.
src/app/api/leagues/[leagueId]/route.ts(119,28): error TS7005: Variable 'teams' implicitly has an 'any[]' type.
src/app/api/leagues/[leagueId]/route.ts(120,55): error TS7006: Parameter 'member' implicitly has an 'any' type.
src/app/api/leagues/[leagueId]/route.ts(126,28): error TS7005: Variable 'teams' implicitly has an 'any[]' type.
src/app/api/leagues/[leagueId]/route.ts(128,49): error TS7006: Parameter 'member' implicitly has an 'any' type.
src/app/api/leagues/[leagueId]/route.ts(129,42): error TS7006: Parameter 'member' implicitly has an 'any' type.
src/app/api/leagues/[leagueId]/route.ts(129,74): error TS7006: Parameter 'member' implicitly has an 'any' type.
src/app/api/leagues/[leagueId]/route.ts(144,7): error TS2698: Spread types may only be created from object types.
src/app/api/leagues/[leagueId]/route.ts(150,43): error TS2339: Property 'max_teams' does not exist on type 'SelectQueryError<"Invalid Relationships cannot infer result type"> | SelectQueryError<"Processing node failed."> | SelectQueryError<"Could not retrieve a valid record or error value">'.
  Property 'max_teams' does not exist on type 'SelectQueryError<"Invalid Relationships cannot infer result type">'.
src/app/api/leagues/[leagueId]/route.ts(217,37): error TS2339: Property 'id' does not exist on type 'SelectQueryError<"Invalid Relationships cannot infer result type"> | SelectQueryError<"Processing node failed."> | SelectQueryError<"Could not retrieve a valid record or error value"> | { ...; }'.
  Property 'id' does not exist on type 'SelectQueryError<"Invalid Relationships cannot infer result type">'.
src/app/api/leagues/[leagueId]/route.ts(240,15): error TS2345: Argument of type 'Record<string, string | number | boolean | Date>' is not assignable to parameter of type '(Omit<Database, "__InternalSupabase">[("public" extends Exclude<keyof Database, "__InternalSupabase"> ? "public" : string & Exclude<keyof Database, "__InternalSupabase">) extends "public" ? "public" & ("public" extends Exclude<...> ? "public" : string & Exclude<...>) : "public"] extends GenericSchema ? Omit<...>[("p...'.
src/app/api/leagues/[leagueId]/route.ts(241,17): error TS2345: Argument of type 'string' is not assignable to parameter of type '("id" extends keyof (Omit<Database, "__InternalSupabase">[("public" extends Exclude<keyof Database, "__InternalSupabase"> ? "public" : string & Exclude<...>) extends "public" ? "public" & ("public" extends Exclude<...> ? "public" : string & Exclude<...>) : "public"] extends GenericSchema ? Omit<...>[("public" extend...'.
src/app/api/leagues/[leagueId]/route.ts(305,37): error TS2339: Property 'id' does not exist on type 'SelectQueryError<"Invalid Relationships cannot infer result type"> | SelectQueryError<"Processing node failed."> | SelectQueryError<"Could not retrieve a valid record or error value"> | { ...; }'.
  Property 'id' does not exist on type 'SelectQueryError<"Invalid Relationships cannot infer result type">'.
src/app/api/leagues/[leagueId]/route.ts(313,24): error TS2345: Argument of type 'string' is not assignable to parameter of type '("league_id" extends keyof (Omit<Database, "__InternalSupabase">[("public" extends Exclude<keyof Database, "__InternalSupabase"> ? "public" : string & Exclude<...>) extends "public" ? "public" & ("public" extends Exclude<...> ? "public" : string & Exclude<...>) : "public"] extends GenericSchema ? Omit<...>[("public"...'.
src/app/api/leagues/[leagueId]/route.ts(316,44): error TS2339: Property 'id' does not exist on type 'SelectQueryError<"Processing node failed."> | SelectQueryError<"Could not retrieve a valid record or error value"> | { id: any; }'.
  Property 'id' does not exist on type 'SelectQueryError<"Processing node failed.">'.
src/app/api/leagues/[leagueId]/route.ts(321,24): error TS2322: Type 'string' is not assignable to type '("status" extends keyof (Omit<Database, "__InternalSupabase">[("public" extends Exclude<keyof Database, "__InternalSupabase"> ? "public" : string & Exclude<...>) extends "public" ? "public" & ("public" extends Exclude<...> ? "public" : string & Exclude<...>) : "public"] extends GenericSchema ? Omit<...>[("public" ex...'.
src/app/api/leagues/[leagueId]/route.ts(321,38): error TS2322: Type 'string' is not assignable to type '("status" extends keyof (Omit<Database, "__InternalSupabase">[("public" extends Exclude<keyof Database, "__InternalSupabase"> ? "public" : string & Exclude<...>) extends "public" ? "public" & ("public" extends Exclude<...> ? "public" : string & Exclude<...>) : "public"] extends GenericSchema ? Omit<...>[("public" ex...'.
src/app/api/leagues/[leagueId]/route.ts(343,17): error TS2345: Argument of type 'string' is not assignable to parameter of type '("id" extends keyof (Omit<Database, "__InternalSupabase">[("public" extends Exclude<keyof Database, "__InternalSupabase"> ? "public" : string & Exclude<...>) extends "public" ? "public" & ("public" extends Exclude<...> ? "public" : string & Exclude<...>) : "public"] extends GenericSchema ? Omit<...>[("public" extend...'.
src/app/api/leagues/[leagueId]/teams/route.ts(47,24): error TS2345: Argument of type 'string' is not assignable to parameter of type '("league_id" extends keyof (Omit<Database, "__InternalSupabase">[("public" extends Exclude<keyof Database, "__InternalSupabase"> ? "public" : string & Exclude<...>) extends "public" ? "public" & ("public" extends Exclude<...> ? "public" : string & Exclude<...>) : "public"] extends GenericSchema ? Omit<...>[("public"...'.
src/app/api/leagues/[leagueId]/teams/route.ts(48,25): error TS2345: Argument of type 'boolean' is not assignable to parameter of type '("is_current" extends keyof (Omit<Database, "__InternalSupabase">[("public" extends Exclude<keyof Database, "__InternalSupabase"> ? "public" : string & Exclude<...>) extends "public" ? "public" & ("public" extends Exclude<...> ? "public" : string & Exclude<...>) : "public"] extends GenericSchema ? Omit<...>[("public...'.
src/app/api/leagues/[leagueId]/teams/route.ts(82,40): error TS2339: Property 'id' does not exist on type 'SelectQueryError<"Processing node failed."> | SelectQueryError<"Could not retrieve a valid record or error value"> | { id: any; }'.
  Property 'id' does not exist on type 'SelectQueryError<"Processing node failed.">'.
src/app/api/leagues/[leagueId]/teams/route.ts(83,24): error TS2322: Type 'string' is not assignable to type '("status" extends keyof (Omit<Database, "__InternalSupabase">[("public" extends Exclude<keyof Database, "__InternalSupabase"> ? "public" : string & Exclude<...>) extends "public" ? "public" & ("public" extends Exclude<...> ? "public" : string & Exclude<...>) : "public"] extends GenericSchema ? Omit<...>[("public" ex...'.
src/app/api/leagues/[leagueId]/teams/route.ts(83,38): error TS2322: Type 'string' is not assignable to type '("status" extends keyof (Omit<Database, "__InternalSupabase">[("public" extends Exclude<keyof Database, "__InternalSupabase"> ? "public" : string & Exclude<...>) extends "public" ? "public" & ("public" extends Exclude<...> ? "public" : string & Exclude<...>) : "public"] extends GenericSchema ? Omit<...>[("public" ex...'.
src/app/api/leagues/[leagueId]/teams/route.ts(100,23): error TS2339: Property 'team' does not exist on type 'SelectQueryError<"Processing node failed."> | SelectQueryError<"Could not retrieve a valid record or error value"> | { registration_date: any; status: any; team: { ...; }[]; } | { [K in keyof (FindDuplicatesWithinDeduplicated<...> extends infer Duplicates ? Duplicates extends never ? false : Duplicates extends { ......'.
  Property 'team' does not exist on type 'SelectQueryError<"Processing node failed.">'.
src/app/api/leagues/[leagueId]/teams/route.ts(101,17): error TS2339: Property 'team' does not exist on type 'SelectQueryError<"Processing node failed."> | SelectQueryError<"Could not retrieve a valid record or error value"> | { registration_date: any; status: any; team: { ...; }[]; } | { [K in keyof (FindDuplicatesWithinDeduplicated<...> extends infer Duplicates ? Duplicates extends never ? false : Duplicates extends { ......'.
  Property 'team' does not exist on type 'SelectQueryError<"Processing node failed.">'.
src/app/api/leagues/[leagueId]/teams/route.ts(103,33): error TS2339: Property 'registration_date' does not exist on type 'SelectQueryError<"Processing node failed."> | SelectQueryError<"Could not retrieve a valid record or error value"> | { registration_date: any; status: any; team: { ...; }[]; } | { [K in keyof (FindDuplicatesWithinDeduplicated<...> extends infer Duplicates ? Duplicates extends never ? false : Duplicates extends { ......'.
  Property 'registration_date' does not exist on type 'SelectQueryError<"Processing node failed.">'.
src/app/api/leagues/[leagueId]/teams/route.ts(104,35): error TS2339: Property 'status' does not exist on type 'SelectQueryError<"Processing node failed."> | SelectQueryError<"Could not retrieve a valid record or error value"> | { registration_date: any; status: any; team: { ...; }[]; } | { [K in keyof (FindDuplicatesWithinDeduplicated<...> extends infer Duplicates ? Duplicates extends never ? false : Duplicates extends { ......'.
  Property 'status' does not exist on type 'SelectQueryError<"Processing node failed.">'.
src/app/api/leagues/[leagueId]/teams/route.ts(113,33): error TS2339: Property 'id' does not exist on type 'SelectQueryError<"Processing node failed."> | SelectQueryError<"Could not retrieve a valid record or error value"> | { id: any; }'.
  Property 'id' does not exist on type 'SelectQueryError<"Processing node failed.">'.
src/app/api/seasons/route.ts(45,9): error TS2769: No overload matches this call.
  Overload 1 of 2, '(supabaseUrl: string, supabaseKey: string, options: SupabaseClientOptions<"public"> & { cookieOptions?: CookieOptionsWithName | undefined; cookies: CookieMethodsServerDeprecated; cookieEncoding?: "raw" | ... 1 more ... | undefined; }): SupabaseClient<...>', gave the following error.
    Type '() => Promise<ReadonlyRequestCookies>' is not assignable to type 'CookieMethodsServerDeprecated'.
  Overload 2 of 2, '(supabaseUrl: string, supabaseKey: string, options: SupabaseClientOptions<"public"> & { cookieOptions?: CookieOptionsWithName | undefined; cookies: CookieMethodsServer; cookieEncoding?: "raw" | ... 1 more ... | undefined; }): SupabaseClient<...>', gave the following error.
    Type '() => Promise<ReadonlyRequestCookies>' is not assignable to type 'CookieMethodsServer'.
src/app/api/seasons/route.ts(181,9): error TS2769: No overload matches this call.
  Overload 1 of 2, '(supabaseUrl: string, supabaseKey: string, options: SupabaseClientOptions<"public"> & { cookieOptions?: CookieOptionsWithName | undefined; cookies: CookieMethodsServerDeprecated; cookieEncoding?: "raw" | ... 1 more ... | undefined; }): SupabaseClient<...>', gave the following error.
    Type '() => Promise<ReadonlyRequestCookies>' is not assignable to type 'CookieMethodsServerDeprecated'.
  Overload 2 of 2, '(supabaseUrl: string, supabaseKey: string, options: SupabaseClientOptions<"public"> & { cookieOptions?: CookieOptionsWithName | undefined; cookies: CookieMethodsServer; cookieEncoding?: "raw" | ... 1 more ... | undefined; }): SupabaseClient<...>', gave the following error.
    Type '() => Promise<ReadonlyRequestCookies>' is not assignable to type 'CookieMethodsServer'.
src/app/api/teams/[teamId]/league-requests/route.ts(22,9): error TS2769: No overload matches this call.
  Overload 1 of 2, '(supabaseUrl: string, supabaseKey: string, options: SupabaseClientOptions<"public"> & { cookieOptions?: CookieOptionsWithName | undefined; cookies: CookieMethodsServerDeprecated; cookieEncoding?: "raw" | ... 1 more ... | undefined; }): SupabaseClient<...>', gave the following error.
    Type '() => Promise<ReadonlyRequestCookies>' is not assignable to type 'CookieMethodsServerDeprecated'.
  Overload 2 of 2, '(supabaseUrl: string, supabaseKey: string, options: SupabaseClientOptions<"public"> & { cookieOptions?: CookieOptionsWithName | undefined; cookies: CookieMethodsServer; cookieEncoding?: "raw" | ... 1 more ... | undefined; }): SupabaseClient<...>', gave the following error.
    Type '() => Promise<ReadonlyRequestCookies>' is not assignable to type 'CookieMethodsServer'.
src/app/api/teams/route.ts(18,9): error TS2769: No overload matches this call.
  Overload 1 of 2, '(supabaseUrl: string, supabaseKey: string, options: SupabaseClientOptions<"public"> & { cookieOptions?: CookieOptionsWithName | undefined; cookies: CookieMethodsServerDeprecated; cookieEncoding?: "raw" | ... 1 more ... | undefined; }): SupabaseClient<...>', gave the following error.
    Type '() => Promise<ReadonlyRequestCookies>' is not assignable to type 'CookieMethodsServerDeprecated'.
  Overload 2 of 2, '(supabaseUrl: string, supabaseKey: string, options: SupabaseClientOptions<"public"> & { cookieOptions?: CookieOptionsWithName | undefined; cookies: CookieMethodsServer; cookieEncoding?: "raw" | ... 1 more ... | undefined; }): SupabaseClient<...>', gave the following error.
    Type '() => Promise<ReadonlyRequestCookies>' is not assignable to type 'CookieMethodsServer'.
src/app/auth/reset-password/page.tsx(49,27): error TS2769: No overload matches this call.
  Overload 1 of 4, '(schema: Zod3Type<{ password: string; confirmPassword: string; }, { password: string; confirmPassword: string; }>, schemaOptions?: ParseParams | undefined, resolverOptions?: NonRawResolverOptions | undefined): Resolver<...>', gave the following error.
    Argument of type 'ZodObject<{ password: ZodString; confirmPassword: ZodString; }, $strip>' is not assignable to parameter of type 'Zod3Type<{ password: string; confirmPassword: string; }, { password: string; confirmPassword: string; }>'.
      Types of property '_def' are incompatible.
        Property 'typeName' is missing in type '$ZodObjectDef<{ password: ZodString; confirmPassword: ZodString; }>' but required in type '{ typeName: string; }'.
  Overload 2 of 4, '(schema: $ZodType<unknown, FieldValues, $ZodTypeInternals<unknown, FieldValues>>, schemaOptions?: ParseContext<$ZodIssue> | undefined, resolverOptions?: NonRawResolverOptions | undefined): Resolver<...>', gave the following error.
    Argument of type 'ZodObject<{ password: ZodString; confirmPassword: ZodString; }, $strip>' is not assignable to parameter of type '$ZodType<unknown, FieldValues, $ZodTypeInternals<unknown, FieldValues>>'.
      The types of '_zod.version.minor' are incompatible between these types.
        Type '1' is not assignable to type '0'.
src/app/leagues/[leagueId]/page.tsx(370,40): error TS7006: Parameter 'team' implicitly has an 'any' type.
src/app/leagues/[leagueId]/page.tsx(424,64): error TS7006: Parameter 'request' implicitly has an 'any' type.
src/app/leagues/[leagueId]/page.tsx(496,65): error TS2339: Property 'description' does not exist on type 'never'.
src/app/leagues/[leagueId]/page.tsx(498,44): error TS2339: Property 'timestamp' does not exist on type 'never'.
src/app/leagues/[leagueId]/page.tsx(518,11): error TS2322: Type '{ isOpen: true; onClose: () => void; selectedLeagueId: string; }' is not assignable to type 'IntrinsicAttributes & CreateSeasonModalProps'.
  Property 'selectedLeagueId' does not exist on type 'IntrinsicAttributes & CreateSeasonModalProps'.
src/app/leagues/page.tsx(87,39): error TS7006: Parameter 'league' implicitly has an 'any' type.
src/app/leagues/page.tsx(89,22): error TS18046: 'realtimePendingRequests' is of type 'unknown'.
src/app/leagues/page.tsx(89,53): error TS7006: Parameter 'req' implicitly has an 'any' type.
src/app/leagues/page.tsx(255,7): error TS18046: 'pendingRequests' is of type 'unknown'.
src/app/leagues/page.tsx(255,30): error TS7006: Parameter 'req' implicitly has an 'any' type.
src/app/leagues/page.tsx(355,28): error TS7006: Parameter 'league' implicitly has an 'any' type.
src/app/leagues/page.tsx(383,31): error TS7006: Parameter 'league' implicitly has an 'any' type.
src/app/leagues/page.tsx(519,38): error TS7006: Parameter 'request' implicitly has an 'any' type.
src/app/seasons/[seasonId]/page.tsx(7,3): error TS2305: Module '"@/lib/types/database.types"' has no exported member 'SeasonOverview'.
src/app/seasons/[seasonId]/page.tsx(195,74): error TS2339: Property 'tournament_format' does not exist on type 'SeasonDetailData'.
src/app/seasons/[seasonId]/page.tsx(198,27): error TS2339: Property 'display_name' does not exist on type 'SeasonDetailData'.
src/app/seasons/[seasonId]/page.tsx(198,50): error TS2339: Property 'name' does not exist on type 'SeasonDetailData'.
src/app/seasons/[seasonId]/page.tsx(200,77): error TS2339: Property 'season_year' does not exist on type 'SeasonDetailData'.
src/app/seasons/[seasonId]/page.tsx(205,125): error TS2551: Property 'status' does not exist on type 'SeasonDetailData'. Did you mean 'stats'?
src/app/seasons/[seasonId]/page.tsx(206,25): error TS2551: Property 'status' does not exist on type 'SeasonDetailData'. Did you mean 'stats'?
src/app/seasons/[seasonId]/page.tsx(222,73): error TS2339: Property 'registered_teams_count' does not exist on type 'SeasonDetailData'.
src/app/seasons/[seasonId]/page.tsx(224,67): error TS2339: Property 'min_teams' does not exist on type 'SeasonDetailData'.
src/app/seasons/[seasonId]/page.tsx(224,93): error TS2339: Property 'max_teams' does not exist on type 'SeasonDetailData'.
src/app/seasons/[seasonId]/page.tsx(227,74): error TS2339: Property 'total_matches_played' does not exist on type 'SeasonDetailData'.
src/app/seasons/[seasonId]/page.tsx(229,69): error TS2339: Property 'total_matches_scheduled' does not exist on type 'SeasonDetailData'.
src/app/seasons/[seasonId]/page.tsx(232,75): error TS2339: Property 'current_matchday' does not exist on type 'SeasonDetailData'.
src/app/seasons/[seasonId]/page.tsx(237,25): error TS2339: Property 'completion_percentage' does not exist on type 'SeasonDetailData'.
src/app/seasons/[seasonId]/page.tsx(237,67): error TS2339: Property 'completion_percentage' does not exist on type 'SeasonDetailData'.
src/app/seasons/[seasonId]/page.tsx(243,45): error TS2339: Property 'completion_percentage' does not exist on type 'SeasonDetailData'.
src/app/seasons/[seasonId]/page.tsx(251,18): error TS2551: Property 'status' does not exist on type 'SeasonDetailData'. Did you mean 'stats'?
src/app/seasons/[seasonId]/page.tsx(251,58): error TS2339: Property 'fixtures_status' does not exist on type 'SeasonDetailData'.
src/app/seasons/[seasonId]/page.tsx(257,27): error TS2339: Property 'registered_teams_count' does not exist on type 'SeasonDetailData'.
src/app/seasons/[seasonId]/page.tsx(257,60): error TS2339: Property 'min_teams' does not exist on type 'SeasonDetailData'.
src/app/seasons/[seasonId]/page.tsx(259,38): error TS2339: Property 'min_teams' does not exist on type 'SeasonDetailData'.
src/app/seasons/[seasonId]/page.tsx(259,58): error TS2339: Property 'registered_teams_count' does not exist on type 'SeasonDetailData'.
src/app/seasons/[seasonId]/page.tsx(263,23): error TS2339: Property 'registered_teams_count' does not exist on type 'SeasonDetailData'.
src/app/seasons/[seasonId]/page.tsx(263,56): error TS2339: Property 'min_teams' does not exist on type 'SeasonDetailData'.
src/app/seasons/[seasonId]/page.tsx(313,31): error TS2339: Property 'tournament_format' does not exist on type 'SeasonDetailData'.
src/app/seasons/[seasonId]/page.tsx(319,40): error TS2339: Property 'start_date' does not exist on type 'SeasonDetailData'.
src/app/seasons/[seasonId]/page.tsx(319,93): error TS2339: Property 'end_date' does not exist on type 'SeasonDetailData'.
src/app/seasons/[seasonId]/page.tsx(324,71): error TS2339: Property 'match_frequency' does not exist on type 'SeasonDetailData'.
src/app/seasons/[seasonId]/page.tsx(329,31): error TS2339: Property 'points_for_win' does not exist on type 'SeasonDetailData'.
src/app/seasons/[seasonId]/page.tsx(329,58): error TS2339: Property 'points_for_draw' does not exist on type 'SeasonDetailData'.
src/app/seasons/[seasonId]/page.tsx(329,86): error TS2339: Property 'points_for_loss' does not exist on type 'SeasonDetailData'.
src/app/seasons/[seasonId]/page.tsx(332,27): error TS2339: Property 'tournament_format' does not exist on type 'SeasonDetailData'.
src/app/seasons/[seasonId]/page.tsx(336,33): error TS2339: Property 'rounds' does not exist on type 'SeasonDetailData'.
src/app/seasons/[seasonId]/page.tsx(347,27): error TS2339: Property 'fixtures_status' does not exist on type 'SeasonDetailData'.
src/app/seasons/[seasonId]/page.tsx(491,26): error TS2339: Property 'fixtures_status' does not exist on type 'SeasonDetailData'.
src/app/seasons/[seasonId]/page.tsx(504,27): error TS2339: Property 'registered_teams_count' does not exist on type 'SeasonDetailData'.
src/app/seasons/[seasonId]/page.tsx(504,60): error TS2339: Property 'min_teams' does not exist on type 'SeasonDetailData'.
src/app/seasons/create/page.tsx(7,3): error TS2305: Module '"@/lib/types/database.types"' has no exported member 'CreateSeasonParams'.
src/app/seasons/create/page.tsx(76,21): error TS2339: Property 'name' does not exist on type 'FormData'.
src/app/seasons/create/page.tsx(76,39): error TS2339: Property 'league_id' does not exist on type 'FormData'.
src/app/seasons/create/page.tsx(76,62): error TS2339: Property 'start_date' does not exist on type 'FormData'.
src/app/seasons/create/page.tsx(76,86): error TS2339: Property 'end_date' does not exist on type 'FormData'.
src/app/seasons/create/page.tsx(81,43): error TS2339: Property 'start_date' does not exist on type 'FormData'.
src/app/seasons/create/page.tsx(82,41): error TS2339: Property 'end_date' does not exist on type 'FormData'.
src/app/seasons/create/page.tsx(87,55): error TS2345: Argument of type 'FormData' is not assignable to parameter of type 'CreateSeasonParams'.
  Type 'FormData' is missing the following properties from type 'CreateSeasonParams': name, league_id, season_year, tournament_format, and 2 more.
src/app/seasons/create/page.tsx(147,35): error TS2339: Property 'name' does not exist on type 'FormData'.
src/app/seasons/create/page.tsx(148,54): error TS2345: Argument of type '"name"' is not assignable to parameter of type 'never'.
src/app/seasons/create/page.tsx(160,35): error TS2339: Property 'league_id' does not exist on type 'FormData'.
src/app/seasons/create/page.tsx(161,54): error TS2345: Argument of type '"league_id"' is not assignable to parameter of type 'never'.
src/app/seasons/create/page.tsx(180,35): error TS2339: Property 'season_year' does not exist on type 'FormData'.
src/app/seasons/create/page.tsx(181,54): error TS2345: Argument of type '"season_year"' is not assignable to parameter of type 'never'.
src/app/seasons/create/page.tsx(195,35): error TS2339: Property 'display_name' does not exist on type 'FormData'.
src/app/seasons/create/page.tsx(196,54): error TS2345: Argument of type '"display_name"' is not assignable to parameter of type 'never'.
src/app/seasons/create/page.tsx(220,43): error TS2339: Property 'tournament_format' does not exist on type 'FormData'.
src/app/seasons/create/page.tsx(221,60): error TS2345: Argument of type '"tournament_format"' is not assignable to parameter of type 'never'.
src/app/seasons/create/page.tsx(238,25): error TS2339: Property 'tournament_format' does not exist on type 'FormData'.
src/app/seasons/create/page.tsx(245,39): error TS2339: Property 'rounds' does not exist on type 'FormData'.
src/app/seasons/create/page.tsx(246,58): error TS2345: Argument of type '"rounds"' is not assignable to parameter of type 'never'.
src/app/seasons/create/page.tsx(257,41): error TS2339: Property 'home_away_balance' does not exist on type 'FormData'.
src/app/seasons/create/page.tsx(258,58): error TS2345: Argument of type '"home_away_balance"' is not assignable to parameter of type 'never'.
src/app/seasons/create/page.tsx(268,25): error TS2339: Property 'tournament_format' does not exist on type 'FormData'.
src/app/seasons/create/page.tsx(275,39): error TS2339: Property 'knockout_legs' does not exist on type 'FormData'.
src/app/seasons/create/page.tsx(276,58): error TS2345: Argument of type '"knockout_legs"' is not assignable to parameter of type 'never'.
src/app/seasons/create/page.tsx(287,41): error TS2339: Property 'third_place_playoff' does not exist on type 'FormData'.
src/app/seasons/create/page.tsx(288,58): error TS2345: Argument of type '"third_place_playoff"' is not assignable to parameter of type 'never'.
src/app/seasons/create/page.tsx(298,25): error TS2339: Property 'tournament_format' does not exist on type 'FormData'.
src/app/seasons/create/page.tsx(305,39): error TS2339: Property 'playoff_teams_count' does not exist on type 'FormData'.
src/app/seasons/create/page.tsx(306,58): error TS2345: Argument of type '"playoff_teams_count"' is not assignable to parameter of type 'never'.
src/app/seasons/create/page.tsx(320,39): error TS2339: Property 'playoff_format' does not exist on type 'FormData'.
src/app/seasons/create/page.tsx(321,58): error TS2345: Argument of type '"playoff_format"' is not assignable to parameter of type 'never'.
src/app/seasons/create/page.tsx(343,35): error TS2339: Property 'start_date' does not exist on type 'FormData'.
src/app/seasons/create/page.tsx(344,54): error TS2345: Argument of type '"start_date"' is not assignable to parameter of type 'never'.
src/app/seasons/create/page.tsx(356,35): error TS2339: Property 'end_date' does not exist on type 'FormData'.
src/app/seasons/create/page.tsx(357,54): error TS2345: Argument of type '"end_date"' is not assignable to parameter of type 'never'.
src/app/seasons/create/page.tsx(369,35): error TS2339: Property 'registration_deadline' does not exist on type 'FormData'.
src/app/seasons/create/page.tsx(370,54): error TS2345: Argument of type '"registration_deadline"' is not assignable to parameter of type 'never'.
src/app/seasons/create/page.tsx(381,35): error TS2339: Property 'preferred_match_time' does not exist on type 'FormData'.
src/app/seasons/create/page.tsx(382,54): error TS2345: Argument of type '"preferred_match_time"' is not assignable to parameter of type 'never'.
src/app/seasons/create/page.tsx(393,35): error TS2339: Property 'match_frequency' does not exist on type 'FormData'.
src/app/seasons/create/page.tsx(394,54): error TS2345: Argument of type '"match_frequency"' is not assignable to parameter of type 'never'.
src/app/seasons/create/page.tsx(414,35): error TS2339: Property 'min_teams' does not exist on type 'FormData'.
src/app/seasons/create/page.tsx(415,54): error TS2345: Argument of type '"min_teams"' is not assignable to parameter of type 'never'.
src/app/seasons/create/page.tsx(427,35): error TS2339: Property 'max_teams' does not exist on type 'FormData'.
src/app/seasons/create/page.tsx(428,54): error TS2345: Argument of type '"max_teams"' is not assignable to parameter of type 'never'.
src/app/seasons/create/page.tsx(447,35): error TS2339: Property 'points_for_win' does not exist on type 'FormData'.
src/app/seasons/create/page.tsx(448,54): error TS2345: Argument of type '"points_for_win"' is not assignable to parameter of type 'never'.
src/app/seasons/create/page.tsx(460,35): error TS2339: Property 'points_for_draw' does not exist on type 'FormData'.
src/app/seasons/create/page.tsx(461,54): error TS2345: Argument of type '"points_for_draw"' is not assignable to parameter of type 'never'.
src/app/seasons/create/page.tsx(464,39): error TS2339: Property 'allow_draws' does not exist on type 'FormData'.
src/app/seasons/create/page.tsx(474,35): error TS2339: Property 'points_for_loss' does not exist on type 'FormData'.
src/app/seasons/create/page.tsx(475,54): error TS2345: Argument of type '"points_for_loss"' is not assignable to parameter of type 'never'.
src/app/seasons/create/page.tsx(486,35): error TS2339: Property 'allow_draws' does not exist on type 'FormData'.
src/app/seasons/create/page.tsx(487,52): error TS2345: Argument of type '"allow_draws"' is not assignable to parameter of type 'never'.
src/app/seasons/create/page.tsx(504,37): error TS2339: Property 'venue_conflicts_check' does not exist on type 'FormData'.
src/app/seasons/create/page.tsx(505,54): error TS2345: Argument of type '"venue_conflicts_check"' is not assignable to parameter of type 'never'.
src/app/seasons/create/page.tsx(518,35): error TS2339: Property 'bye_week_handling' does not exist on type 'FormData'.
src/app/seasons/create/page.tsx(519,54): error TS2345: Argument of type '"bye_week_handling"' is not assignable to parameter of type 'never'.
src/components/auth/forgot-password-form.tsx(47,27): error TS2769: No overload matches this call.
  Overload 1 of 4, '(schema: Zod3Type<{ email: string; }, { email: string; }>, schemaOptions?: ParseParams | undefined, resolverOptions?: NonRawResolverOptions | undefined): Resolver<...>', gave the following error.
    Argument of type 'ZodObject<{ email: ZodString; }, $strip>' is not assignable to parameter of type 'Zod3Type<{ email: string; }, { email: string; }>'.
      Types of property '_def' are incompatible.
        Property 'typeName' is missing in type '$ZodObjectDef<{ email: ZodString; }>' but required in type '{ typeName: string; }'.
  Overload 2 of 4, '(schema: $ZodType<unknown, FieldValues, $ZodTypeInternals<unknown, FieldValues>>, schemaOptions?: ParseContext<$ZodIssue> | undefined, resolverOptions?: NonRawResolverOptions | undefined): Resolver<...>', gave the following error.
    Argument of type 'ZodObject<{ email: ZodString; }, $strip>' is not assignable to parameter of type '$ZodType<unknown, FieldValues, $ZodTypeInternals<unknown, FieldValues>>'.
      The types of '_zod.version.minor' are incompatible between these types.
        Type '1' is not assignable to type '0'.
src/components/auth/login-form.tsx(51,27): error TS2769: No overload matches this call.
  Overload 1 of 4, '(schema: Zod3Type<{ email: string; password: string; }, { email: string; password: string; }>, schemaOptions?: ParseParams | undefined, resolverOptions?: NonRawResolverOptions | undefined): Resolver<...>', gave the following error.
    Argument of type 'ZodObject<{ email: ZodString; password: ZodString; }, $strip>' is not assignable to parameter of type 'Zod3Type<{ email: string; password: string; }, { email: string; password: string; }>'.
      Types of property '_def' are incompatible.
        Property 'typeName' is missing in type '$ZodObjectDef<{ email: ZodString; password: ZodString; }>' but required in type '{ typeName: string; }'.
  Overload 2 of 4, '(schema: $ZodType<unknown, FieldValues, $ZodTypeInternals<unknown, FieldValues>>, schemaOptions?: ParseContext<$ZodIssue> | undefined, resolverOptions?: NonRawResolverOptions | undefined): Resolver<...>', gave the following error.
    Argument of type 'ZodObject<{ email: ZodString; password: ZodString; }, $strip>' is not assignable to parameter of type '$ZodType<unknown, FieldValues, $ZodTypeInternals<unknown, FieldValues>>'.
      The types of '_zod.version.minor' are incompatible between these types.
        Type '1' is not assignable to type '0'.
src/components/auth/player-login-form.tsx(52,27): error TS2769: No overload matches this call.
  Overload 1 of 4, '(schema: Zod3Type<{ email: string; password: string; }, { email: string; password: string; }>, schemaOptions?: ParseParams | undefined, resolverOptions?: NonRawResolverOptions | undefined): Resolver<...>', gave the following error.
    Argument of type 'ZodObject<{ email: ZodString; password: ZodString; }, $strip>' is not assignable to parameter of type 'Zod3Type<{ email: string; password: string; }, { email: string; password: string; }>'.
      Types of property '_def' are incompatible.
        Property 'typeName' is missing in type '$ZodObjectDef<{ email: ZodString; password: ZodString; }>' but required in type '{ typeName: string; }'.
  Overload 2 of 4, '(schema: $ZodType<unknown, FieldValues, $ZodTypeInternals<unknown, FieldValues>>, schemaOptions?: ParseContext<$ZodIssue> | undefined, resolverOptions?: NonRawResolverOptions | undefined): Resolver<...>', gave the following error.
    Argument of type 'ZodObject<{ email: ZodString; password: ZodString; }, $strip>' is not assignable to parameter of type '$ZodType<unknown, FieldValues, $ZodTypeInternals<unknown, FieldValues>>'.
      The types of '_zod.version.minor' are incompatible between these types.
        Type '1' is not assignable to type '0'.
src/components/auth/signup-form.tsx(75,27): error TS2769: No overload matches this call.
  Overload 1 of 4, '(schema: Zod3Type<{ email: string; password: string; displayName: string; agreeToTerms: boolean; preferredPosition?: string | undefined; location?: string | undefined; }, { email: string; password: string; displayName: string; agreeToTerms: boolean; preferredPosition?: string | undefined; location?: string | undefined; }>, schemaOptions?: ParseParams | undefined, resolverOptions?: NonRawResolverOptions | undefined): Resolver<...>', gave the following error.
    Argument of type 'ZodObject<{ email: ZodString; password: ZodString; displayName: ZodString; preferredPosition: ZodOptional<ZodString>; location: ZodOptional<...>; agreeToTerms: ZodBoolean; }, $strip>' is not assignable to parameter of type 'Zod3Type<{ email: string; password: string; displayName: string; agreeToTerms: boolean; preferredPosition?: string | undefined; location?: string | undefined; }, { email: string; password: string; displayName: string; agreeToTerms: boolean; preferredPosition?: string | undefined; location?: string | undefined; }>'.
      Types of property '_def' are incompatible.
        Property 'typeName' is missing in type '$ZodObjectDef<{ email: ZodString; password: ZodString; displayName: ZodString; preferredPosition: ZodOptional<ZodString>; location: ZodOptional<...>; agreeToTerms: ZodBoolean; }>' but required in type '{ typeName: string; }'.
  Overload 2 of 4, '(schema: $ZodType<unknown, FieldValues, $ZodTypeInternals<unknown, FieldValues>>, schemaOptions?: ParseContext<$ZodIssue> | undefined, resolverOptions?: NonRawResolverOptions | undefined): Resolver<...>', gave the following error.
    Argument of type 'ZodObject<{ email: ZodString; password: ZodString; displayName: ZodString; preferredPosition: ZodOptional<ZodString>; location: ZodOptional<...>; agreeToTerms: ZodBoolean; }, $strip>' is not assignable to parameter of type '$ZodType<unknown, FieldValues, $ZodTypeInternals<unknown, FieldValues>>'.
      The types of '_zod.version.minor' are incompatible between these types.
        Type '1' is not assignable to type '0'.
src/components/auth/user-profile.tsx(77,27): error TS2769: No overload matches this call.
  Overload 1 of 4, '(schema: Zod3Type<{ display_name: string; bio?: string | undefined; preferred_position?: string | undefined; location?: string | undefined; date_of_birth?: string | undefined; }, { display_name: string; bio?: string | undefined; preferred_position?: string | undefined; location?: string | undefined; date_of_birth?: string | undefined; }>, schemaOptions?: ParseParams | undefined, resolverOptions?: NonRawResolverOptions | undefined): Resolver<...>', gave the following error.
    Argument of type 'ZodObject<{ display_name: ZodString; bio: ZodOptional<ZodString>; preferred_position: ZodOptional<ZodString>; location: ZodOptional<ZodString>; date_of_birth: ZodOptional<...>; }, $strip>' is not assignable to parameter of type 'Zod3Type<{ display_name: string; bio?: string | undefined; preferred_position?: string | undefined; location?: string | undefined; date_of_birth?: string | undefined; }, { display_name: string; bio?: string | undefined; preferred_position?: string | undefined; location?: string | undefined; date_of_birth?: string | ...'.
      Types of property '_def' are incompatible.
        Property 'typeName' is missing in type '$ZodObjectDef<{ display_name: ZodString; bio: ZodOptional<ZodString>; preferred_position: ZodOptional<ZodString>; location: ZodOptional<ZodString>; date_of_birth: ZodOptional<...>; }>' but required in type '{ typeName: string; }'.
  Overload 2 of 4, '(schema: $ZodType<unknown, FieldValues, $ZodTypeInternals<unknown, FieldValues>>, schemaOptions?: ParseContext<$ZodIssue> | undefined, resolverOptions?: NonRawResolverOptions | undefined): Resolver<...>', gave the following error.
    Argument of type 'ZodObject<{ display_name: ZodString; bio: ZodOptional<ZodString>; preferred_position: ZodOptional<ZodString>; location: ZodOptional<ZodString>; date_of_birth: ZodOptional<...>; }, $strip>' is not assignable to parameter of type '$ZodType<unknown, FieldValues, $ZodTypeInternals<unknown, FieldValues>>'.
      The types of '_zod.version.minor' are incompatible between these types.
        Type '1' is not assignable to type '0'.
src/components/auth/user-profile.tsx(79,27): error TS2339: Property 'profile' does not exist on type 'User'.
src/components/auth/user-profile.tsx(80,18): error TS2339: Property 'profile' does not exist on type 'User'.
src/components/auth/user-profile.tsx(81,33): error TS2339: Property 'profile' does not exist on type 'User'.
src/components/auth/user-profile.tsx(82,23): error TS2339: Property 'profile' does not exist on type 'User'.
src/components/auth/user-profile.tsx(83,28): error TS2339: Property 'profile' does not exist on type 'User'.
src/components/auth/user-profile.tsx(148,21): error TS2339: Property 'profile' does not exist on type 'User'.
src/components/auth/user-profile.tsx(157,21): error TS2339: Property 'profile' does not exist on type 'User'.
src/components/examples/TeamJoinExample.tsx(11,74): error TS2307: Cannot find module '@/hooks' or its corresponding type declarations.
src/components/examples/TeamJoinExample.tsx(48,22): error TS7006: Parameter 'formValues' implicitly has an 'any' type.
src/components/features/achievement-showcase.tsx(16,30): error TS2305: Module '"@/lib/services/achievement.service"' has no exported member 'AchievementProgress'.
src/components/features/achievement-showcase.tsx(16,51): error TS2459: Module '"@/lib/services/achievement.service"' declares 'AchievementCategory' locally, but it is not exported.
src/components/features/achievement-showcase.tsx(153,41): error TS7006: Parameter 'achievement' implicitly has an 'any' type.
src/components/features/achievement-showcase.tsx(176,53): error TS2339: Property 'getUserAchievements' does not exist on type 'AchievementService'.
src/components/features/achievement-showcase.tsx(230,68): error TS7006: Parameter 'recent' implicitly has an 'any' type.
src/components/features/achievement-showcase.tsx(292,54): error TS7006: Parameter 'recent' implicitly has an 'any' type.
src/components/features/achievement-showcase.tsx(324,50): error TS7006: Parameter 'milestone' implicitly has an 'any' type.
src/components/features/achievement-showcase.tsx(352,42): error TS7006: Parameter 'category' implicitly has an 'any' type.
src/components/features/live-match-tracker.tsx(167,26): error TS7006: Parameter 'a' implicitly has an 'any' type.
src/components/features/live-match-tracker.tsx(167,29): error TS7006: Parameter 'b' implicitly has an 'any' type.
src/components/features/live-match-tracker.tsx(168,25): error TS7006: Parameter 'event' implicitly has an 'any' type.
src/components/layout/admin-header.tsx(95,27): error TS2339: Property 'profile' does not exist on type 'User'.
src/components/layout/header.tsx(96,27): error TS2339: Property 'profile' does not exist on type 'User'.
src/components/onboarding/onboarding-wizard.tsx(25,27): error TS2307: Cannot find module './steps/goals-step' or its corresponding type declarations.
src/components/onboarding/onboarding-wizard.tsx(26,35): error TS2307: Cannot find module './steps/league-preview-step' or its corresponding type declarations.
src/components/onboarding/onboarding-wizard.tsx(27,32): error TS2307: Cannot find module './steps/completion-step' or its corresponding type declarations.
src/components/onboarding/onboarding-wizard.tsx(61,5): error TS2322: Type 'Resolver<{ welcome: { acknowledged: boolean; }; profile: { display_name: string; location?: string | undefined; date_of_birth?: string | undefined; bio?: string | undefined; }; sports: { experience_level: "beginner" | ... 2 more ... | "expert"; preferred_sports?: string[] | undefined; preferred_position?: string | u...' is not assignable to type 'Resolver<{ welcome: { acknowledged: boolean; }; profile: { display_name: string; location?: string | undefined; date_of_birth?: string | undefined; bio?: string | undefined; }; sports: { preferred_sports: string[]; experience_level: "beginner" | ... 2 more ... | "expert"; preferred_position?: string | undefined; }; ...'.
  Types of parameters 'options' and 'options' are incompatible.
    Type 'ResolverOptions<{ welcome: { acknowledged: boolean; }; profile: { display_name: string; location?: string | undefined; date_of_birth?: string | undefined; bio?: string | undefined; }; sports: { preferred_sports: string[]; experience_level: "beginner" | ... 2 more ... | "expert"; preferred_position?: string | undefin...' is not assignable to type 'ResolverOptions<{ welcome: { acknowledged: boolean; }; profile: { display_name: string; location?: string | undefined; date_of_birth?: string | undefined; bio?: string | undefined; }; sports: { experience_level: "beginner" | ... 2 more ... | "expert"; preferred_sports?: string[] | undefined; preferred_position?: str...'.
      Type 'string[] | undefined' is not assignable to type 'string[]'.
        Type 'undefined' is not assignable to type 'string[]'.
src/components/onboarding/onboarding-wizard.tsx(61,27): error TS2769: No overload matches this call.
  Overload 1 of 4, '(schema: Zod3Type<{ welcome: { acknowledged: boolean; }; profile: { display_name: string; location?: string | undefined; date_of_birth?: string | undefined; bio?: string | undefined; }; sports: { preferred_sports: string[]; experience_level: "beginner" | ... 2 more ... | "expert"; preferred_position?: string | undefined; }; preferences: { ...; }; goals: { ...; }; leaguePreview: { ...; }; completion: { ...; }; }, { ...; }>, schemaOptions?: ParseParams | undefined, resolverOptions?: NonRawResolverOptions | undefined): Resolver<...>', gave the following error.
    Argument of type 'ZodObject<{ welcome: ZodObject<{ acknowledged: ZodBoolean; }, $strip>; profile: ZodObject<{ display_name: ZodString; location: ZodUnion<[ZodOptional<ZodString>, ZodLiteral<...>]>; date_of_birth: ZodUnion<...>; bio: ZodUnion<...>; }, $strip>; ... 4 more ...; completion: ZodObject<...>; }, $strip>' is not assignable to parameter of type 'Zod3Type<{ welcome: { acknowledged: boolean; }; profile: { display_name: string; location?: string | undefined; date_of_birth?: string | undefined; bio?: string | undefined; }; sports: { preferred_sports: string[]; experience_level: "beginner" | ... 2 more ... | "expert"; preferred_position?: string | undefined; }; ...'.
      Types of property '_def' are incompatible.
        Property 'typeName' is missing in type '$ZodObjectDef<{ welcome: ZodObject<{ acknowledged: ZodBoolean; }, $strip>; profile: ZodObject<{ display_name: ZodString; location: ZodUnion<[ZodOptional<ZodString>, ZodLiteral<...>]>; date_of_birth: ZodUnion<...>; bio: ZodUnion<...>; }, $strip>; ... 4 more ...; completion: ZodObject<...>; }>' but required in type '{ typeName: string; }'.
  Overload 2 of 4, '(schema: $ZodType<unknown, FieldValues, $ZodTypeInternals<unknown, FieldValues>>, schemaOptions?: ParseContext<$ZodIssue> | undefined, resolverOptions?: NonRawResolverOptions | undefined): Resolver<...>', gave the following error.
    Argument of type 'ZodObject<{ welcome: ZodObject<{ acknowledged: ZodBoolean; }, $strip>; profile: ZodObject<{ display_name: ZodString; location: ZodUnion<[ZodOptional<ZodString>, ZodLiteral<...>]>; date_of_birth: ZodUnion<...>; bio: ZodUnion<...>; }, $strip>; ... 4 more ...; completion: ZodObject<...>; }, $strip>' is not assignable to parameter of type '$ZodType<unknown, FieldValues, $ZodTypeInternals<unknown, FieldValues>>'.
      The types of '_zod.version.minor' are incompatible between these types.
        Type '1' is not assignable to type '0'.
src/components/player/league-discovery.tsx(287,11): error TS2322: Type 'LeagueDiscovery' is not assignable to type 'League'.
  Types of property 'description' are incompatible.
    Type 'string | null' is not assignable to type 'string | undefined'.
      Type 'null' is not assignable to type 'string | undefined'.
src/components/player/player-dashboard.tsx(42,48): error TS2339: Property 'getAggregatedStats' does not exist on type 'PlayerService'.
src/components/player/player-dashboard.tsx(48,47): error TS2551: Property 'getPlayerUpcomingMatches' does not exist on type 'MatchService'. Did you mean 'getPlayerMatches'?
src/components/player/player-dashboard.tsx(54,47): error TS2551: Property 'getPlayerRecentMatches' does not exist on type 'MatchService'. Did you mean 'getPlayerMatches'?
src/components/player/player-dashboard.tsx(87,28): error TS2339: Property 'avatar_url' does not exist on type 'ServiceResponse<PlayerProfileExtended>'.
src/components/player/player-dashboard.tsx(89,36): error TS2339: Property 'avatar_url' does not exist on type 'ServiceResponse<PlayerProfileExtended>'.
src/components/player/player-dashboard.tsx(90,36): error TS2339: Property 'display_name' does not exist on type 'ServiceResponse<PlayerProfileExtended>'.
src/components/player/player-dashboard.tsx(94,29): error TS2339: Property 'display_name' does not exist on type 'ServiceResponse<PlayerProfileExtended>'.
src/components/player/player-dashboard.tsx(99,68): error TS2339: Property 'display_name' does not exist on type 'ServiceResponse<PlayerProfileExtended>'.
src/components/player/player-dashboard.tsx(164,25): error TS2322: Type '{ userId: string; }' is not assignable to type 'IntrinsicAttributes & LiveMatchTrackerProps'.
  Property 'userId' does not exist on type 'IntrinsicAttributes & LiveMatchTrackerProps'.
src/components/player/player-dashboard.tsx(173,47): error TS7006: Parameter 'match' implicitly has an 'any' type.
src/components/player/player-dashboard.tsx(177,17): error TS2322: Type '"upcoming"' is not assignable to type '"default" | "live" | "result" | "preview" | undefined'.
src/components/player/player-dashboard.tsx(192,33): error TS7006: Parameter 'match' implicitly has an 'any' type.
src/components/player/player-dashboard.tsx(197,17): error TS2322: Type '{ key: any; match: any; variant: "result"; showLeague: boolean; }' is not assignable to type 'IntrinsicAttributes & MatchCardProps'.
  Property 'showLeague' does not exist on type 'IntrinsicAttributes & MatchCardProps'.
src/components/player/player-dashboard.tsx(235,43): error TS7006: Parameter 'leagueStat' implicitly has an 'any' type.
src/lib/auth/role.service.ts(49,25): error TS2345: Argument of type 'string' is not assignable to parameter of type '("id" extends keyof (Omit<Database, "__InternalSupabase">[("public" extends Exclude<keyof Database, "__InternalSupabase"> ? "public" : string & Exclude<...>) extends "public" ? "public" & ("public" extends Exclude<...> ? "public" : string & Exclude<...>) : "public"] extends GenericSchema ? Omit<...>[("public" extend...'.
src/lib/auth/role.service.ts(71,33): error TS2339: Property 'role' does not exist on type 'SelectQueryError<"Processing node failed."> | SelectQueryError<"Could not retrieve a valid record or error value"> | { role: any; }'.
  Property 'role' does not exist on type 'SelectQueryError<"Processing node failed.">'.
src/lib/auth/role.service.ts(200,21): error TS2345: Argument of type 'string' is not assignable to parameter of type '("id" extends keyof (Omit<Database, "__InternalSupabase">[("public" extends Exclude<keyof Database, "__InternalSupabase"> ? "public" : string & Exclude<...>) extends "public" ? "public" & ("public" extends Exclude<...> ? "public" : string & Exclude<...>) : "public"] extends GenericSchema ? Omit<...>[("public" extend...'.
src/lib/auth/role.service.ts(203,24): error TS2339: Property 'created_by' does not exist on type 'SelectQueryError<"Invalid Relationships cannot infer result type"> | SelectQueryError<"Processing node failed."> | SelectQueryError<"Could not retrieve a valid record or error value"> | { ...; }'.
  Property 'created_by' does not exist on type 'SelectQueryError<"Invalid Relationships cannot infer result type">'.
src/lib/auth/role.service.ts(235,21): error TS2345: Argument of type 'string' is not assignable to parameter of type '("id" extends keyof (Omit<Database, "__InternalSupabase">[("public" extends Exclude<keyof Database, "__InternalSupabase"> ? "public" : string & Exclude<...>) extends "public" ? "public" & ("public" extends Exclude<...> ? "public" : string & Exclude<...>) : "public"] extends GenericSchema ? Omit<...>[("public" extend...'.
src/lib/auth/role.service.ts(238,19): error TS2339: Property 'captain_id' does not exist on type 'SelectQueryError<"Invalid Relationships cannot infer result type"> | SelectQueryError<"Processing node failed."> | SelectQueryError<"Could not retrieve a valid record or error value"> | { ...; }'.
  Property 'captain_id' does not exist on type 'SelectQueryError<"Invalid Relationships cannot infer result type">'.
src/lib/auth/role.service.ts(248,21): error TS2345: Argument of type 'string' is not assignable to parameter of type '("id" extends keyof (Omit<Database, "__InternalSupabase">[("public" extends Exclude<keyof Database, "__InternalSupabase"> ? "public" : string & Exclude<...>) extends "public" ? "public" & ("public" extends Exclude<...> ? "public" : string & Exclude<...>) : "public"] extends GenericSchema ? Omit<...>[("public" extend...'.
src/lib/auth/role.service.ts(251,23): error TS2339: Property 'leagues' does not exist on type 'SelectQueryError<"Invalid Relationships cannot infer result type"> | SelectQueryError<"Processing node failed."> | SelectQueryError<"Could not retrieve a valid record or error value"> | { ...; } | { [K in keyof (FindDuplicatesWithinDeduplicated<...> extends infer Duplicates ? Duplicates extends never ? false : Dupli...'.
  Property 'leagues' does not exist on type 'SelectQueryError<"Invalid Relationships cannot infer result type">'.
src/lib/hooks/use-realtime-leagues.ts(90,5): error TS2769: No overload matches this call.
  Overload 1 of 3, '(options: DefinedInitialDataOptions<unknown, Error, unknown, (string | undefined)[]>, queryClient?: QueryClient | undefined): DefinedUseQueryResult<unknown, Error>', gave the following error.
    Object literal may only specify known properties, and 'onSuccess' does not exist in type 'DefinedInitialDataOptions<unknown, Error, unknown, (string | undefined)[]>'.
  Overload 2 of 3, '(options: UndefinedInitialDataOptions<any, Error, any, (string | undefined)[]>, queryClient?: QueryClient | undefined): UseQueryResult<...>', gave the following error.
    Object literal may only specify known properties, and 'onSuccess' does not exist in type 'UndefinedInitialDataOptions<any, Error, any, (string | undefined)[]>'.
  Overload 3 of 3, '(options: UseQueryOptions<any, Error, any, (string | undefined)[]>, queryClient?: QueryClient | undefined): UseQueryResult<any, Error>', gave the following error.
    Object literal may only specify known properties, and 'onSuccess' does not exist in type 'UseQueryOptions<any, Error, any, (string | undefined)[]>'.
src/lib/hooks/use-realtime-leagues.ts(90,17): error TS7006: Parameter 'data' implicitly has an 'any' type.
src/lib/hooks/use-realtime-leagues.ts(119,40): error TS2339: Property 'id' does not exist on type '{} | { [key: string]: any; }'.
  Property 'id' does not exist on type '{}'.
src/lib/hooks/use-realtime-leagues.ts(119,59): error TS2339: Property 'id' does not exist on type '{} | Partial<{ [key: string]: any; }>'.
  Property 'id' does not exist on type '{}'.
src/lib/hooks/use-realtime-leagues.ts(120,42): error TS2339: Property 'name' does not exist on type '{} | { [key: string]: any; }'.
  Property 'name' does not exist on type '{}'.
src/lib/hooks/use-realtime-leagues.ts(120,63): error TS2339: Property 'name' does not exist on type '{} | Partial<{ [key: string]: any; }>'.
  Property 'name' does not exist on type '{}'.
src/lib/hooks/use-realtime-leagues.ts(130,45): error TS2339: Property 'id' does not exist on type '{} | { [key: string]: any; }'.
  Property 'id' does not exist on type '{}'.
src/lib/hooks/use-realtime-leagues.ts(130,64): error TS2339: Property 'id' does not exist on type '{} | Partial<{ [key: string]: any; }>'.
  Property 'id' does not exist on type '{}'.
src/lib/hooks/use-realtime-leagues.ts(148,41): error TS2339: Property 'id' does not exist on type '{} | { [key: string]: any; }'.
  Property 'id' does not exist on type '{}'.
src/lib/hooks/use-realtime-leagues.ts(148,60): error TS2339: Property 'id' does not exist on type '{} | Partial<{ [key: string]: any; }>'.
  Property 'id' does not exist on type '{}'.
src/lib/hooks/use-realtime-leagues.ts(149,38): error TS2339: Property 'status' does not exist on type '{} | { [key: string]: any; }'.
  Property 'status' does not exist on type '{}'.
src/lib/hooks/use-realtime-leagues.ts(149,61): error TS2339: Property 'status' does not exist on type '{} | Partial<{ [key: string]: any; }>'.
  Property 'status' does not exist on type '{}'.
src/lib/hooks/use-realtime-leagues.ts(150,40): error TS2339: Property 'league_id' does not exist on type '{} | { [key: string]: any; }'.
  Property 'league_id' does not exist on type '{}'.
src/lib/hooks/use-realtime-leagues.ts(150,66): error TS2339: Property 'league_id' does not exist on type '{} | Partial<{ [key: string]: any; }>'.
  Property 'league_id' does not exist on type '{}'.
src/lib/hooks/use-realtime-leagues.ts(164,45): error TS2339: Property 'league_id' does not exist on type '{} | { [key: string]: any; }'.
  Property 'league_id' does not exist on type '{}'.
src/lib/hooks/use-realtime-leagues.ts(164,71): error TS2339: Property 'league_id' does not exist on type '{} | Partial<{ [key: string]: any; }>'.
  Property 'league_id' does not exist on type '{}'.
src/lib/hooks/use-realtime-leagues.ts(182,38): error TS2339: Property 'team_id' does not exist on type '{} | { [key: string]: any; }'.
  Property 'team_id' does not exist on type '{}'.
src/lib/hooks/use-realtime-leagues.ts(182,62): error TS2339: Property 'team_id' does not exist on type '{} | Partial<{ [key: string]: any; }>'.
  Property 'team_id' does not exist on type '{}'.
src/lib/hooks/use-realtime-leagues.ts(183,40): error TS2339: Property 'season_id' does not exist on type '{} | { [key: string]: any; }'.
  Property 'season_id' does not exist on type '{}'.
src/lib/hooks/use-realtime-leagues.ts(183,66): error TS2339: Property 'season_id' does not exist on type '{} | Partial<{ [key: string]: any; }>'.
  Property 'season_id' does not exist on type '{}'.
src/lib/hooks/use-realtime-leagues.ts(381,41): error TS2339: Property 'id' does not exist on type '{} | { [key: string]: any; }'.
  Property 'id' does not exist on type '{}'.
src/lib/hooks/use-realtime-leagues.ts(381,60): error TS2339: Property 'id' does not exist on type '{} | Partial<{ [key: string]: any; }>'.
  Property 'id' does not exist on type '{}'.
src/lib/hooks/use-realtime-leagues.ts(382,38): error TS2339: Property 'status' does not exist on type '{} | { [key: string]: any; }'.
  Property 'status' does not exist on type '{}'.
src/lib/hooks/use-realtime-leagues.ts(425,45): error TS2339: Property 'season_id' does not exist on type '{} | { [key: string]: any; }'.
  Property 'season_id' does not exist on type '{}'.
src/lib/hooks/use-realtime-leagues.ts(425,71): error TS2339: Property 'season_id' does not exist on type '{} | Partial<{ [key: string]: any; }>'.
  Property 'season_id' does not exist on type '{}'.
src/lib/hooks/use-realtime-leagues.ts(429,40): error TS2339: Property 'team_id' does not exist on type '{} | { [key: string]: any; }'.
  Property 'team_id' does not exist on type '{}'.
src/lib/hooks/use-realtime-leagues.ts(429,64): error TS2339: Property 'team_id' does not exist on type '{} | Partial<{ [key: string]: any; }>'.
  Property 'team_id' does not exist on type '{}'.
src/lib/hooks/use-realtime-matches.ts(51,47): error TS2551: Property 'getLiveMatches' does not exist on type 'MatchService'. Did you mean 'getActiveMatches'?
src/lib/hooks/use-realtime-matches.ts(85,32): error TS2339: Property 'id' does not exist on type '{} | { [key: string]: any; }'.
  Property 'id' does not exist on type '{}'.
src/lib/hooks/use-realtime-matches.ts(87,51): error TS2339: Property 'id' does not exist on type '{} | { [key: string]: any; }'.
  Property 'id' does not exist on type '{}'.
src/lib/hooks/use-realtime-matches.ts(156,17): error TS7022: 'match' implicitly has type 'any' because it does not have a type annotation and is referenced directly or indirectly in its own initializer.
src/lib/hooks/use-realtime-matches.ts(158,57): error TS2339: Property 'getMatchById' does not exist on type 'MatchService'.
src/lib/hooks/use-realtime-matches.ts(160,22): error TS2448: Block-scoped variable 'match' used before its declaration.
src/lib/hooks/use-realtime-matches.ts(167,57): error TS2339: Property 'getMatchStatistics' does not exist on type 'MatchService'.
src/lib/hooks/use-realtime-matches.ts(343,34): error TS2339: Property 'status' does not exist on type '{} | Partial<{ [key: string]: any; }>'.
  Property 'status' does not exist on type '{}'.
src/lib/hooks/use-realtime-matches.ts(343,57): error TS2339: Property 'status' does not exist on type '{} | { [key: string]: any; }'.
  Property 'status' does not exist on type '{}'.
src/lib/hooks/use-realtime-matches.ts(345,40): error TS2339: Property 'id' does not exist on type '{} | { [key: string]: any; }'.
  Property 'id' does not exist on type '{}'.
src/lib/hooks/use-realtime-matches.ts(346,39): error TS2339: Property 'status' does not exist on type '{} | { [key: string]: any; }'.
  Property 'status' does not exist on type '{}'.
src/lib/hooks/use-realtime-matches.ts(347,42): error TS2339: Property 'status' does not exist on type '{} | { [key: string]: any; }'.
  Property 'status' does not exist on type '{}'.
src/lib/hooks/use-realtime-matches.ts(353,36): error TS2345: Argument of type '(prev: { id: string; type: "match_started" | "goal_scored" | "match_ended"; message: string; timestamp: string; }[]) => { id: string; type: string; message: string; timestamp: string; }[]' is not assignable to parameter of type 'SetStateAction<{ id: string; type: "match_started" | "goal_scored" | "match_ended"; message: string; timestamp: string; }[]>'.
  Type '(prev: { id: string; type: "match_started" | "goal_scored" | "match_ended"; message: string; timestamp: string; }[]) => { id: string; type: string; message: string; timestamp: string; }[]' is not assignable to type '(prevState: { id: string; type: "match_started" | "goal_scored" | "match_ended"; message: string; timestamp: string; }[]) => { id: string; type: "match_started" | "goal_scored" | "match_ended"; message: string; timestamp: string; }[]'.
    Type '{ id: string; type: string; message: string; timestamp: string; }[]' is not assignable to type '{ id: string; type: "match_started" | "goal_scored" | "match_ended"; message: string; timestamp: string; }[]'.
      Type '{ id: string; type: string; message: string; timestamp: string; }' is not assignable to type '{ id: string; type: "match_started" | "goal_scored" | "match_ended"; message: string; timestamp: string; }'.
        Types of property 'type' are incompatible.
          Type 'string' is not assignable to type '"match_started" | "goal_scored" | "match_ended"'.
src/lib/services/achievement.service.ts(189,71): error TS2339: Property 'points_value' does not exist on type 'never'.
src/lib/services/achievement.service.ts(190,75): error TS2339: Property 'achievement' does not exist on type 'never'.
src/lib/services/achievement.service.ts(201,27): error TS2339: Property 'earned_at' does not exist on type 'never'.
src/lib/services/achievement.service.ts(276,67): error TS2339: Property 'achievement_id' does not exist on type 'never'.
src/lib/services/achievement.service.ts(279,20): error TS2339: Property 'achievement' does not exist on type 'never'.
src/lib/services/achievement.service.ts(280,22): error TS2339: Property 'achievement' does not exist on type 'never'.
src/lib/services/achievement.service.ts(281,29): error TS2339: Property 'achievement' does not exist on type 'never'.
src/lib/services/achievement.service.ts(282,22): error TS2339: Property 'achievement' does not exist on type 'never'.
src/lib/services/achievement.service.ts(283,26): error TS2339: Property 'achievement' does not exist on type 'never'.
src/lib/services/achievement.service.ts(284,28): error TS2339: Property 'achievement' does not exist on type 'never'.
src/lib/services/achievement.service.ts(285,26): error TS2339: Property 'earned_at' does not exist on type 'never'.
src/lib/services/achievement.service.ts(286,25): error TS2339: Property 'context' does not exist on type 'never'.
src/lib/services/achievement.service.ts(378,75): error TS2339: Property 'achievement_id' does not exist on type 'never'.
src/lib/services/achievement.service.ts(383,68): error TS2339: Property 'id' does not exist on type 'never'.
src/lib/services/achievement.service.ts(561,45): error TS2345: Argument of type '{ date_filter: string; category_filter: AchievementCategory | null; limit_count: number; offset_count: number; }' is not assignable to parameter of type 'undefined'.
src/lib/services/achievement.service.ts(570,74): error TS2339: Property 'map' does not exist on type 'never'.
src/lib/services/achievement.service.ts(570,79): error TS7006: Parameter 'entry' implicitly has an 'any' type.
src/lib/services/achievement.service.ts(570,86): error TS7006: Parameter 'index' implicitly has an 'any' type.
src/lib/services/achievement.service.ts(629,46): error TS2345: Argument of type '{ achievement_id: string; }' is not assignable to parameter of type 'undefined'.
src/lib/services/achievement.service.ts(857,9): error TS2769: No overload matches this call.
  The last overload gave the following error.
    Argument of type '"postgres_changes"' is not assignable to parameter of type '"system"'.
src/lib/services/admin-dashboard.service.ts(91,19): error TS2345: Argument of type 'string' is not assignable to parameter of type '("id" extends keyof (Omit<Database, "__InternalSupabase">[("public" extends Exclude<keyof Database, "__InternalSupabase"> ? "public" : string & Exclude<...>) extends "public" ? "public" & ("public" extends Exclude<...> ? "public" : string & Exclude<...>) : "public"] extends GenericSchema ? Omit<...>[("public" extend...'.
src/lib/services/admin-dashboard.service.ts(139,38): error TS2339: Property 'full_name' does not exist on type 'SelectQueryError<"Processing node failed."> | SelectQueryError<"Could not retrieve a valid record or error value"> | { full_name: any; role: any; }'.
  Property 'full_name' does not exist on type 'SelectQueryError<"Processing node failed.">'.
src/lib/services/admin-dashboard.service.ts(141,31): error TS2339: Property 'role' does not exist on type 'SelectQueryError<"Processing node failed."> | SelectQueryError<"Could not retrieve a valid record or error value"> | { full_name: any; role: any; }'.
  Property 'role' does not exist on type 'SelectQueryError<"Processing node failed.">'.
src/lib/services/admin-dashboard.service.ts(185,38): error TS2345: Argument of type 'string' is not assignable to parameter of type '("created_by" extends keyof (Omit<Database, "__InternalSupabase">[("public" extends Exclude<keyof Database, "__InternalSupabase"> ? "public" : string & Exclude<...>) extends "public" ? "public" & ("public" extends Exclude<...> ? "public" : string & Exclude<...>) : "public"] extends GenericSchema ? Omit<...>[("public...'.
src/lib/services/admin-dashboard.service.ts(187,68): error TS2345: Argument of type 'boolean' is not assignable to parameter of type '("is_active" extends keyof (Omit<Database, "__InternalSupabase">[("public" extends Exclude<keyof Database, "__InternalSupabase"> ? "public" : string & Exclude<...>) extends "public" ? "public" & ("public" extends Exclude<...> ? "public" : string & Exclude<...>) : "public"] extends GenericSchema ? Omit<...>[("public"...'.
src/lib/services/admin-dashboard.service.ts(195,66): error TS2339: Property 'id' does not exist on type 'SelectQueryError<"Invalid Relationships cannot infer result type"> | SelectQueryError<"Processing node failed."> | SelectQueryError<"Could not retrieve a valid record or error value"> | { ...; }'.
  Property 'id' does not exist on type 'SelectQueryError<"Invalid Relationships cannot infer result type">'.
src/lib/services/admin-dashboard.service.ts(198,70): error TS2339: Property 'id' does not exist on type 'SelectQueryError<"Invalid Relationships cannot infer result type"> | SelectQueryError<"Processing node failed."> | SelectQueryError<"Could not retrieve a valid record or error value"> | { ...; }'.
  Property 'id' does not exist on type 'SelectQueryError<"Invalid Relationships cannot infer result type">'.
src/lib/services/admin-dashboard.service.ts(201,24): error TS2339: Property 'id' does not exist on type 'SelectQueryError<"Invalid Relationships cannot infer result type"> | SelectQueryError<"Processing node failed."> | SelectQueryError<"Could not retrieve a valid record or error value"> | { ...; }'.
  Property 'id' does not exist on type 'SelectQueryError<"Invalid Relationships cannot infer result type">'.
src/lib/services/admin-dashboard.service.ts(202,26): error TS2339: Property 'name' does not exist on type 'SelectQueryError<"Invalid Relationships cannot infer result type"> | SelectQueryError<"Processing node failed."> | SelectQueryError<"Could not retrieve a valid record or error value"> | { ...; }'.
  Property 'name' does not exist on type 'SelectQueryError<"Invalid Relationships cannot infer result type">'.
src/lib/services/admin-dashboard.service.ts(203,33): error TS2339: Property 'description' does not exist on type 'SelectQueryError<"Invalid Relationships cannot infer result type"> | SelectQueryError<"Processing node failed."> | SelectQueryError<"Could not retrieve a valid record or error value"> | { ...; }'.
  Property 'description' does not exist on type 'SelectQueryError<"Invalid Relationships cannot infer result type">'.
src/lib/services/admin-dashboard.service.ts(204,32): error TS2339: Property 'sport_type' does not exist on type 'SelectQueryError<"Invalid Relationships cannot infer result type"> | SelectQueryError<"Processing node failed."> | SelectQueryError<"Could not retrieve a valid record or error value"> | { ...; }'.
  Property 'sport_type' does not exist on type 'SelectQueryError<"Invalid Relationships cannot infer result type">'.
src/lib/services/admin-dashboard.service.ts(205,33): error TS2339: Property 'league_type' does not exist on type 'SelectQueryError<"Invalid Relationships cannot infer result type"> | SelectQueryError<"Processing node failed."> | SelectQueryError<"Could not retrieve a valid record or error value"> | { ...; }'.
  Property 'league_type' does not exist on type 'SelectQueryError<"Invalid Relationships cannot infer result type">'.
src/lib/services/admin-dashboard.service.ts(206,30): error TS2339: Property 'location' does not exist on type 'SelectQueryError<"Invalid Relationships cannot infer result type"> | SelectQueryError<"Processing node failed."> | SelectQueryError<"Could not retrieve a valid record or error value"> | { ...; }'.
  Property 'location' does not exist on type 'SelectQueryError<"Invalid Relationships cannot infer result type">'.
src/lib/services/admin-dashboard.service.ts(209,30): error TS2339: Property 'is_active' does not exist on type 'SelectQueryError<"Invalid Relationships cannot infer result type"> | SelectQueryError<"Processing node failed."> | SelectQueryError<"Could not retrieve a valid record or error value"> | { ...; }'.
  Property 'is_active' does not exist on type 'SelectQueryError<"Invalid Relationships cannot infer result type">'.
src/lib/services/admin-dashboard.service.ts(210,32): error TS2339: Property 'created_at' does not exist on type 'SelectQueryError<"Invalid Relationships cannot infer result type"> | SelectQueryError<"Processing node failed."> | SelectQueryError<"Could not retrieve a valid record or error value"> | { ...; }'.
  Property 'created_at' does not exist on type 'SelectQueryError<"Invalid Relationships cannot infer result type">'.
src/lib/services/admin-dashboard.service.ts(289,26): error TS2345: Argument of type 'string' is not assignable to parameter of type '("league_id" extends keyof (Omit<Database, "__InternalSupabase">[("public" extends Exclude<keyof Database, "__InternalSupabase"> ? "public" : string & Exclude<...>) extends "public" ? "public" & ("public" extends Exclude<...> ? "public" : string & Exclude<...>) : "public"] extends GenericSchema ? Omit<...>[("public"...'.
src/lib/services/admin-dashboard.service.ts(290,28): error TS2345: Argument of type 'boolean' is not assignable to parameter of type '("is_archived" extends keyof (Omit<Database, "__InternalSupabase">[("public" extends Exclude<keyof Database, "__InternalSupabase"> ? "public" : string & Exclude<...>) extends "public" ? "public" & ("public" extends Exclude<...> ? "public" : string & Exclude<...>) : "public"] extends GenericSchema ? Omit<...>[("publi...'.
src/lib/services/admin-dashboard.service.ts(308,26): error TS2345: Argument of type 'string' is not assignable to parameter of type '("league_id" extends keyof (Omit<Database, "__InternalSupabase">[("public" extends Exclude<keyof Database, "__InternalSupabase"> ? "public" : string & Exclude<...>) extends "public" ? "public" & ("public" extends Exclude<...> ? "public" : string & Exclude<...>) : "public"] extends GenericSchema ? Omit<...>[("public"...'.
src/lib/services/admin-dashboard.service.ts(309,28): error TS2345: Argument of type 'boolean' is not assignable to parameter of type '("is_archived" extends keyof (Omit<Database, "__InternalSupabase">[("public" extends Exclude<keyof Database, "__InternalSupabase"> ? "public" : string & Exclude<...>) extends "public" ? "public" & ("public" extends Exclude<...> ? "public" : string & Exclude<...>) : "public"] extends GenericSchema ? Omit<...>[("publi...'.
src/lib/services/admin-dashboard.service.ts(317,40): error TS2339: Property 'id' does not exist on type 'SelectQueryError<"Invalid Relationships cannot infer result type"> | SelectQueryError<"Processing node failed."> | SelectQueryError<"Could not retrieve a valid record or error value"> | { ...; }'.
  Property 'id' does not exist on type 'SelectQueryError<"Invalid Relationships cannot infer result type">'.
src/lib/services/admin-dashboard.service.ts(323,26): error TS2345: Argument of type 'boolean' is not assignable to parameter of type '("is_active" extends keyof (Omit<Database, "__InternalSupabase">[("public" extends Exclude<keyof Database, "__InternalSupabase"> ? "public" : string & Exclude<...>) extends "public" ? "public" & ("public" extends Exclude<...> ? "public" : string & Exclude<...>) : "public"] extends GenericSchema ? Omit<...>[("public"...'.
src/lib/services/admin-dashboard.service.ts(346,26): error TS2345: Argument of type 'string[]' is not assignable to parameter of type 'readonly (("league_id" extends keyof (Omit<Database, "__InternalSupabase">[("public" extends Exclude<keyof Database, "__InternalSupabase"> ? "public" : string & Exclude<...>) extends "public" ? "public" & ("public" extends Exclude<...> ? "public" : string & Exclude<...>) : "public"] extends GenericSchema ? Omit<...>...'.
  Type 'string' is not assignable to type '("league_id" extends keyof (Omit<Database, "__InternalSupabase">[("public" extends Exclude<keyof Database, "__InternalSupabase"> ? "public" : string & Exclude<...>) extends "public" ? "public" & ("public" extends Exclude<...> ? "public" : string & Exclude<...>) : "public"] extends GenericSchema ? Omit<...>[("public"...'.
src/lib/services/admin-dashboard.service.ts(347,28): error TS2345: Argument of type 'boolean' is not assignable to parameter of type '("is_archived" extends keyof (Omit<Database, "__InternalSupabase">[("public" extends Exclude<keyof Database, "__InternalSupabase"> ? "public" : string & Exclude<...>) extends "public" ? "public" & ("public" extends Exclude<...> ? "public" : string & Exclude<...>) : "public"] extends GenericSchema ? Omit<...>[("publi...'.
src/lib/services/admin-dashboard.service.ts(354,40): error TS2339: Property 'id' does not exist on type 'SelectQueryError<"Invalid Relationships cannot infer result type"> | SelectQueryError<"Processing node failed."> | SelectQueryError<"Could not retrieve a valid record or error value"> | { ...; }'.
  Property 'id' does not exist on type 'SelectQueryError<"Invalid Relationships cannot infer result type">'.
src/lib/services/admin-dashboard.service.ts(365,23): error TS2345: Argument of type 'string' is not assignable to parameter of type '("status" extends keyof (Omit<Database, "__InternalSupabase">[("public" extends Exclude<keyof Database, "__InternalSupabase"> ? "public" : string & Exclude<...>) extends "public" ? "public" & ("public" extends Exclude<...> ? "public" : string & Exclude<...>) : "public"] extends GenericSchema ? Omit<...>[("public" ex...'.
src/lib/services/admin-dashboard.service.ts(382,19): error TS2345: Argument of type 'string[]' is not assignable to parameter of type 'readonly (("id" extends keyof (Omit<Database, "__InternalSupabase">[("public" extends Exclude<keyof Database, "__InternalSupabase"> ? "public" : string & Exclude<...>) extends "public" ? "public" & ("public" extends Exclude<...> ? "public" : string & Exclude<...>) : "public"] extends GenericSchema ? Omit<...>[("publ...'.
  Type 'string' is not assignable to type '("id" extends keyof (Omit<Database, "__InternalSupabase">[("public" extends Exclude<keyof Database, "__InternalSupabase"> ? "public" : string & Exclude<...>) extends "public" ? "public" & ("public" extends Exclude<...> ? "public" : string & Exclude<...>) : "public"] extends GenericSchema ? Omit<...>[("public" extend...'.
src/lib/services/admin-dashboard.service.ts(384,59): error TS2339: Property 'user_id' does not exist on type 'SelectQueryError<"Invalid Relationships cannot infer result type"> | SelectQueryError<"Processing node failed."> | SelectQueryError<"Could not retrieve a valid record or error value"> | { ...; }'.
  Property 'user_id' does not exist on type 'SelectQueryError<"Invalid Relationships cannot infer result type">'.
src/lib/services/admin-dashboard.service.ts(392,18): error TS2339: Property 'id' does not exist on type 'SelectQueryError<"Invalid Relationships cannot infer result type"> | SelectQueryError<"Processing node failed."> | SelectQueryError<"Could not retrieve a valid record or error value"> | { ...; }'.
  Property 'id' does not exist on type 'SelectQueryError<"Invalid Relationships cannot infer result type">'.
src/lib/services/admin-dashboard.service.ts(397,20): error TS2339: Property 'id' does not exist on type 'SelectQueryError<"Invalid Relationships cannot infer result type"> | SelectQueryError<"Processing node failed."> | SelectQueryError<"Could not retrieve a valid record or error value"> | { ...; }'.
  Property 'id' does not exist on type 'SelectQueryError<"Invalid Relationships cannot infer result type">'.
src/lib/services/admin-dashboard.service.ts(402,18): error TS2339: Property 'id' does not exist on type 'SelectQueryError<"Invalid Relationships cannot infer result type"> | SelectQueryError<"Processing node failed."> | SelectQueryError<"Could not retrieve a valid record or error value"> | { ...; }'.
  Property 'id' does not exist on type 'SelectQueryError<"Invalid Relationships cannot infer result type">'.
src/lib/services/admin-dashboard.service.ts(407,39): error TS2339: Property 'team_id' does not exist on type 'SelectQueryError<"Invalid Relationships cannot infer result type"> | SelectQueryError<"Processing node failed."> | SelectQueryError<"Could not retrieve a valid record or error value"> | { ...; }'.
  Property 'team_id' does not exist on type 'SelectQueryError<"Invalid Relationships cannot infer result type">'.
src/lib/services/admin-dashboard.service.ts(409,39): error TS2339: Property 'user_id' does not exist on type 'SelectQueryError<"Invalid Relationships cannot infer result type"> | SelectQueryError<"Processing node failed."> | SelectQueryError<"Could not retrieve a valid record or error value"> | { ...; }'.
  Property 'user_id' does not exist on type 'SelectQueryError<"Invalid Relationships cannot infer result type">'.
src/lib/services/admin-dashboard.service.ts(412,23): error TS2339: Property 'id' does not exist on type 'SelectQueryError<"Invalid Relationships cannot infer result type"> | SelectQueryError<"Processing node failed."> | SelectQueryError<"Could not retrieve a valid record or error value"> | { ...; }'.
  Property 'id' does not exist on type 'SelectQueryError<"Invalid Relationships cannot infer result type">'.
src/lib/services/admin-dashboard.service.ts(417,30): error TS2339: Property 'created_at' does not exist on type 'SelectQueryError<"Invalid Relationships cannot infer result type"> | SelectQueryError<"Processing node failed."> | SelectQueryError<"Could not retrieve a valid record or error value"> | { ...; }'.
  Property 'created_at' does not exist on type 'SelectQueryError<"Invalid Relationships cannot infer result type">'.
src/lib/services/admin-dashboard.service.ts(456,26): error TS2345: Argument of type 'string[]' is not assignable to parameter of type 'readonly (("league_id" extends keyof (Omit<Database, "__InternalSupabase">[("public" extends Exclude<keyof Database, "__InternalSupabase"> ? "public" : string & Exclude<...>) extends "public" ? "public" & ("public" extends Exclude<...> ? "public" : string & Exclude<...>) : "public"] extends GenericSchema ? Omit<...>...'.
  Type 'string' is not assignable to type '("league_id" extends keyof (Omit<Database, "__InternalSupabase">[("public" extends Exclude<keyof Database, "__InternalSupabase"> ? "public" : string & Exclude<...>) extends "public" ? "public" & ("public" extends Exclude<...> ? "public" : string & Exclude<...>) : "public"] extends GenericSchema ? Omit<...>[("public"...'.
src/lib/services/admin-dashboard.service.ts(457,28): error TS2345: Argument of type 'boolean' is not assignable to parameter of type '("is_archived" extends keyof (Omit<Database, "__InternalSupabase">[("public" extends Exclude<keyof Database, "__InternalSupabase"> ? "public" : string & Exclude<...>) extends "public" ? "public" & ("public" extends Exclude<...> ? "public" : string & Exclude<...>) : "public"] extends GenericSchema ? Omit<...>[("publi...'.
src/lib/services/admin-dashboard.service.ts(466,49): error TS2339: Property 'id' does not exist on type 'SelectQueryError<"Invalid Relationships cannot infer result type"> | SelectQueryError<"Processing node failed."> | SelectQueryError<"Could not retrieve a valid record or error value"> | { ...; } | { [K in keyof (FindDuplicatesWithinDeduplicated<...> extends infer Duplicates ? Duplicates extends never ? false : Dupli...'.
  Property 'id' does not exist on type 'SelectQueryError<"Invalid Relationships cannot infer result type">'.
src/lib/services/admin-dashboard.service.ts(471,40): error TS2339: Property 'name' does not exist on type 'SelectQueryError<"Invalid Relationships cannot infer result type"> | SelectQueryError<"Processing node failed."> | SelectQueryError<"Could not retrieve a valid record or error value"> | { ...; } | { [K in keyof (FindDuplicatesWithinDeduplicated<...> extends infer Duplicates ? Duplicates extends never ? false : Dupli...'.
  Property 'name' does not exist on type 'SelectQueryError<"Invalid Relationships cannot infer result type">'.
src/lib/services/admin-dashboard.service.ts(471,62): error TS2339: Property 'leagues' does not exist on type 'SelectQueryError<"Invalid Relationships cannot infer result type"> | SelectQueryError<"Processing node failed."> | SelectQueryError<"Could not retrieve a valid record or error value"> | { ...; } | { [K in keyof (FindDuplicatesWithinDeduplicated<...> extends infer Duplicates ? Duplicates extends never ? false : Dupli...'.
  Property 'leagues' does not exist on type 'SelectQueryError<"Invalid Relationships cannot infer result type">'.
src/lib/services/admin-dashboard.service.ts(472,29): error TS2339: Property 'created_at' does not exist on type 'SelectQueryError<"Invalid Relationships cannot infer result type"> | SelectQueryError<"Processing node failed."> | SelectQueryError<"Could not retrieve a valid record or error value"> | { ...; } | { [K in keyof (FindDuplicatesWithinDeduplicated<...> extends infer Duplicates ? Duplicates extends never ? false : Dupli...'.
  Property 'created_at' does not exist on type 'SelectQueryError<"Invalid Relationships cannot infer result type">'.
src/lib/services/admin-dashboard.service.ts(475,24): error TS2339: Property 'id' does not exist on type 'SelectQueryError<"Invalid Relationships cannot infer result type"> | SelectQueryError<"Processing node failed."> | SelectQueryError<"Could not retrieve a valid record or error value"> | { ...; } | { [K in keyof (FindDuplicatesWithinDeduplicated<...> extends infer Duplicates ? Duplicates extends never ? false : Dupli...'.
  Property 'id' does not exist on type 'SelectQueryError<"Invalid Relationships cannot infer result type">'.
src/lib/services/admin-dashboard.service.ts(476,26): error TS2339: Property 'name' does not exist on type 'SelectQueryError<"Invalid Relationships cannot infer result type"> | SelectQueryError<"Processing node failed."> | SelectQueryError<"Could not retrieve a valid record or error value"> | { ...; } | { [K in keyof (FindDuplicatesWithinDeduplicated<...> extends infer Duplicates ? Duplicates extends never ? false : Dupli...'.
  Property 'name' does not exist on type 'SelectQueryError<"Invalid Relationships cannot infer result type">'.
src/lib/services/admin-dashboard.service.ts(513,26): error TS2345: Argument of type 'string[]' is not assignable to parameter of type 'readonly (("league_id" extends keyof (Omit<Database, "__InternalSupabase">[("public" extends Exclude<keyof Database, "__InternalSupabase"> ? "public" : string & Exclude<...>) extends "public" ? "public" & ("public" extends Exclude<...> ? "public" : string & Exclude<...>) : "public"] extends GenericSchema ? Omit<...>...'.
  Type 'string' is not assignable to type '("league_id" extends keyof (Omit<Database, "__InternalSupabase">[("public" extends Exclude<keyof Database, "__InternalSupabase"> ? "public" : string & Exclude<...>) extends "public" ? "public" & ("public" extends Exclude<...> ? "public" : string & Exclude<...>) : "public"] extends GenericSchema ? Omit<...>[("public"...'.
src/lib/services/admin-dashboard.service.ts(514,28): error TS2345: Argument of type 'boolean' is not assignable to parameter of type '("is_archived" extends keyof (Omit<Database, "__InternalSupabase">[("public" extends Exclude<keyof Database, "__InternalSupabase"> ? "public" : string & Exclude<...>) extends "public" ? "public" & ("public" extends Exclude<...> ? "public" : string & Exclude<...>) : "public"] extends GenericSchema ? Omit<...>[("publi...'.
src/lib/services/admin-dashboard.service.ts(521,40): error TS2339: Property 'id' does not exist on type 'SelectQueryError<"Invalid Relationships cannot infer result type"> | SelectQueryError<"Processing node failed."> | SelectQueryError<"Could not retrieve a valid record or error value"> | { ...; }'.
  Property 'id' does not exist on type 'SelectQueryError<"Invalid Relationships cannot infer result type">'.
src/lib/services/admin-dashboard.service.ts(526,23): error TS2345: Argument of type 'string' is not assignable to parameter of type '("status" extends keyof (Omit<Database, "__InternalSupabase">[("public" extends Exclude<keyof Database, "__InternalSupabase"> ? "public" : string & Exclude<...>) extends "public" ? "public" & ("public" extends Exclude<...> ? "public" : string & Exclude<...>) : "public"] extends GenericSchema ? Omit<...>[("public" ex...'.
src/lib/services/admin-dashboard.service.ts(552,26): error TS2345: Argument of type 'string[]' is not assignable to parameter of type 'readonly (("league_id" extends keyof (Omit<Database, "__InternalSupabase">[("public" extends Exclude<keyof Database, "__InternalSupabase"> ? "public" : string & Exclude<...>) extends "public" ? "public" & ("public" extends Exclude<...> ? "public" : string & Exclude<...>) : "public"] extends GenericSchema ? Omit<...>...'.
  Type 'string' is not assignable to type '("league_id" extends keyof (Omit<Database, "__InternalSupabase">[("public" extends Exclude<keyof Database, "__InternalSupabase"> ? "public" : string & Exclude<...>) extends "public" ? "public" & ("public" extends Exclude<...> ? "public" : string & Exclude<...>) : "public"] extends GenericSchema ? Omit<...>[("public"...'.
src/lib/services/admin-dashboard.service.ts(554,23): error TS2345: Argument of type 'string' is not assignable to parameter of type '("status" extends keyof (Omit<Database, "__InternalSupabase">[("public" extends Exclude<keyof Database, "__InternalSupabase"> ? "public" : string & Exclude<...>) extends "public" ? "public" & ("public" extends Exclude<...> ? "public" : string & Exclude<...>) : "public"] extends GenericSchema ? Omit<...>[("public" ex...'.
src/lib/services/admin-dashboard.service.ts(585,26): error TS2345: Argument of type 'string[]' is not assignable to parameter of type 'readonly (("league_id" extends keyof (Omit<Database, "__InternalSupabase">[("public" extends Exclude<keyof Database, "__InternalSupabase"> ? "public" : string & Exclude<...>) extends "public" ? "public" & ("public" extends Exclude<...> ? "public" : string & Exclude<...>) : "public"] extends GenericSchema ? Omit<...>...'.
  Type 'string' is not assignable to type '("league_id" extends keyof (Omit<Database, "__InternalSupabase">[("public" extends Exclude<keyof Database, "__InternalSupabase"> ? "public" : string & Exclude<...>) extends "public" ? "public" & ("public" extends Exclude<...> ? "public" : string & Exclude<...>) : "public"] extends GenericSchema ? Omit<...>[("public"...'.
src/lib/services/admin-dashboard.service.ts(586,28): error TS2345: Argument of type 'boolean' is not assignable to parameter of type '("is_archived" extends keyof (Omit<Database, "__InternalSupabase">[("public" extends Exclude<keyof Database, "__InternalSupabase"> ? "public" : string & Exclude<...>) extends "public" ? "public" & ("public" extends Exclude<...> ? "public" : string & Exclude<...>) : "public"] extends GenericSchema ? Omit<...>[("publi...'.
src/lib/services/admin-dashboard.service.ts(593,26): error TS2345: Argument of type 'string[]' is not assignable to parameter of type 'readonly (("league_id" extends keyof (Omit<Database, "__InternalSupabase">[("public" extends Exclude<keyof Database, "__InternalSupabase"> ? "public" : string & Exclude<...>) extends "public" ? "public" & ("public" extends Exclude<...> ? "public" : string & Exclude<...>) : "public"] extends GenericSchema ? Omit<...>...'.
  Type 'string' is not assignable to type '("league_id" extends keyof (Omit<Database, "__InternalSupabase">[("public" extends Exclude<keyof Database, "__InternalSupabase"> ? "public" : string & Exclude<...>) extends "public" ? "public" & ("public" extends Exclude<...> ? "public" : string & Exclude<...>) : "public"] extends GenericSchema ? Omit<...>[("public"...'.
src/lib/services/admin-dashboard.service.ts(594,28): error TS2345: Argument of type 'boolean' is not assignable to parameter of type '("is_archived" extends keyof (Omit<Database, "__InternalSupabase">[("public" extends Exclude<keyof Database, "__InternalSupabase"> ? "public" : string & Exclude<...>) extends "public" ? "public" & ("public" extends Exclude<...> ? "public" : string & Exclude<...>) : "public"] extends GenericSchema ? Omit<...>[("publi...'.
src/lib/services/analytics.service.ts(127,44): error TS7006: Parameter 'acc' implicitly has an 'any' type.
src/lib/services/analytics.service.ts(127,49): error TS7006: Parameter 'stat' implicitly has an 'any' type.
src/lib/services/analytics.service.ts(136,30): error TS7006: Parameter 'stat' implicitly has an 'any' type.
src/lib/services/league-detail.service.ts(227,19): error TS2345: Argument of type 'string' is not assignable to parameter of type '("id" extends keyof (Omit<Database, "__InternalSupabase">[("public" extends Exclude<keyof Database, "__InternalSupabase"> ? "public" : string & Exclude<...>) extends "public" ? "public" & ("public" extends Exclude<...> ? "public" : string & Exclude<...>) : "public"] extends GenericSchema ? Omit<...>[("public" extend...'.
src/lib/services/league-detail.service.ts(280,9): error TS2322: Type 'SelectQueryError<"Invalid Relationships cannot infer result type"> | SelectQueryError<"Processing node failed."> | SelectQueryError<"Could not retrieve a valid record or error value">' is not assignable to type '{ id: string; name: string; description: string | null; sport_type: string; league_type: string; location: string | null; season_start: string | null; season_end: string | null; max_teams: number | null; ... 10 more ...; updated_at: string; }'.
  Type '{ error: true; } & String' is missing the following properties from type '{ id: string; name: string; description: string | null; sport_type: string; league_type: string; location: string | null; season_start: string | null; season_end: string | null; max_teams: number | null; ... 10 more ...; updated_at: string; }': id, name, description, sport_type, and 16 more.
src/lib/services/league-detail.service.ts(321,19): error TS2345: Argument of type 'string' is not assignable to parameter of type '("id" extends keyof (Omit<Database, "__InternalSupabase">[("public" extends Exclude<keyof Database, "__InternalSupabase"> ? "public" : string & Exclude<...>) extends "public" ? "public" & ("public" extends Exclude<...> ? "public" : string & Exclude<...>) : "public"] extends GenericSchema ? Omit<...>[("public" extend...'.
src/lib/services/league-detail.service.ts(326,18): error TS2339: Property 'created_by' does not exist on type 'SelectQueryError<"Invalid Relationships cannot infer result type"> | SelectQueryError<"Processing node failed."> | SelectQueryError<"Could not retrieve a valid record or error value"> | { ...; }'.
  Property 'created_by' does not exist on type 'SelectQueryError<"Invalid Relationships cannot infer result type">'.
src/lib/services/league-detail.service.ts(334,19): error TS2345: Argument of type 'string' is not assignable to parameter of type '("id" extends keyof (Omit<Database, "__InternalSupabase">[("public" extends Exclude<keyof Database, "__InternalSupabase"> ? "public" : string & Exclude<...>) extends "public" ? "public" & ("public" extends Exclude<...> ? "public" : string & Exclude<...>) : "public"] extends GenericSchema ? Omit<...>[("public" extend...'.
src/lib/services/league-detail.service.ts(339,90): error TS2339: Property 'role' does not exist on type 'SelectQueryError<"Invalid Relationships cannot infer result type"> | SelectQueryError<"Processing node failed."> | SelectQueryError<"Could not retrieve a valid record or error value"> | { ...; }'.
  Property 'role' does not exist on type 'SelectQueryError<"Invalid Relationships cannot infer result type">'.
src/lib/services/league-detail.service.ts(361,26): error TS2345: Argument of type 'string' is not assignable to parameter of type '("league_id" extends keyof (Omit<Database, "__InternalSupabase">[("public" extends Exclude<keyof Database, "__InternalSupabase"> ? "public" : string & Exclude<...>) extends "public" ? "public" & ("public" extends Exclude<...> ? "public" : string & Exclude<...>) : "public"] extends GenericSchema ? Omit<...>[("public"...'.
src/lib/services/league-detail.service.ts(362,27): error TS2345: Argument of type 'boolean' is not assignable to parameter of type '("is_current" extends keyof (Omit<Database, "__InternalSupabase">[("public" extends Exclude<keyof Database, "__InternalSupabase"> ? "public" : string & Exclude<...>) extends "public" ? "public" & ("public" extends Exclude<...> ? "public" : string & Exclude<...>) : "public"] extends GenericSchema ? Omit<...>[("public...'.
src/lib/services/league-detail.service.ts(390,40): error TS2339: Property 'id' does not exist on type 'SelectQueryError<"Processing node failed."> | SelectQueryError<"Could not retrieve a valid record or error value"> | { id: any; }'.
  Property 'id' does not exist on type 'SelectQueryError<"Processing node failed.">'.
src/lib/services/league-detail.service.ts(391,24): error TS2322: Type 'string' is not assignable to type '("status" extends keyof (Omit<Database, "__InternalSupabase">[("public" extends Exclude<keyof Database, "__InternalSupabase"> ? "public" : string & Exclude<...>) extends "public" ? "public" & ("public" extends Exclude<...> ? "public" : string & Exclude<...>) : "public"] extends GenericSchema ? Omit<...>[("public" ex...'.
src/lib/services/league-detail.service.ts(391,38): error TS2322: Type 'string' is not assignable to type '("status" extends keyof (Omit<Database, "__InternalSupabase">[("public" extends Exclude<keyof Database, "__InternalSupabase"> ? "public" : string & Exclude<...>) extends "public" ? "public" & ("public" extends Exclude<...> ? "public" : string & Exclude<...>) : "public"] extends GenericSchema ? Omit<...>[("public" ex...'.
src/lib/services/league-detail.service.ts(400,13): error TS2322: Type '{ team_id: any; team_name: any; team_color: any; team_logo_url: null; joined_at: any; is_active: boolean; member_count: any; }[]' is not assignable to type 'LeagueTeam[]'.
  Type '{ team_id: any; team_name: any; team_color: any; team_logo_url: null; joined_at: any; is_active: boolean; member_count: any; }' is not assignable to type 'LeagueTeam'.
    Types of property 'team_logo_url' are incompatible.
      Type 'null' is not assignable to type 'string | undefined'.
src/lib/services/league-detail.service.ts(401,23): error TS2339: Property 'team' does not exist on type 'SelectQueryError<"Processing node failed."> | SelectQueryError<"Could not retrieve a valid record or error value"> | { team: { id: any; ... 4 more ...; team_members: { ...; }[]; }[]; } | { [K in keyof (FindDuplicatesWithinDeduplicated<...> extends infer Duplicates ? Duplicates extends never ? false : Duplicates exte...'.
  Property 'team' does not exist on type 'SelectQueryError<"Processing node failed.">'.
src/lib/services/league-detail.service.ts(438,26): error TS2345: Argument of type 'string' is not assignable to parameter of type '("league_id" extends keyof (Omit<Database, "__InternalSupabase">[("public" extends Exclude<keyof Database, "__InternalSupabase"> ? "public" : string & Exclude<...>) extends "public" ? "public" & ("public" extends Exclude<...> ? "public" : string & Exclude<...>) : "public"] extends GenericSchema ? Omit<...>[("public"...'.
src/lib/services/league-detail.service.ts(439,28): error TS2345: Argument of type 'boolean' is not assignable to parameter of type '("is_archived" extends keyof (Omit<Database, "__InternalSupabase">[("public" extends Exclude<keyof Database, "__InternalSupabase"> ? "public" : string & Exclude<...>) extends "public" ? "public" & ("public" extends Exclude<...> ? "public" : string & Exclude<...>) : "public"] extends GenericSchema ? Omit<...>[("publi...'.
src/lib/services/league-detail.service.ts(447,26): error TS2345: Argument of type 'string' is not assignable to parameter of type '("league_id" extends keyof (Omit<Database, "__InternalSupabase">[("public" extends Exclude<keyof Database, "__InternalSupabase"> ? "public" : string & Exclude<...>) extends "public" ? "public" & ("public" extends Exclude<...> ? "public" : string & Exclude<...>) : "public"] extends GenericSchema ? Omit<...>[("public"...'.
src/lib/services/league-detail.service.ts(448,28): error TS2345: Argument of type 'boolean' is not assignable to parameter of type '("is_archived" extends keyof (Omit<Database, "__InternalSupabase">[("public" extends Exclude<keyof Database, "__InternalSupabase"> ? "public" : string & Exclude<...>) extends "public" ? "public" & ("public" extends Exclude<...> ? "public" : string & Exclude<...>) : "public"] extends GenericSchema ? Omit<...>[("publi...'.
src/lib/services/league-detail.service.ts(457,43): error TS2339: Property 'id' does not exist on type 'SelectQueryError<"Invalid Relationships cannot infer result type"> | SelectQueryError<"Processing node failed."> | SelectQueryError<"Could not retrieve a valid record or error value"> | { ...; }'.
  Property 'id' does not exist on type 'SelectQueryError<"Invalid Relationships cannot infer result type">'.
src/lib/services/league-detail.service.ts(458,28): error TS2345: Argument of type 'boolean' is not assignable to parameter of type '("is_active" extends keyof (Omit<Database, "__InternalSupabase">[("public" extends Exclude<keyof Database, "__InternalSupabase"> ? "public" : string & Exclude<...>) extends "public" ? "public" & ("public" extends Exclude<...> ? "public" : string & Exclude<...>) : "public"] extends GenericSchema ? Omit<...>[("public"...'.
src/lib/services/league-detail.service.ts(468,26): error TS2345: Argument of type 'string' is not assignable to parameter of type '("league_id" extends keyof (Omit<Database, "__InternalSupabase">[("public" extends Exclude<keyof Database, "__InternalSupabase"> ? "public" : string & Exclude<...>) extends "public" ? "public" & ("public" extends Exclude<...> ? "public" : string & Exclude<...>) : "public"] extends GenericSchema ? Omit<...>[("public"...'.
src/lib/services/league-detail.service.ts(475,26): error TS2345: Argument of type 'string' is not assignable to parameter of type '("league_id" extends keyof (Omit<Database, "__InternalSupabase">[("public" extends Exclude<keyof Database, "__InternalSupabase"> ? "public" : string & Exclude<...>) extends "public" ? "public" & ("public" extends Exclude<...> ? "public" : string & Exclude<...>) : "public"] extends GenericSchema ? Omit<...>[("public"...'.
src/lib/services/league-detail.service.ts(476,23): error TS2345: Argument of type 'string' is not assignable to parameter of type '("status" extends keyof (Omit<Database, "__InternalSupabase">[("public" extends Exclude<keyof Database, "__InternalSupabase"> ? "public" : string & Exclude<...>) extends "public" ? "public" & ("public" extends Exclude<...> ? "public" : string & Exclude<...>) : "public"] extends GenericSchema ? Omit<...>[("public" ex...'.
src/lib/services/league-detail.service.ts(511,26): error TS2345: Argument of type 'string' is not assignable to parameter of type '("league_id" extends keyof (Omit<Database, "__InternalSupabase">[("public" extends Exclude<keyof Database, "__InternalSupabase"> ? "public" : string & Exclude<...>) extends "public" ? "public" & ("public" extends Exclude<...> ? "public" : string & Exclude<...>) : "public"] extends GenericSchema ? Omit<...>[("public"...'.
src/lib/services/league-detail.service.ts(512,27): error TS2345: Argument of type 'boolean' is not assignable to parameter of type '("is_current" extends keyof (Omit<Database, "__InternalSupabase">[("public" extends Exclude<keyof Database, "__InternalSupabase"> ? "public" : string & Exclude<...>) extends "public" ? "public" & ("public" extends Exclude<...> ? "public" : string & Exclude<...>) : "public"] extends GenericSchema ? Omit<...>[("public...'.
src/lib/services/league-detail.service.ts(533,40): error TS2339: Property 'id' does not exist on type 'SelectQueryError<"Processing node failed."> | SelectQueryError<"Could not retrieve a valid record or error value"> | { id: any; }'.
  Property 'id' does not exist on type 'SelectQueryError<"Processing node failed.">'.
src/lib/services/league-detail.service.ts(534,24): error TS2322: Type 'string' is not assignable to type '("status" extends keyof (Omit<Database, "__InternalSupabase">[("public" extends Exclude<keyof Database, "__InternalSupabase"> ? "public" : string & Exclude<...>) extends "public" ? "public" & ("public" extends Exclude<...> ? "public" : string & Exclude<...>) : "public"] extends GenericSchema ? Omit<...>[("public" ex...'.
src/lib/services/league-detail.service.ts(534,38): error TS2322: Type 'string' is not assignable to type '("status" extends keyof (Omit<Database, "__InternalSupabase">[("public" extends Exclude<keyof Database, "__InternalSupabase"> ? "public" : string & Exclude<...>) extends "public" ? "public" & ("public" extends Exclude<...> ? "public" : string & Exclude<...>) : "public"] extends GenericSchema ? Omit<...>[("public" ex...'.
src/lib/services/league-detail.service.ts(542,47): error TS2339: Property 'team' does not exist on type 'SelectQueryError<"Processing node failed."> | SelectQueryError<"Could not retrieve a valid record or error value"> | { team: { id: any; name: any; }[]; } | { [K in keyof (FindDuplicatesWithinDeduplicated<...> extends infer Duplicates ? Duplicates extends never ? false : Duplicates extends { ...; } ? FieldName extend...'.
  Property 'team' does not exist on type 'SelectQueryError<"Processing node failed.">'.
src/lib/services/league-detail.service.ts(562,23): error TS2345: Argument of type 'string' is not assignable to parameter of type '("status" extends keyof (Omit<Database, "__InternalSupabase">[("public" extends Exclude<keyof Database, "__InternalSupabase"> ? "public" : string & Exclude<...>) extends "public" ? "public" & ("public" extends Exclude<...> ? "public" : string & Exclude<...>) : "public"] extends GenericSchema ? Omit<...>[("public" ex...'.
src/lib/services/league-detail.service.ts(583,59): error TS2339: Property 'user_id' does not exist on type 'SelectQueryError<"Invalid Relationships cannot infer result type"> | SelectQueryError<"Processing node failed."> | SelectQueryError<"Could not retrieve a valid record or error value"> | { ...; }'.
  Property 'user_id' does not exist on type 'SelectQueryError<"Invalid Relationships cannot infer result type">'.
src/lib/services/league-detail.service.ts(610,18): error TS2339: Property 'id' does not exist on type 'SelectQueryError<"Invalid Relationships cannot infer result type"> | SelectQueryError<"Processing node failed."> | SelectQueryError<"Could not retrieve a valid record or error value"> | { ...; }'.
  Property 'id' does not exist on type 'SelectQueryError<"Invalid Relationships cannot infer result type">'.
src/lib/services/league-detail.service.ts(615,13): error TS2322: Type '{ id: any; team_id: any; league_id: string; requested_by: any; message: any; status: "pending"; created_at: any; reviewed_at: null; reviewed_by: null; response_message: null; team: { id: any; name: any; }; league: { ...; }; requested_by_user: { ...; }; }[]' is not assignable to type 'TeamLeagueRequestWithDetails[]'.
  Type '{ id: any; team_id: any; league_id: string; requested_by: any; message: any; status: "pending"; created_at: any; reviewed_at: null; reviewed_by: null; response_message: null; team: { id: any; name: any; }; league: { ...; }; requested_by_user: { ...; }; }' is missing the following properties from type 'TeamLeagueRequestWithDetails': teams, leagues, teamId, leagueId, and 3 more.
src/lib/services/league-detail.service.ts(616,39): error TS2339: Property 'team_id' does not exist on type 'SelectQueryError<"Invalid Relationships cannot infer result type"> | SelectQueryError<"Processing node failed."> | SelectQueryError<"Could not retrieve a valid record or error value"> | { ...; }'.
  Property 'team_id' does not exist on type 'SelectQueryError<"Invalid Relationships cannot infer result type">'.
src/lib/services/league-detail.service.ts(617,39): error TS2339: Property 'user_id' does not exist on type 'SelectQueryError<"Invalid Relationships cannot infer result type"> | SelectQueryError<"Processing node failed."> | SelectQueryError<"Could not retrieve a valid record or error value"> | { ...; }'.
  Property 'user_id' does not exist on type 'SelectQueryError<"Invalid Relationships cannot infer result type">'.
src/lib/services/league-detail.service.ts(620,23): error TS2339: Property 'id' does not exist on type 'SelectQueryError<"Invalid Relationships cannot infer result type"> | SelectQueryError<"Processing node failed."> | SelectQueryError<"Could not retrieve a valid record or error value"> | { ...; }'.
  Property 'id' does not exist on type 'SelectQueryError<"Invalid Relationships cannot infer result type">'.
src/lib/services/league-detail.service.ts(621,28): error TS2339: Property 'team_id' does not exist on type 'SelectQueryError<"Invalid Relationships cannot infer result type"> | SelectQueryError<"Processing node failed."> | SelectQueryError<"Could not retrieve a valid record or error value"> | { ...; }'.
  Property 'team_id' does not exist on type 'SelectQueryError<"Invalid Relationships cannot infer result type">'.
src/lib/services/league-detail.service.ts(623,33): error TS2339: Property 'user_id' does not exist on type 'SelectQueryError<"Invalid Relationships cannot infer result type"> | SelectQueryError<"Processing node failed."> | SelectQueryError<"Could not retrieve a valid record or error value"> | { ...; }'.
  Property 'user_id' does not exist on type 'SelectQueryError<"Invalid Relationships cannot infer result type">'.
src/lib/services/league-detail.service.ts(624,28): error TS2339: Property 'message' does not exist on type 'SelectQueryError<"Invalid Relationships cannot infer result type"> | SelectQueryError<"Processing node failed."> | SelectQueryError<"Could not retrieve a valid record or error value"> | { ...; }'.
  Property 'message' does not exist on type 'SelectQueryError<"Invalid Relationships cannot infer result type">'.
src/lib/services/league-detail.service.ts(625,27): error TS2339: Property 'status' does not exist on type 'SelectQueryError<"Invalid Relationships cannot infer result type"> | SelectQueryError<"Processing node failed."> | SelectQueryError<"Could not retrieve a valid record or error value"> | { ...; }'.
  Property 'status' does not exist on type 'SelectQueryError<"Invalid Relationships cannot infer result type">'.
src/lib/services/league-detail.service.ts(626,31): error TS2339: Property 'created_at' does not exist on type 'SelectQueryError<"Invalid Relationships cannot infer result type"> | SelectQueryError<"Processing node failed."> | SelectQueryError<"Could not retrieve a valid record or error value"> | { ...; }'.
  Property 'created_at' does not exist on type 'SelectQueryError<"Invalid Relationships cannot infer result type">'.
src/lib/services/league-detail.service.ts(631,37): error TS2339: Property 'team_id' does not exist on type 'SelectQueryError<"Invalid Relationships cannot infer result type"> | SelectQueryError<"Processing node failed."> | SelectQueryError<"Could not retrieve a valid record or error value"> | { ...; }'.
  Property 'team_id' does not exist on type 'SelectQueryError<"Invalid Relationships cannot infer result type">'.
src/lib/services/league-detail.service.ts(671,26): error TS2345: Argument of type 'string' is not assignable to parameter of type '("league_id" extends keyof (Omit<Database, "__InternalSupabase">[("public" extends Exclude<keyof Database, "__InternalSupabase"> ? "public" : string & Exclude<...>) extends "public" ? "public" & ("public" extends Exclude<...> ? "public" : string & Exclude<...>) : "public"] extends GenericSchema ? Omit<...>[("public"...'.
src/lib/services/league-detail.service.ts(672,28): error TS2345: Argument of type 'boolean' is not assignable to parameter of type '("is_archived" extends keyof (Omit<Database, "__InternalSupabase">[("public" extends Exclude<keyof Database, "__InternalSupabase"> ? "public" : string & Exclude<...>) extends "public" ? "public" & ("public" extends Exclude<...> ? "public" : string & Exclude<...>) : "public"] extends GenericSchema ? Omit<...>[("publi...'.
src/lib/services/league-detail.service.ts(694,26): error TS2345: Argument of type 'string' is not assignable to parameter of type '("league_id" extends keyof (Omit<Database, "__InternalSupabase">[("public" extends Exclude<keyof Database, "__InternalSupabase"> ? "public" : string & Exclude<...>) extends "public" ? "public" & ("public" extends Exclude<...> ? "public" : string & Exclude<...>) : "public"] extends GenericSchema ? Omit<...>[("public"...'.
src/lib/services/league-detail.service.ts(695,28): error TS2345: Argument of type 'boolean' is not assignable to parameter of type '("is_archived" extends keyof (Omit<Database, "__InternalSupabase">[("public" extends Exclude<keyof Database, "__InternalSupabase"> ? "public" : string & Exclude<...>) extends "public" ? "public" & ("public" extends Exclude<...> ? "public" : string & Exclude<...>) : "public"] extends GenericSchema ? Omit<...>[("publi...'.
src/lib/services/league-detail.service.ts(703,48): error TS2339: Property 'id' does not exist on type 'SelectQueryError<"Invalid Relationships cannot infer result type"> | SelectQueryError<"Processing node failed."> | SelectQueryError<"Could not retrieve a valid record or error value"> | { ...; }'.
  Property 'id' does not exist on type 'SelectQueryError<"Invalid Relationships cannot infer result type">'.
src/lib/services/league-detail.service.ts(713,25): error TS2345: Argument of type 'string' is not assignable to parameter of type '("status" extends keyof (Omit<Database, "__InternalSupabase">[("public" extends Exclude<keyof Database, "__InternalSupabase"> ? "public" : string & Exclude<...>) extends "public" ? "public" & ("public" extends Exclude<...> ? "public" : string & Exclude<...>) : "public"] extends GenericSchema ? Omit<...>[("public" ex...'.
src/lib/services/league-detail.service.ts(776,26): error TS2345: Argument of type 'string' is not assignable to parameter of type '("league_id" extends keyof (Omit<Database, "__InternalSupabase">[("public" extends Exclude<keyof Database, "__InternalSupabase"> ? "public" : string & Exclude<...>) extends "public" ? "public" & ("public" extends Exclude<...> ? "public" : string & Exclude<...>) : "public"] extends GenericSchema ? Omit<...>[("public"...'.
src/lib/services/league-detail.service.ts(777,28): error TS2345: Argument of type 'number' is not assignable to parameter of type '("season_year" extends keyof (Omit<Database, "__InternalSupabase">[("public" extends Exclude<keyof Database, "__InternalSupabase"> ? "public" : string & Exclude<...>) extends "public" ? "public" & ("public" extends Exclude<...> ? "public" : string & Exclude<...>) : "public"] extends GenericSchema ? Omit<...>[("publi...'.
src/lib/services/league-request.service.ts(85,27): error TS2345: Argument of type 'string' is not assignable to parameter of type '("created_by" extends keyof (Omit<Database, "__InternalSupabase">[("public" extends Exclude<keyof Database, "__InternalSupabase"> ? "public" : string & Exclude<...>) extends "public" ? "public" & ("public" extends Exclude<...> ? "public" : string & Exclude<...>) : "public"] extends GenericSchema ? Omit<...>[("public...'.
src/lib/services/league-request.service.ts(110,64): error TS2339: Property 'id' does not exist on type '{ id: any; name: any; created_by: any; } | SelectQueryError<"Invalid Relationships cannot infer result type"> | SelectQueryError<"Processing node failed."> | SelectQueryError<...>'.
  Property 'id' does not exist on type 'SelectQueryError<"Invalid Relationships cannot infer result type">'.
src/lib/services/league-request.service.ts(141,23): error TS2345: Argument of type 'string' is not assignable to parameter of type '("status" extends keyof (Omit<Database, "__InternalSupabase">[("public" extends Exclude<keyof Database, "__InternalSupabase"> ? "public" : string & Exclude<...>) extends "public" ? "public" & ("public" extends Exclude<...> ? "public" : string & Exclude<...>) : "public"] extends GenericSchema ? Omit<...>[("public" ex...'.
src/lib/services/league-request.service.ts(159,63): error TS2339: Property 'requested_by' does not exist on type 'SelectQueryError<"Invalid Relationships cannot infer result type"> | SelectQueryError<"Processing node failed."> | SelectQueryError<"Could not retrieve a valid record or error value"> | { ...; } | { [K in keyof (FindDuplicatesWithinDeduplicated<...> extends infer Duplicates ? Duplicates extends never ? false : Dupli...'.
  Property 'requested_by' does not exist on type 'SelectQueryError<"Invalid Relationships cannot infer result type">'.
src/lib/services/league-request.service.ts(167,60): error TS2339: Property 'id' does not exist on type 'SelectQueryError<"Invalid Relationships cannot infer result type"> | SelectQueryError<"Processing node failed."> | SelectQueryError<"Could not retrieve a valid record or error value"> | { ...; }'.
  Property 'id' does not exist on type 'SelectQueryError<"Invalid Relationships cannot infer result type">'.
src/lib/services/league-request.service.ts(171,48): error TS2339: Property 'requested_by' does not exist on type 'SelectQueryError<"Invalid Relationships cannot infer result type"> | SelectQueryError<"Processing node failed."> | SelectQueryError<"Could not retrieve a valid record or error value"> | { ...; } | { [K in keyof (FindDuplicatesWithinDeduplicated<...> extends infer Duplicates ? Duplicates extends never ? false : Dupli...'.
  Property 'requested_by' does not exist on type 'SelectQueryError<"Invalid Relationships cannot infer result type">'.
src/lib/services/league-request.service.ts(173,23): error TS2339: Property 'id' does not exist on type 'SelectQueryError<"Invalid Relationships cannot infer result type"> | SelectQueryError<"Processing node failed."> | SelectQueryError<"Could not retrieve a valid record or error value"> | { ...; } | { [K in keyof (FindDuplicatesWithinDeduplicated<...> extends infer Duplicates ? Duplicates extends never ? false : Dupli...'.
  Property 'id' does not exist on type 'SelectQueryError<"Invalid Relationships cannot infer result type">'.
src/lib/services/league-request.service.ts(174,28): error TS2339: Property 'team_id' does not exist on type 'SelectQueryError<"Invalid Relationships cannot infer result type"> | SelectQueryError<"Processing node failed."> | SelectQueryError<"Could not retrieve a valid record or error value"> | { ...; } | { [K in keyof (FindDuplicatesWithinDeduplicated<...> extends infer Duplicates ? Duplicates extends never ? false : Dupli...'.
  Property 'team_id' does not exist on type 'SelectQueryError<"Invalid Relationships cannot infer result type">'.
src/lib/services/league-request.service.ts(175,30): error TS2339: Property 'league_id' does not exist on type 'SelectQueryError<"Invalid Relationships cannot infer result type"> | SelectQueryError<"Processing node failed."> | SelectQueryError<"Could not retrieve a valid record or error value"> | { ...; } | { [K in keyof (FindDuplicatesWithinDeduplicated<...> extends infer Duplicates ? Duplicates extends never ? false : Dupli...'.
  Property 'league_id' does not exist on type 'SelectQueryError<"Invalid Relationships cannot infer result type">'.
src/lib/services/league-request.service.ts(176,33): error TS2339: Property 'requested_by' does not exist on type 'SelectQueryError<"Invalid Relationships cannot infer result type"> | SelectQueryError<"Processing node failed."> | SelectQueryError<"Could not retrieve a valid record or error value"> | { ...; } | { [K in keyof (FindDuplicatesWithinDeduplicated<...> extends infer Duplicates ? Duplicates extends never ? false : Dupli...'.
  Property 'requested_by' does not exist on type 'SelectQueryError<"Invalid Relationships cannot infer result type">'.
src/lib/services/league-request.service.ts(177,28): error TS2339: Property 'message' does not exist on type 'SelectQueryError<"Invalid Relationships cannot infer result type"> | SelectQueryError<"Processing node failed."> | SelectQueryError<"Could not retrieve a valid record or error value"> | { ...; } | { [K in keyof (FindDuplicatesWithinDeduplicated<...> extends infer Duplicates ? Duplicates extends never ? false : Dupli...'.
  Property 'message' does not exist on type 'SelectQueryError<"Invalid Relationships cannot infer result type">'.
src/lib/services/league-request.service.ts(178,27): error TS2339: Property 'status' does not exist on type 'SelectQueryError<"Invalid Relationships cannot infer result type"> | SelectQueryError<"Processing node failed."> | SelectQueryError<"Could not retrieve a valid record or error value"> | { ...; } | { [K in keyof (FindDuplicatesWithinDeduplicated<...> extends infer Duplicates ? Duplicates extends never ? false : Dupli...'.
  Property 'status' does not exist on type 'SelectQueryError<"Invalid Relationships cannot infer result type">'.
src/lib/services/league-request.service.ts(179,32): error TS2339: Property 'reviewed_by' does not exist on type 'SelectQueryError<"Invalid Relationships cannot infer result type"> | SelectQueryError<"Processing node failed."> | SelectQueryError<"Could not retrieve a valid record or error value"> | { ...; } | { [K in keyof (FindDuplicatesWithinDeduplicated<...> extends infer Duplicates ? Duplicates extends never ? false : Dupli...'.
  Property 'reviewed_by' does not exist on type 'SelectQueryError<"Invalid Relationships cannot infer result type">'.
src/lib/services/league-request.service.ts(180,32): error TS2339: Property 'reviewed_at' does not exist on type 'SelectQueryError<"Invalid Relationships cannot infer result type"> | SelectQueryError<"Processing node failed."> | SelectQueryError<"Could not retrieve a valid record or error value"> | { ...; } | { [K in keyof (FindDuplicatesWithinDeduplicated<...> extends infer Duplicates ? Duplicates extends never ? false : Dupli...'.
  Property 'reviewed_at' does not exist on type 'SelectQueryError<"Invalid Relationships cannot infer result type">'.
src/lib/services/league-request.service.ts(181,35): error TS2339: Property 'review_message' does not exist on type 'SelectQueryError<"Invalid Relationships cannot infer result type"> | SelectQueryError<"Processing node failed."> | SelectQueryError<"Could not retrieve a valid record or error value"> | { ...; } | { [K in keyof (FindDuplicatesWithinDeduplicated<...> extends infer Duplicates ? Duplicates extends never ? false : Dupli...'.
  Property 'review_message' does not exist on type 'SelectQueryError<"Invalid Relationships cannot infer result type">'.
src/lib/services/league-request.service.ts(182,31): error TS2339: Property 'created_at' does not exist on type 'SelectQueryError<"Invalid Relationships cannot infer result type"> | SelectQueryError<"Processing node failed."> | SelectQueryError<"Could not retrieve a valid record or error value"> | { ...; } | { [K in keyof (FindDuplicatesWithinDeduplicated<...> extends infer Duplicates ? Duplicates extends never ? false : Dupli...'.
  Property 'created_at' does not exist on type 'SelectQueryError<"Invalid Relationships cannot infer result type">'.
src/lib/services/league-request.service.ts(183,31): error TS2339: Property 'expires_at' does not exist on type 'SelectQueryError<"Invalid Relationships cannot infer result type"> | SelectQueryError<"Processing node failed."> | SelectQueryError<"Could not retrieve a valid record or error value"> | { ...; } | { [K in keyof (FindDuplicatesWithinDeduplicated<...> extends infer Duplicates ? Duplicates extends never ? false : Dupli...'.
  Property 'expires_at' does not exist on type 'SelectQueryError<"Invalid Relationships cannot infer result type">'.
src/lib/services/league-request.service.ts(184,25): error TS2339: Property 'teams' does not exist on type 'SelectQueryError<"Invalid Relationships cannot infer result type"> | SelectQueryError<"Processing node failed."> | SelectQueryError<"Could not retrieve a valid record or error value"> | { ...; } | { [K in keyof (FindDuplicatesWithinDeduplicated<...> extends infer Duplicates ? Duplicates extends never ? false : Dupli...'.
  Property 'teams' does not exist on type 'SelectQueryError<"Invalid Relationships cannot infer result type">'.
src/lib/services/league-request.service.ts(185,27): error TS2339: Property 'leagues' does not exist on type 'SelectQueryError<"Invalid Relationships cannot infer result type"> | SelectQueryError<"Processing node failed."> | SelectQueryError<"Could not retrieve a valid record or error value"> | { ...; } | { [K in keyof (FindDuplicatesWithinDeduplicated<...> extends infer Duplicates ? Duplicates extends never ? false : Dupli...'.
  Property 'leagues' does not exist on type 'SelectQueryError<"Invalid Relationships cannot infer result type">'.
src/lib/services/league-request.service.ts(187,29): error TS2339: Property 'display_name' does not exist on type 'SelectQueryError<"Invalid Relationships cannot infer result type"> | SelectQueryError<"Processing node failed."> | SelectQueryError<"Could not retrieve a valid record or error value"> | { ...; }'.
  Property 'display_name' does not exist on type 'SelectQueryError<"Invalid Relationships cannot infer result type">'.
src/lib/services/league-request.service.ts(188,36): error TS2339: Property 'display_name' does not exist on type 'SelectQueryError<"Invalid Relationships cannot infer result type"> | SelectQueryError<"Processing node failed."> | SelectQueryError<"Could not retrieve a valid record or error value"> | { ...; }'.
  Property 'display_name' does not exist on type 'SelectQueryError<"Invalid Relationships cannot infer result type">'.
src/lib/services/league-request.service.ts(189,33): error TS2339: Property 'full_name' does not exist on type 'SelectQueryError<"Invalid Relationships cannot infer result type"> | SelectQueryError<"Processing node failed."> | SelectQueryError<"Could not retrieve a valid record or error value"> | { ...; }'.
  Property 'full_name' does not exist on type 'SelectQueryError<"Invalid Relationships cannot infer result type">'.
src/lib/services/league-request.service.ts(227,19): error TS2345: Argument of type 'string' is not assignable to parameter of type '("id" extends keyof (Omit<Database, "__InternalSupabase">[("public" extends Exclude<keyof Database, "__InternalSupabase"> ? "public" : string & Exclude<...>) extends "public" ? "public" & ("public" extends Exclude<...> ? "public" : string & Exclude<...>) : "public"] extends GenericSchema ? Omit<...>[("public" extend...'.
src/lib/services/league-request.service.ts(244,20): error TS2339: Property 'leagues' does not exist on type 'SelectQueryError<"Invalid Relationships cannot infer result type"> | SelectQueryError<"Processing node failed."> | SelectQueryError<"Could not retrieve a valid record or error value"> | { [K in keyof (FindDuplicatesWithinDeduplicated<...> extends infer Duplicates ? Duplicates extends never ? false : Duplicates exten...'.
  Property 'leagues' does not exist on type 'SelectQueryError<"Invalid Relationships cannot infer result type">'.
src/lib/services/league-request.service.ts(258,19): error TS2339: Property 'status' does not exist on type 'SelectQueryError<"Invalid Relationships cannot infer result type"> | SelectQueryError<"Processing node failed."> | SelectQueryError<"Could not retrieve a valid record or error value"> | { [K in keyof (FindDuplicatesWithinDeduplicated<...> extends infer Duplicates ? Duplicates extends never ? false : Duplicates exten...'.
  Property 'status' does not exist on type 'SelectQueryError<"Invalid Relationships cannot infer result type">'.
src/lib/services/league-request.service.ts(263,58): error TS2339: Property 'status' does not exist on type 'SelectQueryError<"Invalid Relationships cannot infer result type"> | SelectQueryError<"Processing node failed."> | SelectQueryError<"Could not retrieve a valid record or error value"> | { [K in keyof (FindDuplicatesWithinDeduplicated<...> extends infer Duplicates ? Duplicates extends never ? false : Duplicates exten...'.
  Property 'status' does not exist on type 'SelectQueryError<"Invalid Relationships cannot infer result type">'.
src/lib/services/league-request.service.ts(331,15): error TS2304: Cannot find name 'updatedRequest'.
src/lib/services/league-request.service.ts(364,19): error TS2345: Argument of type 'string' is not assignable to parameter of type '("id" extends keyof (Omit<Database, "__InternalSupabase">[("public" extends Exclude<keyof Database, "__InternalSupabase"> ? "public" : string & Exclude<...>) extends "public" ? "public" & ("public" extends Exclude<...> ? "public" : string & Exclude<...>) : "public"] extends GenericSchema ? Omit<...>[("public" extend...'.
src/lib/services/league-request.service.ts(381,20): error TS2339: Property 'leagues' does not exist on type 'SelectQueryError<"Invalid Relationships cannot infer result type"> | SelectQueryError<"Processing node failed."> | SelectQueryError<"Could not retrieve a valid record or error value"> | { [K in keyof (FindDuplicatesWithinDeduplicated<...> extends infer Duplicates ? Duplicates extends never ? false : Duplicates exten...'.
  Property 'leagues' does not exist on type 'SelectQueryError<"Invalid Relationships cannot infer result type">'.
src/lib/services/league-request.service.ts(395,19): error TS2339: Property 'status' does not exist on type 'SelectQueryError<"Invalid Relationships cannot infer result type"> | SelectQueryError<"Processing node failed."> | SelectQueryError<"Could not retrieve a valid record or error value"> | { [K in keyof (FindDuplicatesWithinDeduplicated<...> extends infer Duplicates ? Duplicates extends never ? false : Duplicates exten...'.
  Property 'status' does not exist on type 'SelectQueryError<"Invalid Relationships cannot infer result type">'.
src/lib/services/league-request.service.ts(400,58): error TS2339: Property 'status' does not exist on type 'SelectQueryError<"Invalid Relationships cannot infer result type"> | SelectQueryError<"Processing node failed."> | SelectQueryError<"Could not retrieve a valid record or error value"> | { [K in keyof (FindDuplicatesWithinDeduplicated<...> extends infer Duplicates ? Duplicates extends never ? false : Duplicates exten...'.
  Property 'status' does not exist on type 'SelectQueryError<"Invalid Relationships cannot infer result type">'.
src/lib/services/league-request.service.ts(465,15): error TS2304: Cannot find name 'updatedRequest'.
src/lib/services/league-request.service.ts(525,19): error TS2345: Argument of type 'string' is not assignable to parameter of type '("id" extends keyof (Omit<Database, "__InternalSupabase">[("public" extends Exclude<keyof Database, "__InternalSupabase"> ? "public" : string & Exclude<...>) extends "public" ? "public" & ("public" extends Exclude<...> ? "public" : string & Exclude<...>) : "public"] extends GenericSchema ? Omit<...>[("public" extend...'.
src/lib/services/league-request.service.ts(543,21): error TS2339: Property 'id' does not exist on type 'SelectQueryError<"Invalid Relationships cannot infer result type"> | SelectQueryError<"Processing node failed."> | SelectQueryError<"Could not retrieve a valid record or error value"> | { ...; } | { [K in keyof (FindDuplicatesWithinDeduplicated<...> extends infer Duplicates ? Duplicates extends never ? false : Dupli...'.
  Property 'id' does not exist on type 'SelectQueryError<"Invalid Relationships cannot infer result type">'.
src/lib/services/league-request.service.ts(544,26): error TS2339: Property 'team_id' does not exist on type 'SelectQueryError<"Invalid Relationships cannot infer result type"> | SelectQueryError<"Processing node failed."> | SelectQueryError<"Could not retrieve a valid record or error value"> | { ...; } | { [K in keyof (FindDuplicatesWithinDeduplicated<...> extends infer Duplicates ? Duplicates extends never ? false : Dupli...'.
  Property 'team_id' does not exist on type 'SelectQueryError<"Invalid Relationships cannot infer result type">'.
src/lib/services/league-request.service.ts(545,28): error TS2339: Property 'league_id' does not exist on type 'SelectQueryError<"Invalid Relationships cannot infer result type"> | SelectQueryError<"Processing node failed."> | SelectQueryError<"Could not retrieve a valid record or error value"> | { ...; } | { [K in keyof (FindDuplicatesWithinDeduplicated<...> extends infer Duplicates ? Duplicates extends never ? false : Dupli...'.
  Property 'league_id' does not exist on type 'SelectQueryError<"Invalid Relationships cannot infer result type">'.
src/lib/services/league-request.service.ts(546,31): error TS2339: Property 'requested_by' does not exist on type 'SelectQueryError<"Invalid Relationships cannot infer result type"> | SelectQueryError<"Processing node failed."> | SelectQueryError<"Could not retrieve a valid record or error value"> | { ...; } | { [K in keyof (FindDuplicatesWithinDeduplicated<...> extends infer Duplicates ? Duplicates extends never ? false : Dupli...'.
  Property 'requested_by' does not exist on type 'SelectQueryError<"Invalid Relationships cannot infer result type">'.
src/lib/services/league-request.service.ts(547,26): error TS2339: Property 'message' does not exist on type 'SelectQueryError<"Invalid Relationships cannot infer result type"> | SelectQueryError<"Processing node failed."> | SelectQueryError<"Could not retrieve a valid record or error value"> | { ...; } | { [K in keyof (FindDuplicatesWithinDeduplicated<...> extends infer Duplicates ? Duplicates extends never ? false : Dupli...'.
  Property 'message' does not exist on type 'SelectQueryError<"Invalid Relationships cannot infer result type">'.
src/lib/services/league-request.service.ts(548,25): error TS2339: Property 'status' does not exist on type 'SelectQueryError<"Invalid Relationships cannot infer result type"> | SelectQueryError<"Processing node failed."> | SelectQueryError<"Could not retrieve a valid record or error value"> | { ...; } | { [K in keyof (FindDuplicatesWithinDeduplicated<...> extends infer Duplicates ? Duplicates extends never ? false : Dupli...'.
  Property 'status' does not exist on type 'SelectQueryError<"Invalid Relationships cannot infer result type">'.
src/lib/services/league-request.service.ts(549,30): error TS2339: Property 'reviewed_by' does not exist on type 'SelectQueryError<"Invalid Relationships cannot infer result type"> | SelectQueryError<"Processing node failed."> | SelectQueryError<"Could not retrieve a valid record or error value"> | { ...; } | { [K in keyof (FindDuplicatesWithinDeduplicated<...> extends infer Duplicates ? Duplicates extends never ? false : Dupli...'.
  Property 'reviewed_by' does not exist on type 'SelectQueryError<"Invalid Relationships cannot infer result type">'.
src/lib/services/league-request.service.ts(550,30): error TS2339: Property 'reviewed_at' does not exist on type 'SelectQueryError<"Invalid Relationships cannot infer result type"> | SelectQueryError<"Processing node failed."> | SelectQueryError<"Could not retrieve a valid record or error value"> | { ...; } | { [K in keyof (FindDuplicatesWithinDeduplicated<...> extends infer Duplicates ? Duplicates extends never ? false : Dupli...'.
  Property 'reviewed_at' does not exist on type 'SelectQueryError<"Invalid Relationships cannot infer result type">'.
src/lib/services/league-request.service.ts(551,33): error TS2339: Property 'review_message' does not exist on type 'SelectQueryError<"Invalid Relationships cannot infer result type"> | SelectQueryError<"Processing node failed."> | SelectQueryError<"Could not retrieve a valid record or error value"> | { ...; } | { [K in keyof (FindDuplicatesWithinDeduplicated<...> extends infer Duplicates ? Duplicates extends never ? false : Dupli...'.
  Property 'review_message' does not exist on type 'SelectQueryError<"Invalid Relationships cannot infer result type">'.
src/lib/services/league-request.service.ts(552,29): error TS2339: Property 'created_at' does not exist on type 'SelectQueryError<"Invalid Relationships cannot infer result type"> | SelectQueryError<"Processing node failed."> | SelectQueryError<"Could not retrieve a valid record or error value"> | { ...; } | { [K in keyof (FindDuplicatesWithinDeduplicated<...> extends infer Duplicates ? Duplicates extends never ? false : Dupli...'.
  Property 'created_at' does not exist on type 'SelectQueryError<"Invalid Relationships cannot infer result type">'.
src/lib/services/league-request.service.ts(553,29): error TS2339: Property 'expires_at' does not exist on type 'SelectQueryError<"Invalid Relationships cannot infer result type"> | SelectQueryError<"Processing node failed."> | SelectQueryError<"Could not retrieve a valid record or error value"> | { ...; } | { [K in keyof (FindDuplicatesWithinDeduplicated<...> extends infer Duplicates ? Duplicates extends never ? false : Dupli...'.
  Property 'expires_at' does not exist on type 'SelectQueryError<"Invalid Relationships cannot infer result type">'.
src/lib/services/league-request.service.ts(554,23): error TS2339: Property 'teams' does not exist on type 'SelectQueryError<"Invalid Relationships cannot infer result type"> | SelectQueryError<"Processing node failed."> | SelectQueryError<"Could not retrieve a valid record or error value"> | { ...; } | { [K in keyof (FindDuplicatesWithinDeduplicated<...> extends infer Duplicates ? Duplicates extends never ? false : Dupli...'.
  Property 'teams' does not exist on type 'SelectQueryError<"Invalid Relationships cannot infer result type">'.
src/lib/services/league-request.service.ts(555,25): error TS2339: Property 'leagues' does not exist on type 'SelectQueryError<"Invalid Relationships cannot infer result type"> | SelectQueryError<"Processing node failed."> | SelectQueryError<"Could not retrieve a valid record or error value"> | { ...; } | { [K in keyof (FindDuplicatesWithinDeduplicated<...> extends infer Duplicates ? Duplicates extends never ? false : Dupli...'.
  Property 'leagues' does not exist on type 'SelectQueryError<"Invalid Relationships cannot infer result type">'.
src/lib/services/league-request.service.ts(596,11): error TS2345: Argument of type 'PostgrestFilterBuilder<("public" extends Exclude<keyof Database, "__InternalSupabase"> ? "public" : string & Exclude<keyof Database, "__InternalSupabase">) extends "public" ? { ...; } : ("public" extends Exclude<...> ? "public" : string & Exclude<...>) extends { ...; } ? { ...; } & ("public" extends Exclude<...> ? "...' is not assignable to parameter of type 'readonly (("league_id" extends keyof (Omit<Database, "__InternalSupabase">[("public" extends Exclude<keyof Database, "__InternalSupabase"> ? "public" : string & Exclude<...>) extends "public" ? "public" & ("public" extends Exclude<...> ? "public" : string & Exclude<...>) : "public"] extends GenericSchema ? Omit<...>...'.
  Type 'PostgrestFilterBuilder<("public" extends Exclude<keyof Database, "__InternalSupabase"> ? "public" : string & Exclude<keyof Database, "__InternalSupabase">) extends "public" ? { ...; } : ("public" extends Exclude<...> ? "public" : string & Exclude<...>) extends { ...; } ? { ...; } & ("public" extends Exclude<...> ? "...' is missing the following properties from type 'readonly (("league_id" extends keyof (Omit<Database, "__InternalSupabase">[("public" extends Exclude<keyof Database, "__InternalSupabase"> ? "public" : string & Exclude<...>) extends "public" ? "public" & ("public" extends Exclude<...> ? "public" : string & Exclude<...>) : "public"] extends GenericSchema ? Omit<...>...': length, concat, join, slice, and 25 more.
src/lib/services/league-request.service.ts(599,31): error TS2345: Argument of type 'string' is not assignable to parameter of type '("created_by" extends keyof (Omit<Database, "__InternalSupabase">[("public" extends Exclude<keyof Database, "__InternalSupabase"> ? "public" : string & Exclude<...>) extends "public" ? "public" & ("public" extends Exclude<...> ? "public" : string & Exclude<...>) : "public"] extends GenericSchema ? Omit<...>[("public...'.
src/lib/services/league-request.service.ts(617,21): error TS2339: Property 'status' does not exist on type 'SelectQueryError<"Invalid Relationships cannot infer result type"> | SelectQueryError<"Processing node failed."> | SelectQueryError<"Could not retrieve a valid record or error value"> | { ...; }'.
  Property 'status' does not exist on type 'SelectQueryError<"Invalid Relationships cannot infer result type">'.
src/lib/services/league-request.service.ts(655,19): error TS2345: Argument of type 'string' is not assignable to parameter of type '("id" extends keyof (Omit<Database, "__InternalSupabase">[("public" extends Exclude<keyof Database, "__InternalSupabase"> ? "public" : string & Exclude<...>) extends "public" ? "public" & ("public" extends Exclude<...> ? "public" : string & Exclude<...>) : "public"] extends GenericSchema ? Omit<...>[("public" extend...'.
src/lib/services/league-request.service.ts(656,26): error TS2345: Argument of type 'boolean' is not assignable to parameter of type '("is_active" extends keyof (Omit<Database, "__InternalSupabase">[("public" extends Exclude<keyof Database, "__InternalSupabase"> ? "public" : string & Exclude<...>) extends "public" ? "public" & ("public" extends Exclude<...> ? "public" : string & Exclude<...>) : "public"] extends GenericSchema ? Omit<...>[("public"...'.
src/lib/services/league-request.service.ts(673,19): error TS2339: Property 'is_public' does not exist on type 'SelectQueryError<"Invalid Relationships cannot infer result type"> | SelectQueryError<"Processing node failed."> | SelectQueryError<"Could not retrieve a valid record or error value"> | { ...; }'.
  Property 'is_public' does not exist on type 'SelectQueryError<"Invalid Relationships cannot infer result type">'.
src/lib/services/league-request.service.ts(687,18): error TS2339: Property 'registration_deadline' does not exist on type 'SelectQueryError<"Invalid Relationships cannot infer result type"> | SelectQueryError<"Processing node failed."> | SelectQueryError<"Could not retrieve a valid record or error value"> | { ...; }'.
  Property 'registration_deadline' does not exist on type 'SelectQueryError<"Invalid Relationships cannot infer result type">'.
src/lib/services/league-request.service.ts(687,59): error TS2339: Property 'registration_deadline' does not exist on type 'SelectQueryError<"Invalid Relationships cannot infer result type"> | SelectQueryError<"Processing node failed."> | SelectQueryError<"Could not retrieve a valid record or error value"> | { ...; }'.
  Property 'registration_deadline' does not exist on type 'SelectQueryError<"Invalid Relationships cannot infer result type">'.
src/lib/services/league-request.service.ts(701,18): error TS2339: Property 'max_teams' does not exist on type 'SelectQueryError<"Invalid Relationships cannot infer result type"> | SelectQueryError<"Processing node failed."> | SelectQueryError<"Could not retrieve a valid record or error value"> | { ...; }'.
  Property 'max_teams' does not exist on type 'SelectQueryError<"Invalid Relationships cannot infer result type">'.
src/lib/services/league-request.service.ts(705,28): error TS2345: Argument of type 'string' is not assignable to parameter of type '("league_id" extends keyof (Omit<Database, "__InternalSupabase">[("public" extends Exclude<keyof Database, "__InternalSupabase"> ? "public" : string & Exclude<...>) extends "public" ? "public" & ("public" extends Exclude<...> ? "public" : string & Exclude<...>) : "public"] extends GenericSchema ? Omit<...>[("public"...'.
src/lib/services/league-request.service.ts(707,46): error TS2339: Property 'max_teams' does not exist on type 'SelectQueryError<"Invalid Relationships cannot infer result type"> | SelectQueryError<"Processing node failed."> | SelectQueryError<"Could not retrieve a valid record or error value"> | { ...; }'.
  Property 'max_teams' does not exist on type 'SelectQueryError<"Invalid Relationships cannot infer result type">'.
src/lib/services/league-request.service.ts(725,24): error TS2345: Argument of type 'string' is not assignable to parameter of type '("team_id" extends keyof (Omit<Database, "__InternalSupabase">[("public" extends Exclude<keyof Database, "__InternalSupabase"> ? "public" : string & Exclude<...>) extends "public" ? "public" & ("public" extends Exclude<...> ? "public" : string & Exclude<...>) : "public"] extends GenericSchema ? Omit<...>[("public" e...'.
src/lib/services/league-request.service.ts(726,26): error TS2345: Argument of type 'string' is not assignable to parameter of type '("league_id" extends keyof (Omit<Database, "__InternalSupabase">[("public" extends Exclude<keyof Database, "__InternalSupabase"> ? "public" : string & Exclude<...>) extends "public" ? "public" & ("public" extends Exclude<...> ? "public" : string & Exclude<...>) : "public"] extends GenericSchema ? Omit<...>[("public"...'.
src/lib/services/league-request.service.ts(727,24): error TS2322: Type 'string' is not assignable to type '("status" extends keyof (Omit<Database, "__InternalSupabase">[("public" extends Exclude<keyof Database, "__InternalSupabase"> ? "public" : string & Exclude<...>) extends "public" ? "public" & ("public" extends Exclude<...> ? "public" : string & Exclude<...>) : "public"] extends GenericSchema ? Omit<...>[("public" ex...'.
src/lib/services/league-request.service.ts(727,35): error TS2322: Type 'string' is not assignable to type '("status" extends keyof (Omit<Database, "__InternalSupabase">[("public" extends Exclude<keyof Database, "__InternalSupabase"> ? "public" : string & Exclude<...>) extends "public" ? "public" & ("public" extends Exclude<...> ? "public" : string & Exclude<...>) : "public"] extends GenericSchema ? Omit<...>[("public" ex...'.
src/lib/services/league-request.service.ts(735,60): error TS2339: Property 'status' does not exist on type 'SelectQueryError<"Invalid Relationships cannot infer result type"> | SelectQueryError<"Processing node failed."> | SelectQueryError<"Could not retrieve a valid record or error value"> | { ...; }'.
  Property 'status' does not exist on type 'SelectQueryError<"Invalid Relationships cannot infer result type">'.
src/lib/services/league-request.service.ts(749,24): error TS2339: Property 'auto_approve_teams' does not exist on type 'SelectQueryError<"Invalid Relationships cannot infer result type"> | SelectQueryError<"Processing node failed."> | SelectQueryError<"Could not retrieve a valid record or error value"> | { ...; }'.
  Property 'auto_approve_teams' does not exist on type 'SelectQueryError<"Invalid Relationships cannot infer result type">'.
src/lib/services/league-request.service.ts(750,29): error TS2339: Property 'auto_approve_teams' does not exist on type 'SelectQueryError<"Invalid Relationships cannot infer result type"> | SelectQueryError<"Processing node failed."> | SelectQueryError<"Could not retrieve a valid record or error value"> | { ...; }'.
  Property 'auto_approve_teams' does not exist on type 'SelectQueryError<"Invalid Relationships cannot infer result type">'.
src/lib/services/league-request.service.ts(751,29): error TS2339: Property 'auto_approve_teams' does not exist on type 'SelectQueryError<"Invalid Relationships cannot infer result type"> | SelectQueryError<"Processing node failed."> | SelectQueryError<"Could not retrieve a valid record or error value"> | { ...; }'.
  Property 'auto_approve_teams' does not exist on type 'SelectQueryError<"Invalid Relationships cannot infer result type">'.
src/lib/services/league-request.service.ts(752,32): error TS2339: Property 'auto_approve_teams' does not exist on type 'SelectQueryError<"Invalid Relationships cannot infer result type"> | SelectQueryError<"Processing node failed."> | SelectQueryError<"Could not retrieve a valid record or error value"> | { ...; }'.
  Property 'auto_approve_teams' does not exist on type 'SelectQueryError<"Invalid Relationships cannot infer result type">'.
src/lib/services/league-request.service.ts(758,17): error TS2769: No overload matches this call.
  Overload 1 of 2, '(values: (Omit<Database, "__InternalSupabase">[("public" extends Exclude<keyof Database, "__InternalSupabase"> ? "public" : string & Exclude<keyof Database, "__InternalSupabase">) extends "public" ? "public" & ("public" extends Exclude<...> ? "public" : string & Exclude<...>) : "public"] extends GenericSchema ? Omit<...>[("public" extends Exclude<...> ? "public" : string & Exclude<...>) extends "public" ? "public" & ("public" extends Exclude<...> ? "public" : string & Exclude<...>) : "public"] : never)["Tables"]["team_join_requests"] extends { ...; } ? (Omit<...>[("public" extends Exclude<...> ? "public" : string & Exclude<...>) extends "public" ? "public" & ("public" extends Exclude<...> ? "public" : string & Exclude<...>) : "public"] extends GenericSchema ? Omit<...>[("public" extends Exclude<...> ? "public" : string & Exclude<...>) extends "public" ? "public" & ("public" extends Exclude<...> ? "public" : string & Exclude<...>) : "public"] : never)["Tables"]["team_join_requests"]["Insert"] : never, options?: { ...; } | undefined): PostgrestFilterBuilder<...>', gave the following error.
    Argument of type '{ team_id: string; league_id: string; requested_by: string; message: string | null; status: string; reviewed_by: string | null; reviewed_at: string | null; review_message: string | null; expires_at: string; }' is not assignable to parameter of type '(Omit<Database, "__InternalSupabase">[("public" extends Exclude<keyof Database, "__InternalSupabase"> ? "public" : string & Exclude<keyof Database, "__InternalSupabase">) extends "public" ? "public" & ("public" extends Exclude<...> ? "public" : string & Exclude<...>) : "public"] extends GenericSchema ? Omit<...>[("p...'.
  Overload 2 of 2, '(values: ((Omit<Database, "__InternalSupabase">[("public" extends Exclude<keyof Database, "__InternalSupabase"> ? "public" : string & Exclude<keyof Database, "__InternalSupabase">) extends "public" ? "public" & ("public" extends Exclude<...> ? "public" : string & Exclude<...>) : "public"] extends GenericSchema ? Omit<...>[("public" extends Exclude<...> ? "public" : string & Exclude<...>) extends "public" ? "public" & ("public" extends Exclude<...> ? "public" : string & Exclude<...>) : "public"] : never)["Tables"]["team_join_requests"] extends { ...; } ? (Omit<...>[("public" extends Exclude<...> ? "public" : string & Exclude<...>) extends "public" ? "public" & ("public" extends Exclude<...> ? "public" : string & Exclude<...>) : "public"] extends GenericSchema ? Omit<...>[("public" extends Exclude<...> ? "public" : string & Exclude<...>) extends "public" ? "public" & ("public" extends Exclude<...> ? "public" : string & Exclude<...>) : "public"] : never)["Tables"]["team_join_requests"]["Insert"] : never)[], options?: { ...; } | undefined): PostgrestFilterBuilder<...>', gave the following error.
    Argument of type '{ team_id: string; league_id: string; requested_by: string; message: string | null; status: string; reviewed_by: string | null; reviewed_at: string | null; review_message: string | null; expires_at: string; }' is not assignable to parameter of type '((Omit<Database, "__InternalSupabase">[("public" extends Exclude<keyof Database, "__InternalSupabase"> ? "public" : string & Exclude<keyof Database, "__InternalSupabase">) extends "public" ? "public" & ("public" extends Exclude<...> ? "public" : string & Exclude<...>) : "public"] extends GenericSchema ? Omit<...>[("...'.
      Type '{ team_id: string; league_id: string; requested_by: string; message: string | null; status: string; reviewed_by: string | null; reviewed_at: string | null; review_message: string | null; expires_at: string; }' is missing the following properties from type '((Omit<Database, "__InternalSupabase">[("public" extends Exclude<keyof Database, "__InternalSupabase"> ? "public" : string & Exclude<keyof Database, "__InternalSupabase">) extends "public" ? "public" & ("public" extends Exclude<...> ? "public" : string & Exclude<...>) : "public"] extends GenericSchema ? Omit<...>[("...': length, pop, push, concat, and 35 more.
src/lib/services/league-request.service.ts(765,18): error TS2339: Property 'auto_approve_teams' does not exist on type 'SelectQueryError<"Invalid Relationships cannot infer result type"> | SelectQueryError<"Processing node failed."> | SelectQueryError<"Could not retrieve a valid record or error value"> | { ...; }'.
  Property 'auto_approve_teams' does not exist on type 'SelectQueryError<"Invalid Relationships cannot infer result type">'.
src/lib/services/league-request.service.ts(768,19): error TS2345: Argument of type '{ league_id: string; }' is not assignable to parameter of type '(Omit<Database, "__InternalSupabase">[("public" extends Exclude<keyof Database, "__InternalSupabase"> ? "public" : string & Exclude<keyof Database, "__InternalSupabase">) extends "public" ? "public" & ("public" extends Exclude<...> ? "public" : string & Exclude<...>) : "public"] extends GenericSchema ? Omit<...>[("p...'.
src/lib/services/league-request.service.ts(769,21): error TS2345: Argument of type 'string' is not assignable to parameter of type '("id" extends keyof (Omit<Database, "__InternalSupabase">[("public" extends Exclude<keyof Database, "__InternalSupabase"> ? "public" : string & Exclude<...>) extends "public" ? "public" & ("public" extends Exclude<...> ? "public" : string & Exclude<...>) : "public"] extends GenericSchema ? Omit<...>[("public" extend...'.
src/lib/services/league-request.service.ts(778,9): error TS2322: Type 'SelectQueryError<"Invalid Relationships cannot infer result type"> | SelectQueryError<"Processing node failed."> | SelectQueryError<"Could not retrieve a valid record or error value">' is not assignable to type 'TeamLeagueRequest | null'.
  Type 'SelectQueryError<"Invalid Relationships cannot infer result type">' is not assignable to type 'TeamLeagueRequest | null'.
src/lib/services/league-request.service.ts(781,25): error TS2339: Property 'auto_approve_teams' does not exist on type 'SelectQueryError<"Invalid Relationships cannot infer result type"> | SelectQueryError<"Processing node failed."> | SelectQueryError<"Could not retrieve a valid record or error value"> | { ...; }'.
  Property 'auto_approve_teams' does not exist on type 'SelectQueryError<"Invalid Relationships cannot infer result type">'.
src/lib/services/league-request.service.ts(821,19): error TS2345: Argument of type 'string' is not assignable to parameter of type '("id" extends keyof (Omit<Database, "__InternalSupabase">[("public" extends Exclude<keyof Database, "__InternalSupabase"> ? "public" : string & Exclude<...>) extends "public" ? "public" & ("public" extends Exclude<...> ? "public" : string & Exclude<...>) : "public"] extends GenericSchema ? Omit<...>[("public" extend...'.
src/lib/services/league-request.service.ts(822,26): error TS2345: Argument of type 'boolean' is not assignable to parameter of type '("is_active" extends keyof (Omit<Database, "__InternalSupabase">[("public" extends Exclude<keyof Database, "__InternalSupabase"> ? "public" : string & Exclude<...>) extends "public" ? "public" & ("public" extends Exclude<...> ? "public" : string & Exclude<...>) : "public"] extends GenericSchema ? Omit<...>[("public"...'.
src/lib/services/league-request.service.ts(827,35): error TS2339: Property 'teams' does not exist on type 'SelectQueryError<"Invalid Relationships cannot infer result type"> | SelectQueryError<"Processing node failed."> | SelectQueryError<"Could not retrieve a valid record or error value"> | { ...; } | { [K in keyof (FindDuplicatesWithinDeduplicated<...> extends infer Duplicates ? Duplicates extends never ? false : Dupli...'.
  Property 'teams' does not exist on type 'SelectQueryError<"Invalid Relationships cannot infer result type">'.
src/lib/services/league-request.service.ts(829,37): error TS2339: Property 'registration_deadline' does not exist on type 'SelectQueryError<"Invalid Relationships cannot infer result type"> | SelectQueryError<"Processing node failed."> | SelectQueryError<"Could not retrieve a valid record or error value"> | { ...; } | { [K in keyof (FindDuplicatesWithinDeduplicated<...> extends infer Duplicates ? Duplicates extends never ? false : Dupli...'.
  Property 'registration_deadline' does not exist on type 'SelectQueryError<"Invalid Relationships cannot infer result type">'.
src/lib/services/league-request.service.ts(829,69): error TS2339: Property 'registration_deadline' does not exist on type 'SelectQueryError<"Invalid Relationships cannot infer result type"> | SelectQueryError<"Processing node failed."> | SelectQueryError<"Could not retrieve a valid record or error value"> | { ...; } | { [K in keyof (FindDuplicatesWithinDeduplicated<...> extends infer Duplicates ? Duplicates extends never ? false : Dupli...'.
  Property 'registration_deadline' does not exist on type 'SelectQueryError<"Invalid Relationships cannot infer result type">'.
src/lib/services/league-request.service.ts(830,33): error TS2339: Property 'max_teams' does not exist on type 'SelectQueryError<"Invalid Relationships cannot infer result type"> | SelectQueryError<"Processing node failed."> | SelectQueryError<"Could not retrieve a valid record or error value"> | { ...; } | { [K in keyof (FindDuplicatesWithinDeduplicated<...> extends infer Duplicates ? Duplicates extends never ? false : Dupli...'.
  Property 'max_teams' does not exist on type 'SelectQueryError<"Invalid Relationships cannot infer result type">'.
src/lib/services/league-request.service.ts(830,69): error TS2339: Property 'max_teams' does not exist on type 'SelectQueryError<"Invalid Relationships cannot infer result type"> | SelectQueryError<"Processing node failed."> | SelectQueryError<"Could not retrieve a valid record or error value"> | { ...; } | { [K in keyof (FindDuplicatesWithinDeduplicated<...> extends infer Duplicates ? Duplicates extends never ? false : Dupli...'.
  Property 'max_teams' does not exist on type 'SelectQueryError<"Invalid Relationships cannot infer result type">'.
src/lib/services/league-request.service.ts(831,45): error TS2339: Property 'is_public' does not exist on type 'SelectQueryError<"Invalid Relationships cannot infer result type"> | SelectQueryError<"Processing node failed."> | SelectQueryError<"Could not retrieve a valid record or error value"> | { ...; } | { [K in keyof (FindDuplicatesWithinDeduplicated<...> extends infer Duplicates ? Duplicates extends never ? false : Dupli...'.
  Property 'is_public' does not exist on type 'SelectQueryError<"Invalid Relationships cannot infer result type">'.
src/lib/services/league-request.service.ts(835,31): error TS2339: Property 'auto_approve_teams' does not exist on type 'SelectQueryError<"Invalid Relationships cannot infer result type"> | SelectQueryError<"Processing node failed."> | SelectQueryError<"Could not retrieve a valid record or error value"> | { ...; } | { [K in keyof (FindDuplicatesWithinDeduplicated<...> extends infer Duplicates ? Duplicates extends never ? false : Dupli...'.
  Property 'auto_approve_teams' does not exist on type 'SelectQueryError<"Invalid Relationships cannot infer result type">'.
src/lib/services/league-request.service.ts(836,28): error TS2339: Property 'is_public' does not exist on type 'SelectQueryError<"Invalid Relationships cannot infer result type"> | SelectQueryError<"Processing node failed."> | SelectQueryError<"Could not retrieve a valid record or error value"> | { ...; } | { [K in keyof (FindDuplicatesWithinDeduplicated<...> extends infer Duplicates ? Duplicates extends never ? false : Dupli...'.
  Property 'is_public' does not exist on type 'SelectQueryError<"Invalid Relationships cannot infer result type">'.
src/lib/services/league-request.service.ts(837,40): error TS2339: Property 'registration_deadline' does not exist on type 'SelectQueryError<"Invalid Relationships cannot infer result type"> | SelectQueryError<"Processing node failed."> | SelectQueryError<"Could not retrieve a valid record or error value"> | { ...; } | { [K in keyof (FindDuplicatesWithinDeduplicated<...> extends infer Duplicates ? Duplicates extends never ? false : Dupli...'.
  Property 'registration_deadline' does not exist on type 'SelectQueryError<"Invalid Relationships cannot infer result type">'.
src/lib/services/league-request.service.ts(838,28): error TS2339: Property 'max_teams' does not exist on type 'SelectQueryError<"Invalid Relationships cannot infer result type"> | SelectQueryError<"Processing node failed."> | SelectQueryError<"Could not retrieve a valid record or error value"> | { ...; } | { [K in keyof (FindDuplicatesWithinDeduplicated<...> extends infer Duplicates ? Duplicates extends never ? false : Dupli...'.
  Property 'max_teams' does not exist on type 'SelectQueryError<"Invalid Relationships cannot infer result type">'.
src/lib/services/league.service.ts(224,51): error TS2339: Property 'team' does not exist on type 'never'.
src/lib/services/league.service.ts(230,32): error TS2339: Property 'teams' does not exist on type 'never'.
src/lib/services/league.service.ts(231,70): error TS2339: Property 'id' does not exist on type 'never'.
src/lib/services/league.service.ts(232,76): error TS2339: Property 'id' does not exist on type 'never'.
src/lib/services/league.service.ts(236,81): error TS2339: Property 'id' does not exist on type 'never'.
src/lib/services/league.service.ts(241,13): error TS2698: Spread types may only be created from object types.
src/lib/services/league.service.ts(246,59): error TS2339: Property 'id' does not exist on type 'never'.
src/lib/services/league.service.ts(341,28): error TS2339: Property 'teams' does not exist on type 'never'.
src/lib/services/league.service.ts(342,41): error TS7006: Parameter 'sum' implicitly has an 'any' type.
src/lib/services/league.service.ts(342,46): error TS7006: Parameter 'team' implicitly has an 'any' type.
src/lib/services/league.service.ts(343,44): error TS7006: Parameter 'sum' implicitly has an 'any' type.
src/lib/services/league.service.ts(343,49): error TS7006: Parameter 'team' implicitly has an 'any' type.
src/lib/services/league.service.ts(344,58): error TS7006: Parameter 'm' implicitly has an 'any' type.
src/lib/services/league.service.ts(358,36): error TS7006: Parameter 't' implicitly has an 'any' type.
src/lib/services/league.service.ts(368,36): error TS7006: Parameter 't' implicitly has an 'any' type.
src/lib/services/league.service.ts(375,9): error TS2698: Spread types may only be created from object types.
src/lib/services/league.service.ts(515,44): error TS2339: Property 'captain_id' does not exist on type 'never'.
src/lib/services/league.service.ts(522,36): error TS2339: Property 'team_members' does not exist on type 'never'.
src/lib/services/league.service.ts(522,57): error TS7006: Parameter 'm' implicitly has an 'any' type.
src/lib/services/league.service.ts(523,47): error TS2339: Property 'id' does not exist on type 'never'.
src/lib/services/league.service.ts(523,59): error TS2339: Property 'captain_id' does not exist on type 'never'.
src/lib/services/league.service.ts(529,24): error TS2339: Property 'id' does not exist on type 'never'.
src/lib/services/league.service.ts(530,26): error TS2339: Property 'name' does not exist on type 'never'.
src/lib/services/league.service.ts(532,28): error TS2339: Property 'max_players' does not exist on type 'never'.
src/lib/services/league.service.ts(533,45): error TS2339: Property 'max_players' does not exist on type 'never'.
src/lib/services/league.service.ts(534,30): error TS2339: Property 'is_recruiting' does not exist on type 'never'.
src/lib/services/league.service.ts(537,27): error TS2339: Property 'display_name' does not exist on type 'never'.
src/lib/services/league.service.ts(538,25): error TS2339: Property 'id' does not exist on type 'never'.
src/lib/services/league.service.ts(596,37): error TS2339: Property 'team' does not exist on type 'never'.
src/lib/services/league.service.ts(614,34): error TS2339: Property 'team_id' does not exist on type 'never'.
src/lib/services/league.service.ts(615,36): error TS2339: Property 'team' does not exist on type 'never'.
src/lib/services/league.service.ts(616,36): error TS2339: Property 'position' does not exist on type 'never'.
src/lib/services/league.service.ts(617,40): error TS2339: Property 'jersey_number' does not exist on type 'never'.
src/lib/services/league.service.ts(618,36): error TS2339: Property 'joined_at' does not exist on type 'never'.
src/lib/services/league.service.ts(660,41): error TS2339: Property 'id' does not exist on type 'never'.
src/lib/services/league.service.ts(689,36): error TS2339: Property 'team_members' does not exist on type 'never'.
src/lib/services/league.service.ts(689,57): error TS7006: Parameter 'member' implicitly has an 'any' type.
src/lib/services/league.service.ts(690,33): error TS2339: Property 'max_players' does not exist on type 'never'.
src/lib/services/league.service.ts(798,9): error TS2769: No overload matches this call.
  The last overload gave the following error.
    Argument of type '"postgres_changes"' is not assignable to parameter of type '"system"'.
src/lib/services/league.service.ts(852,17): error TS2345: Argument of type 'any' is not assignable to parameter of type 'never'.
src/lib/services/league.service.ts(930,32): error TS2339: Property 'teams' does not exist on type 'never'.
src/lib/services/league.service.ts(931,70): error TS2339: Property 'id' does not exist on type 'never'.
src/lib/services/league.service.ts(932,76): error TS2339: Property 'id' does not exist on type 'never'.
src/lib/services/league.service.ts(935,13): error TS2698: Spread types may only be created from object types.
src/lib/services/league.service.ts(996,11): error TS2322: Type '{ total: number; totalPages: number; page?: number | undefined; limit?: number | undefined; hasNext?: boolean | undefined; hasPrevious?: boolean | undefined; }' is not assignable to type '{ page: number; limit: number; total: number; totalPages: number; hasNext: boolean; hasPrevious: boolean; }'.
  Types of property 'page' are incompatible.
    Type 'number | undefined' is not assignable to type 'number'.
      Type 'undefined' is not assignable to type 'number'.
src/lib/services/league.service.ts(1054,35): error TS2339: Property 'teams' does not exist on type 'never'.
src/lib/services/league.service.ts(1055,40): error TS2339: Property 'registration_deadline' does not exist on type 'never'.
src/lib/services/league.service.ts(1055,71): error TS2339: Property 'registration_deadline' does not exist on type 'never'.
src/lib/services/league.service.ts(1056,35): error TS2339: Property 'max_teams' does not exist on type 'never'.
src/lib/services/league.service.ts(1056,70): error TS2339: Property 'max_teams' does not exist on type 'never'.
src/lib/services/league.service.ts(1058,29): error TS2339: Property 'is_public' does not exist on type 'never'.
src/lib/services/league.service.ts(1061,19): error TS2339: Property 'is_public' does not exist on type 'never'.
src/lib/services/league.service.ts(1070,30): error TS2339: Property 'is_public' does not exist on type 'never'.
src/lib/services/league.service.ts(1073,42): error TS2339: Property 'registration_deadline' does not exist on type 'never'.
src/lib/services/league.service.ts(1075,30): error TS2339: Property 'max_teams' does not exist on type 'never'.
src/lib/services/league.service.ts(1117,45): error TS2339: Property 'id' does not exist on type 'never'.
src/lib/services/league.service.ts(1124,55): error TS2339: Property 'is_public' does not exist on type 'never'.
src/lib/services/league.service.ts(1125,54): error TS2339: Property 'featured' does not exist on type 'never'.
src/lib/services/league.service.ts(1127,11): error TS2339: Property 'is_public' does not exist on type 'never'.
src/lib/services/league.service.ts(1127,28): error TS2339: Property 'registration_deadline' does not exist on type 'never'.
src/lib/services/league.service.ts(1127,55): error TS2339: Property 'registration_deadline' does not exist on type 'never'.
src/lib/services/match.service.ts(215,46): error TS2339: Property 'team_id' does not exist on type 'never'.
src/lib/services/match.service.ts(266,35): error TS2339: Property 'id' does not exist on type 'never'.
src/lib/services/match.service.ts(280,34): error TS2339: Property 'home_team_id' does not exist on type 'never'.
src/lib/services/match.service.ts(291,34): error TS2339: Property 'away_team_id' does not exist on type 'never'.
src/lib/services/match.service.ts(300,70): error TS2339: Property 'id' does not exist on type 'never'.
src/lib/services/match.service.ts(304,13): error TS2698: Spread types may only be created from object types.
src/lib/services/match.service.ts(305,29): error TS2339: Property 'home_team' does not exist on type 'never'.
src/lib/services/match.service.ts(306,29): error TS2339: Property 'away_team' does not exist on type 'never'.
src/lib/services/match.service.ts(307,27): error TS2339: Property 'league' does not exist on type 'never'.
src/lib/services/match.service.ts(309,61): error TS2339: Property 'user_profiles' does not exist on type 'never'.
src/lib/services/match.service.ts(310,61): error TS2339: Property 'user_profiles' does not exist on type 'never'.
src/lib/services/match.service.ts(401,32): error TS2339: Property 'home_team_id' does not exist on type 'never'.
src/lib/services/match.service.ts(411,32): error TS2339: Property 'away_team_id' does not exist on type 'never'.
src/lib/services/match.service.ts(431,9): error TS2698: Spread types may only be created from object types.
src/lib/services/match.service.ts(432,25): error TS2339: Property 'home_team' does not exist on type 'never'.
src/lib/services/match.service.ts(433,25): error TS2339: Property 'away_team' does not exist on type 'never'.
src/lib/services/match.service.ts(434,23): error TS2339: Property 'league' does not exist on type 'never'.
src/lib/services/match.service.ts(435,23): error TS2339: Property 'match_events' does not exist on type 'never'.
src/lib/services/match.service.ts(436,62): error TS2339: Property 'user_profiles' does not exist on type 'never'.
src/lib/services/match.service.ts(437,62): error TS2339: Property 'user_profiles' does not exist on type 'never'.
src/lib/services/match.service.ts(448,47): error TS2339: Property 'status' does not exist on type 'never'.
src/lib/services/match.service.ts(679,23): error TS2339: Property 'event_type' does not exist on type 'never'.
src/lib/services/match.service.ts(718,26): error TS2339: Property 'display_name' does not exist on type 'never'.
src/lib/services/match.service.ts(750,34): error TS2339: Property 'team_id' does not exist on type 'never'.
src/lib/services/match.service.ts(753,25): error TS2339: Property 'event_type' does not exist on type 'never'.
src/lib/services/match.service.ts(753,56): error TS2339: Property 'event_type' does not exist on type 'never'.
src/lib/services/match.service.ts(756,19): error TS2339: Property 'player_id' does not exist on type 'never'.
src/lib/services/match.service.ts(757,34): error TS2339: Property 'player_id' does not exist on type 'never'.
src/lib/services/match.service.ts(758,31): error TS2339: Property 'player_id' does not exist on type 'never'.
src/lib/services/match.service.ts(760,29): error TS2339: Property 'player_id' does not exist on type 'never'.
src/lib/services/match.service.ts(760,46): error TS2339: Property 'event_type' does not exist on type 'never'.
src/lib/services/match.service.ts(761,32): error TS2339: Property 'player_id' does not exist on type 'never'.
src/lib/services/match.service.ts(761,49): error TS2339: Property 'event_type' does not exist on type 'never'.
src/lib/services/match.service.ts(801,25): error TS2339: Property 'match_duration' does not exist on type 'never'.
src/lib/services/match.service.ts(905,9): error TS2769: No overload matches this call.
  The last overload gave the following error.
    Argument of type '"postgres_changes"' is not assignable to parameter of type '"system"'.
src/lib/services/player.service.ts(165,9): error TS2698: Spread types may only be created from object types.
src/lib/services/player.service.ts(167,20): error TS2339: Property 'team' does not exist on type 'never'.
src/lib/services/player.service.ts(171,27): error TS2339: Property 'achievement' does not exist on type 'never'.
src/lib/services/player.service.ts(206,17): error TS2345: Argument of type '{ updated_at: string; id?: string | undefined; full_name?: string | null | undefined; display_name?: string | null | undefined; avatar_url?: string | null | undefined; bio?: string | null | undefined; phone?: string | null | undefined; date_of_birth?: string | null | undefined; preferred_position?: string | null | u...' is not assignable to parameter of type 'never'.
src/lib/services/player.service.ts(285,53): error TS2345: Argument of type '{ player_id: string; stat_column: string; }' is not assignable to parameter of type 'undefined'.
src/lib/services/player.service.ts(289,53): error TS2345: Argument of type '{ player_id: string; stat_column: string; }' is not assignable to parameter of type 'undefined'.
src/lib/services/player.service.ts(293,53): error TS2345: Argument of type '{ player_id: string; stat_column: string; }' is not assignable to parameter of type 'undefined'.
src/lib/services/player.service.ts(301,33): error TS2339: Property 'data' does not exist on type 'never'.
src/lib/services/player.service.ts(302,34): error TS2339: Property 'data' does not exist on type 'never'.
src/lib/services/player.service.ts(303,56): error TS2339: Property 'data' does not exist on type 'never'.
src/lib/services/player.service.ts(303,84): error TS2339: Property 'data' does not exist on type 'never'.
src/lib/services/player.service.ts(306,35): error TS2339: Property 'data' does not exist on type 'never'.
src/lib/services/player.service.ts(307,36): error TS2339: Property 'data' does not exist on type 'never'.
src/lib/services/player.service.ts(308,58): error TS2339: Property 'data' does not exist on type 'never'.
src/lib/services/player.service.ts(308,88): error TS2339: Property 'data' does not exist on type 'never'.
src/lib/services/player.service.ts(311,35): error TS2339: Property 'data' does not exist on type 'never'.
src/lib/services/player.service.ts(312,36): error TS2339: Property 'data' does not exist on type 'never'.
src/lib/services/player.service.ts(313,58): error TS2339: Property 'data' does not exist on type 'never'.
src/lib/services/player.service.ts(313,88): error TS2339: Property 'data' does not exist on type 'never'.
src/lib/services/player.service.ts(380,45): error TS2339: Property 'user_achievements' does not exist on type 'never'.
src/lib/services/player.service.ts(387,44): error TS2339: Property 'requirements' does not exist on type 'never'.
src/lib/services/player.service.ts(524,10): error TS2769: No overload matches this call.
  Overload 1 of 2, '(values: never, options?: { count?: "exact" | "planned" | "estimated" | undefined; } | undefined): PostgrestFilterBuilder<{ PostgrestVersion: "12"; }, never, never, null, "team_join_requests", never, "POST">', gave the following error.
    Argument of type '{ user_id: string; team_id: string; message: string | undefined; preferred_position: string | undefined; requested_jersey_number: number | undefined; status: string; expires_at: string; }' is not assignable to parameter of type 'never'.
  Overload 2 of 2, '(values: never[], options?: { count?: "exact" | "planned" | "estimated" | undefined; defaultToNull?: boolean | undefined; } | undefined): PostgrestFilterBuilder<{ PostgrestVersion: "12"; }, never, never, null, "team_join_requests", never, "POST">', gave the following error.
    Object literal may only specify known properties, and 'user_id' does not exist in type 'never[]'.
src/lib/services/player.service.ts(556,17): error TS2345: Argument of type '{ status: string; }' is not assignable to parameter of type 'never'.
src/lib/services/player.service.ts(651,9): error TS2769: No overload matches this call.
  The last overload gave the following error.
    Argument of type '"postgres_changes"' is not assignable to parameter of type '"system"'.
src/lib/services/season.service.ts(1,10): error TS2459: Module '"@/lib/supabase/client"' declares 'createClient' locally, but it is not exported.
src/lib/services/season.service.ts(413,51): error TS7006: Parameter 'r' implicitly has an 'any' type.
src/lib/services/stats.service.ts(315,15): error TS2698: Spread types may only be created from object types.
src/lib/services/stats.service.ts(316,28): error TS2339: Property 'team' does not exist on type 'never'.
src/lib/services/stats.service.ts(317,31): error TS2339: Property 'team' does not exist on type 'never'.
src/lib/services/stats.service.ts(317,56): error TS2339: Property 'team' does not exist on type 'never'.
src/lib/services/stats.service.ts(370,9): error TS2322: Type 'null' is not assignable to type 'string | undefined'.
src/lib/services/stats.service.ts(374,9): error TS2739: Type '{ [key: string]: PerformanceTrend[]; }' is missing the following properties from type '{ goals: PerformanceTrend[]; assists: PerformanceTrend[]; overall: PerformanceTrend[]; }': goals, assists, overall
src/lib/services/stats.service.ts(435,37): error TS2345: Argument of type '{ stat_type: "matches" | "goals" | "assists" | "performance"; sport_type_filter: SportType | null; league_type_filter: LeagueType | null; season_year_filter: number; min_games_filter: number; position_filter: string | null; limit_count: number; offset_count: number; }' is not assignable to parameter of type 'undefined'.
src/lib/services/stats.service.ts(448,64): error TS2339: Property 'map' does not exist on type 'never'.
src/lib/services/stats.service.ts(448,69): error TS7006: Parameter 'entry' implicitly has an 'any' type.
src/lib/services/stats.service.ts(448,76): error TS7006: Parameter 'index' implicitly has an 'any' type.
src/lib/services/stats.service.ts(537,68): error TS2339: Property 'league_id' does not exist on type 'never'.
src/lib/services/stats.service.ts(541,32): error TS2339: Property 'games_played' does not exist on type 'never'.
src/lib/services/stats.service.ts(541,57): error TS2339: Property 'goals' does not exist on type 'never'.
src/lib/services/stats.service.ts(541,76): error TS2339: Property 'games_played' does not exist on type 'never'.
src/lib/services/stats.service.ts(542,34): error TS2339: Property 'games_played' does not exist on type 'never'.
src/lib/services/stats.service.ts(542,59): error TS2339: Property 'assists' does not exist on type 'never'.
src/lib/services/stats.service.ts(542,80): error TS2339: Property 'games_played' does not exist on type 'never'.
src/lib/services/stats.service.ts(548,70): error TS2339: Property 'league' does not exist on type 'never'.
src/lib/services/stats.service.ts(551,26): error TS2339: Property 'league' does not exist on type 'never'.
src/lib/services/stats.service.ts(568,29): error TS2339: Property 'display_name' does not exist on type 'never'.
src/lib/services/stats.service.ts(616,38): error TS2345: Argument of type '{ league_id: string; season_year: number; }' is not assignable to parameter of type 'undefined'.
src/lib/services/stats.service.ts(637,28): error TS2339: Property 'name' does not exist on type 'never'.
src/lib/services/stats.service.ts(638,27): error TS2339: Property 'sport_type' does not exist on type 'never'.
src/lib/services/stats.service.ts(639,36): error TS2339: Property 'total_players' does not exist on type 'never'.
src/lib/services/stats.service.ts(640,34): error TS2339: Property 'total_teams' does not exist on type 'never'.
src/lib/services/stats.service.ts(641,36): error TS2339: Property 'total_matches' does not exist on type 'never'.
src/lib/services/stats.service.ts(642,43): error TS2339: Property 'average_goals_per_game' does not exist on type 'never'.
src/lib/services/stats.service.ts(644,31): error TS2339: Property 'competitiveness_score' does not exist on type 'never'.
src/lib/services/stats.service.ts(645,72): error TS2339: Property 'competitiveness_score' does not exist on type 'never'.
src/lib/services/stats.service.ts(763,46): error TS2345: Argument of type '{ player_id: string; season_year: number; period_type: "monthly" | "weekly" | "quarterly"; stat_types: ("matches" | "goals" | "assists" | "performance")[]; }' is not assignable to parameter of type 'undefined'.
src/lib/services/stats.service.ts(783,40): error TS2339: Property 'filter' does not exist on type 'never'.
src/lib/services/stats.service.ts(933,40): error TS2345: Argument of type '{ player_id: string; league_id: string; season_year: number; }' is not assignable to parameter of type 'undefined'.
src/lib/services/stats.service.ts(961,44): error TS2339: Property 'games_started' does not exist on type '{ id: string; player_id: string; league_id: string; team_id: string; games_played: number | null; goals: number | null; assists: number | null; yellow_cards: number | null; red_cards: number | null; minutes_played: number | null; additional_stats: any; updated_at: string; }'.
src/lib/services/stats.service.ts(961,67): error TS2339: Property 'games_started' does not exist on type '{ id: string; player_id: string; league_id: string; team_id: string; games_played: number | null; goals: number | null; assists: number | null; yellow_cards: number | null; red_cards: number | null; minutes_played: number | null; additional_stats: any; updated_at: string; }'.
src/lib/services/stats.service.ts(970,9): error TS18047: 'stats.games_played' is possibly 'null'.
src/lib/services/stats.service.ts(1060,28): error TS2339: Property 'player_id' does not exist on type 'never'.
src/lib/services/stats.service.ts(1061,31): error TS2339: Property 'display_name' does not exist on type 'never'.
src/lib/services/stats.service.ts(1062,29): error TS2339: Property 'avatar_url' does not exist on type 'never'.
src/lib/services/stats.service.ts(1064,29): error TS2339: Property 'goals' does not exist on type 'never'.
src/lib/services/stats.service.ts(1068,28): error TS2339: Property 'player_id' does not exist on type 'never'.
src/lib/services/stats.service.ts(1069,31): error TS2339: Property 'display_name' does not exist on type 'never'.
src/lib/services/stats.service.ts(1070,29): error TS2339: Property 'avatar_url' does not exist on type 'never'.
src/lib/services/stats.service.ts(1072,29): error TS2339: Property 'assists' does not exist on type 'never'.
src/lib/services/stats.service.ts(1076,28): error TS2339: Property 'player_id' does not exist on type 'never'.
src/lib/services/stats.service.ts(1077,31): error TS2339: Property 'display_name' does not exist on type 'never'.
src/lib/services/stats.service.ts(1078,29): error TS2339: Property 'avatar_url' does not exist on type 'never'.
src/lib/services/stats.service.ts(1080,29): error TS2339: Property 'goals' does not exist on type 'never'.
src/lib/services/stats.service.ts(1080,44): error TS2339: Property 'assists' does not exist on type 'never'.
src/lib/services/stats.service.ts(1126,74): error TS2339: Property 'games_played' does not exist on type 'never'.
src/lib/services/stats.service.ts(1133,53): error TS2339: Property 'points' does not exist on type 'never'.
src/lib/services/stats.service.ts(1203,9): error TS2769: No overload matches this call.
  The last overload gave the following error.
    Argument of type '"postgres_changes"' is not assignable to parameter of type '"system"'.
src/lib/services/team.service.ts(192,9): error TS2322: Type 'string | undefined' is not assignable to type 'string'.
  Type 'undefined' is not assignable to type 'string'.
src/lib/services/team.service.ts(204,17): error TS2769: No overload matches this call.
  Overload 1 of 2, '(values: never, options?: { count?: "exact" | "planned" | "estimated" | undefined; } | undefined): PostgrestFilterBuilder<{ PostgrestVersion: "12"; }, never, never, null, "teams", never, "POST">', gave the following error.
    Argument of type '{ id?: string | undefined; league_id: string; name: string; logo_url?: string | null | undefined; team_color?: string | null | undefined; captain_id?: string | null | undefined; max_players?: number | ... 1 more ... | undefined; ... 6 more ...; updated_at?: string | undefined; }' is not assignable to parameter of type 'never'.
  Overload 2 of 2, '(values: never[], options?: { count?: "exact" | "planned" | "estimated" | undefined; defaultToNull?: boolean | undefined; } | undefined): PostgrestFilterBuilder<{ PostgrestVersion: "12"; }, never, never, null, "teams", never, "POST">', gave the following error.
    Argument of type '{ id?: string | undefined; league_id: string; name: string; logo_url?: string | null | undefined; team_color?: string | null | undefined; captain_id?: string | null | undefined; max_players?: number | ... 1 more ... | undefined; ... 6 more ...; updated_at?: string | undefined; }' is not assignable to parameter of type 'never[]'.
      Type '{ id?: string | undefined; league_id: string; name: string; logo_url?: string | null | undefined; team_color?: string | null | undefined; captain_id?: string | null | undefined; max_players?: number | ... 1 more ... | undefined; ... 6 more ...; updated_at?: string | undefined; }' is missing the following properties from type 'never[]': length, pop, push, concat, and 35 more.
src/lib/services/team.service.ts(215,14): error TS2769: No overload matches this call.
  Overload 1 of 2, '(values: never, options?: { count?: "exact" | "planned" | "estimated" | undefined; } | undefined): PostgrestFilterBuilder<{ PostgrestVersion: "12"; }, never, never, null, "team_members", never, "POST">', gave the following error.
    Argument of type '{ team_id: any; user_id: string; position: string; jersey_number: number; is_active: boolean; }' is not assignable to parameter of type 'never'.
  Overload 2 of 2, '(values: never[], options?: { count?: "exact" | "planned" | "estimated" | undefined; defaultToNull?: boolean | undefined; } | undefined): PostgrestFilterBuilder<{ PostgrestVersion: "12"; }, never, never, null, "team_members", never, "POST">', gave the following error.
    Object literal may only specify known properties, and 'team_id' does not exist in type 'never[]'.
src/lib/services/team.service.ts(216,32): error TS2339: Property 'id' does not exist on type 'never'.
src/lib/services/team.service.ts(228,21): error TS2345: Argument of type '{ captain_id: string; }' is not assignable to parameter of type 'never'.
src/lib/services/team.service.ts(229,31): error TS2339: Property 'id' does not exist on type 'never'.
src/lib/services/team.service.ts(236,69): error TS2339: Property 'id' does not exist on type 'never'.
src/lib/services/team.service.ts(243,9): error TS2698: Spread types may only be created from object types.
src/lib/services/team.service.ts(319,16): error TS2339: Property 'captain_id' does not exist on type 'never'.
src/lib/services/team.service.ts(323,26): error TS2339: Property 'captain_id' does not exist on type 'never'.
src/lib/services/team.service.ts(339,29): error TS2339: Property 'league_id' does not exist on type 'never'.
src/lib/services/team.service.ts(343,33): error TS2339: Property 'league_id' does not exist on type 'never'.
src/lib/services/team.service.ts(347,26): error TS2532: Object is possibly 'undefined'.
src/lib/services/team.service.ts(347,56): error TS2339: Property 'team_id' does not exist on type 'never'.
src/lib/services/team.service.ts(350,27): error TS2339: Property 'wins' does not exist on type 'never'.
src/lib/services/team.service.ts(351,28): error TS2339: Property 'draws' does not exist on type 'never'.
src/lib/services/team.service.ts(352,29): error TS2339: Property 'losses' does not exist on type 'never'.
src/lib/services/team.service.ts(353,32): error TS2339: Property 'goals_for' does not exist on type 'never'.
src/lib/services/team.service.ts(354,36): error TS2339: Property 'goals_against' does not exist on type 'never'.
src/lib/services/team.service.ts(355,29): error TS2339: Property 'points' does not exist on type 'never'.
src/lib/services/team.service.ts(362,27): error TS2339: Property 'wins' does not exist on type 'never'.
src/lib/services/team.service.ts(363,28): error TS2339: Property 'draws' does not exist on type 'never'.
src/lib/services/team.service.ts(364,29): error TS2339: Property 'losses' does not exist on type 'never'.
src/lib/services/team.service.ts(365,32): error TS2339: Property 'goals_for' does not exist on type 'never'.
src/lib/services/team.service.ts(366,36): error TS2339: Property 'goals_against' does not exist on type 'never'.
src/lib/services/team.service.ts(367,29): error TS2339: Property 'points' does not exist on type 'never'.
src/lib/services/team.service.ts(373,34): error TS2339: Property 'team_members' does not exist on type 'never'.
src/lib/services/team.service.ts(375,9): error TS2698: Spread types may only be created from object types.
src/lib/services/team.service.ts(376,22): error TS2339: Property 'league' does not exist on type 'never'.
src/lib/services/team.service.ts(380,43): error TS2339: Property 'max_players' does not exist on type 'never'.
src/lib/services/team.service.ts(382,27): error TS2339: Property 'league_id' does not exist on type 'never'.
src/lib/services/team.service.ts(383,34): error TS2339: Property 'previous_league_name' does not exist on type 'never'.
src/lib/services/team.service.ts(438,66): error TS2339: Property 'team_id' does not exist on type 'never'.
src/lib/services/team.service.ts(477,16): error TS2339: Property 'captain_id' does not exist on type 'never'.
src/lib/services/team.service.ts(492,17): error TS2345: Argument of type '{ updated_at: string; id?: string; league_id?: string; name?: string; logo_url?: string | null; team_color?: string | null; captain_id?: string | null; max_players?: number | null; min_players?: number | null; ... 4 more ...; created_at?: string; }' is not assignable to parameter of type 'never'.
src/lib/services/team.service.ts(605,60): error TS2339: Property 'id' does not exist on type 'never'.
src/lib/services/team.service.ts(661,9): error TS2769: No overload matches this call.
  The last overload gave the following error.
    Argument of type '"postgres_changes"' is not assignable to parameter of type '"system"'.
src/lib/services/team.service.ts(723,60): error TS2339: Property 'id' does not exist on type 'never'.
src/lib/services/team.service.ts(781,16): error TS2339: Property 'captain_id' does not exist on type 'never'.
src/lib/services/team.service.ts(821,26): error TS2339: Property 'name' does not exist on type 'never'.
src/lib/services/team.service.ts(844,17): error TS2345: Argument of type '{ league_id: string; previous_league_name: null; is_archived: boolean; updated_at: string; }' is not assignable to parameter of type 'never'.
src/lib/services/team.service.ts(900,16): error TS2339: Property 'captain_id' does not exist on type 'never'.
src/lib/services/team.service.ts(915,17): error TS2345: Argument of type '{ is_archived: boolean; is_recruiting: boolean; updated_at: string; }' is not assignable to parameter of type 'never'.
src/lib/services/user.service.ts(29,19): error TS2345: Argument of type 'string' is not assignable to parameter of type '("id" extends keyof (Omit<Database, "__InternalSupabase">[("public" extends Exclude<keyof Database, "__InternalSupabase"> ? "public" : string & Exclude<...>) extends "public" ? "public" & ("public" extends Exclude<...> ? "public" : string & Exclude<...>) : "public"] extends GenericSchema ? Omit<...>[("public" extend...'.
src/lib/services/user.service.ts(58,9): error TS2322: Type 'SelectQueryError<"Invalid Relationships cannot infer result type"> | SelectQueryError<"Processing node failed."> | SelectQueryError<"Could not retrieve a valid record or error value">' is not assignable to type '{ id: string; full_name: string | null; display_name: string | null; avatar_url: string | null; bio: string | null; phone: string | null; date_of_birth: string | null; preferred_position: string | null; location: string | null; role: "captain" | ... 3 more ... | "app_admin"; created_at: string; updated_at: string; }...'.
  Type 'SelectQueryError<"Invalid Relationships cannot infer result type">' is not assignable to type '{ id: string; full_name: string | null; display_name: string | null; avatar_url: string | null; bio: string | null; phone: string | null; date_of_birth: string | null; preferred_position: string | null; location: string | null; role: "captain" | ... 3 more ... | "app_admin"; created_at: string; updated_at: string; }...'.
src/lib/services/user.service.ts(82,17): error TS2345: Argument of type '{ updated_at: string; id?: string; full_name?: string | null; display_name?: string | null; avatar_url?: string | null; bio?: string | null; phone?: string | null; date_of_birth?: string | null; preferred_position?: string | null; location?: string | null; role?: "player" | "captain" | "admin" | "league_admin" | "ap...' is not assignable to parameter of type '(Omit<Database, "__InternalSupabase">[("public" extends Exclude<keyof Database, "__InternalSupabase"> ? "public" : string & Exclude<keyof Database, "__InternalSupabase">) extends "public" ? "public" & ("public" extends Exclude<...> ? "public" : string & Exclude<...>) : "public"] extends GenericSchema ? Omit<...>[("p...'.
src/lib/services/user.service.ts(86,19): error TS2345: Argument of type 'string' is not assignable to parameter of type '("id" extends keyof (Omit<Database, "__InternalSupabase">[("public" extends Exclude<keyof Database, "__InternalSupabase"> ? "public" : string & Exclude<...>) extends "public" ? "public" & ("public" extends Exclude<...> ? "public" : string & Exclude<...>) : "public"] extends GenericSchema ? Omit<...>[("public" extend...'.
src/lib/services/user.service.ts(103,9): error TS2322: Type 'SelectQueryError<"Invalid Relationships cannot infer result type"> | SelectQueryError<"Processing node failed."> | SelectQueryError<"Could not retrieve a valid record or error value">' is not assignable to type '{ id: string; full_name: string | null; display_name: string | null; avatar_url: string | null; bio: string | null; phone: string | null; date_of_birth: string | null; preferred_position: string | null; location: string | null; role: "captain" | ... 3 more ... | "app_admin"; created_at: string; updated_at: string; }...'.
  Type 'SelectQueryError<"Invalid Relationships cannot infer result type">' is not assignable to type '{ id: string; full_name: string | null; display_name: string | null; avatar_url: string | null; bio: string | null; phone: string | null; date_of_birth: string | null; preferred_position: string | null; location: string | null; role: "captain" | ... 3 more ... | "app_admin"; created_at: string; updated_at: string; }...'.
src/lib/services/user.service.ts(134,10): error TS2769: No overload matches this call.
  Overload 1 of 2, '(values: (Omit<Database, "__InternalSupabase">[("public" extends Exclude<keyof Database, "__InternalSupabase"> ? "public" : string & Exclude<keyof Database, "__InternalSupabase">) extends "public" ? "public" & ("public" extends Exclude<...> ? "public" : string & Exclude<...>) : "public"] extends GenericSchema ? Omit<...>[("public" extends Exclude<...> ? "public" : string & Exclude<...>) extends "public" ? "public" & ("public" extends Exclude<...> ? "public" : string & Exclude<...>) : "public"] : never)["Tables"]["user_profiles"] extends { ...; } ? (Omit<...>[("public" extends Exclude<...> ? "public" : string & Exclude<...>) extends "public" ? "public" & ("public" extends Exclude<...> ? "public" : string & Exclude<...>) : "public"] extends GenericSchema ? Omit<...>[("public" extends Exclude<...> ? "public" : string & Exclude<...>) extends "public" ? "public" & ("public" extends Exclude<...> ? "public" : string & Exclude<...>) : "public"] : never)["Tables"]["user_profiles"]["Insert"] : never, options?: { ...; } | undefined): PostgrestFilterBuilder<...>', gave the following error.
    Argument of type '{ id: string; display_name: string; preferred_position: string | undefined; location: string | undefined; bio: string | undefined; date_of_birth: string | undefined; created_at: string; updated_at: string; }' is not assignable to parameter of type '(Omit<Database, "__InternalSupabase">[("public" extends Exclude<keyof Database, "__InternalSupabase"> ? "public" : string & Exclude<keyof Database, "__InternalSupabase">) extends "public" ? "public" & ("public" extends Exclude<...> ? "public" : string & Exclude<...>) : "public"] extends GenericSchema ? Omit<...>[("p...'.
  Overload 2 of 2, '(values: ((Omit<Database, "__InternalSupabase">[("public" extends Exclude<keyof Database, "__InternalSupabase"> ? "public" : string & Exclude<keyof Database, "__InternalSupabase">) extends "public" ? "public" & ("public" extends Exclude<...> ? "public" : string & Exclude<...>) : "public"] extends GenericSchema ? Omit<...>[("public" extends Exclude<...> ? "public" : string & Exclude<...>) extends "public" ? "public" & ("public" extends Exclude<...> ? "public" : string & Exclude<...>) : "public"] : never)["Tables"]["user_profiles"] extends { ...; } ? (Omit<...>[("public" extends Exclude<...> ? "public" : string & Exclude<...>) extends "public" ? "public" & ("public" extends Exclude<...> ? "public" : string & Exclude<...>) : "public"] extends GenericSchema ? Omit<...>[("public" extends Exclude<...> ? "public" : string & Exclude<...>) extends "public" ? "public" & ("public" extends Exclude<...> ? "public" : string & Exclude<...>) : "public"] : never)["Tables"]["user_profiles"]["Insert"] : never)[], options?: { ...; } | undefined): PostgrestFilterBuilder<...>', gave the following error.
    Object literal may only specify known properties, and 'id' does not exist in type '((Omit<Database, "__InternalSupabase">[("public" extends Exclude<keyof Database, "__InternalSupabase"> ? "public" : string & Exclude<keyof Database, "__InternalSupabase">) extends "public" ? "public" & ("public" extends Exclude<...> ? "public" : string & Exclude<...>) : "public"] extends GenericSchema ? Omit<...>[("...'.
src/lib/services/user.service.ts(160,9): error TS2322: Type 'SelectQueryError<"Invalid Relationships cannot infer result type"> | SelectQueryError<"Processing node failed."> | SelectQueryError<"Could not retrieve a valid record or error value">' is not assignable to type '{ id: string; full_name: string | null; display_name: string | null; avatar_url: string | null; bio: string | null; phone: string | null; date_of_birth: string | null; preferred_position: string | null; location: string | null; role: "captain" | ... 3 more ... | "app_admin"; created_at: string; updated_at: string; }...'.
  Type 'SelectQueryError<"Invalid Relationships cannot infer result type">' is not assignable to type '{ id: string; full_name: string | null; display_name: string | null; avatar_url: string | null; bio: string | null; phone: string | null; date_of_birth: string | null; preferred_position: string | null; location: string | null; role: "captain" | ... 3 more ... | "app_admin"; created_at: string; updated_at: string; }...'.
src/lib/services/user.service.ts(186,19): error TS2345: Argument of type 'string' is not assignable to parameter of type '("id" extends keyof (Omit<Database, "__InternalSupabase">[("public" extends Exclude<keyof Database, "__InternalSupabase"> ? "public" : string & Exclude<...>) extends "public" ? "public" & ("public" extends Exclude<...> ? "public" : string & Exclude<...>) : "public"] extends GenericSchema ? Omit<...>[("public" extend...'.
src/lib/supabase/client.ts(34,7): error TS2769: No overload matches this call.
  Overload 1 of 2, '(supabaseUrl: string, supabaseKey: string, options?: (SupabaseClientOptions<"public"> & { cookies?: CookieMethodsBrowser | undefined; cookieOptions?: CookieOptionsWithName | undefined; cookieEncoding?: "raw" | ... 1 more ... | undefined; isSingleton?: boolean | undefined; }) | undefined): SupabaseClient<...>', gave the following error.
    Object literal may only specify known properties, and 'lifetime' does not exist in type 'CookieOptionsWithName'.
  Overload 2 of 2, '(supabaseUrl: string, supabaseKey: string, options?: (SupabaseClientOptions<"public"> & { cookies: CookieMethodsBrowserDeprecated; cookieOptions?: CookieOptionsWithName | undefined; cookieEncoding?: "raw" | ... 1 more ... | undefined; isSingleton?: boolean | undefined; }) | undefined): SupabaseClient<...>', gave the following error.
    Object literal may only specify known properties, and 'lifetime' does not exist in type 'CookieOptionsWithName'.
src/lib/types/database.types.ts(767,3): error TS2687: All declarations of 'events' must have identical modifiers.
src/lib/types/database.types.ts(1061,3): error TS2687: All declarations of 'events' must have identical modifiers.
src/lib/types/database.types.ts(1061,3): error TS2717: Subsequent property declarations must have the same type.  Property 'events' must be of type '{ id: string; match_id: string; team_id: string | null; player_id: string | null; event_type: string; event_time: number | null; description: string | null; created_at: string; }[] | undefined', but here has type '{ id: string; match_id: string; team_id: string | null; player_id: string | null; event_type: string; event_time: number | null; description: string | null; created_at: string; }[]'.
src/lib/types/database.types.ts(1259,3): error TS2717: Subsequent property declarations must have the same type.  Property 'requested_by_user' must be of type '{ email: string; user_profiles?: { display_name?: string | undefined; full_name?: string | undefined; } | undefined; }', but here has type '{ email: string; full_name?: string | undefined; display_name?: string | undefined; }'.
ELIFECYCLE Command failed with exit code 1.
